[]  Dendrochronology Program Library                                        Run CHSTA  Program COF  11:19  Fri 14 Sep 2012  Page   1
[]
[]  P R O G R A M      C O F E C H A                                                                          Version 6.06P    28383
------------------------------------------------------------------------------------------------------------------------------------

 QUALITY CONTROL AND DATING CHECK OF TREE-RING MEASUREMENTS

 Title of run:           chSTATS                                 

 File of DATED series:   ch.rwl

 CONTENTS:

    Part 1:  Title page, options selected, summary, absent rings by series
    Part 2:  Histogram of time spans
    Part 3:  Master series with sample depth and absent rings by year
    Part 4:  Bar plot of Master Dating Series
    Part 5:  Correlation by segment of each series with Master
    Part 6:  Potential problems: low correlation, divergent year-to-year changes, absent rings, outliers
    Part 7:  Descriptive statistics

 RUN CONTROL OPTIONS SELECTED                             VALUE

         1  Cubic smoothing spline 50% wavelength cutoff for filtering
                                                            32 years
         2  Segments examined are                           50 years lagged successively by  25 years
         3  Autoregressive model applied                     A  Residuals are used in master dating series and testing
         4  Series transformed to logarithms                 Y  Each series log-transformed for master dating series and testing
         5  CORRELATION is Pearson (parametric, quantitative)
            Critical correlation, 99% confidence level   .3281
         6  Master dating series saved                       N
         7  Ring measurements listed                         N
         8  Parts printed                              1234567 
         9  Absent rings are omitted from master series and segment correlations  (Y)

 Time span of Master dating series is  1881 to  1993   113 years
 Continuous time span is               1881 to  1993   113 years
 Portion with two or more series is    1894 to  1993   100 years


                                        ****************************************
                                        *C* Number of dated series        41 *C*
                                        *O* Master series 1881 1993  113 yrs *O*
                                        *F* Total rings in all series   2841 *F*
                                        *E* Total dated rings checked   2828 *E*
                                        *C* Series intercorrelation     .569 *C*
                                        *H* Average mean sensitivity    .186 *H*
                                        *A* Segments, possible problems    3 *A*
                                        *** Mean length of series       69.3 ***
                                        ****************************************

 ABSENT RINGS listed by SERIES:            (See Master Dating Series for absent rings listed by year)

               No ring measurements of zero value
PART 2:  TIME PLOT OF TREE-RING SERIES: chSTATS                                                    11:19  Fri 14 Sep 2012  Page   2
------------------------------------------------------------------------------------------------------------------------------------
 1050 1100 1150 1200 1250 1300 1350 1400 1450 1500 1550 1600 1650 1700 1750 1800 1850 1900 1950 2000 2050 Ident   Seq Time-span  Yrs
   :    :    :    :    :    :    :    :    :    :    :    :    :    :    :    :    :    :    :    :    : -------- --- ---- ---- ----
   .    .    .    .    .    .    .    .    .    .    .    .    .    .    .    .    .    .   <====>.    . OBH011     1 1947 1992   46
   .    .    .    .    .    .    .    .    .    .    .    .    .    .    .    .    .    . <======>.    . OBH012     2 1920 1993   74
   .    .    .    .    .    .    .    .    .    .    .    .    .    .    .    .    .    . <======>.    . OBH021     3 1923 1993   71
   .    .    .    .    .    .    .    .    .    .    .    .    .    .    .    .    .    .    <===>.    . OBH022     4 1951 1993   43
   .    .    .    .    .    .    .    .    .    .    .    .    .    .    .    .    .    . <======>.    . OBH031     5 1927 1993   67
   .    .    .    .    .    .    .    .    .    .    .    .    .    .    .    .    .    .   <====>.    . OBH032     6 1940 1993   54
   .    .    .    .    .    .    .    .    .    .    .    .    .    .    .    .    .   <=========>.    . OBH051     7 1897 1993   97
   .    .    .    .    .    .    .    .    .    .    .    .    .    .    .    .    .   <=========>.    . OBH052     8 1899 1993   95
   .    .    .    .    .    .    .    .    .    .    .    .    .    .    .    .    .    . <======>.    . OBH061     9 1926 1990   65
   .    .    .    .    .    .    .    .    .    .    .    .    .    .    .    .    .    .<=======>.    . OBH062    10 1918 1993   76
   .    .    .    .    .    .    .    .    .    .    .    .    .    .    .    .    .    .  <=====>.    . OBH071    11 1938 1993   56
   .    .    .    .    .    .    .    .    .    .    .    .    .    .    .    .    .   <=========>.    . OBH072    12 1894 1993  100
   .    .    .    .    .    .    .    .    .    .    .    .    .    .    .    .    .    <========>.    . OBH081    13 1905 1993   89
   .    .    .    .    .    .    .    .    .    .    .    .    .    .    .    .    .    <========>.    . OBH082    14 1905 1993   89
   .    .    .    .    .    .    .    .    .    .    .    .    .    .    .    .    .  <==========>.    . OBH091    15 1881 1993  113
   .    .    .    .    .    .    .    .    .    .    .    .    .    .    .    .    .    .<=======>.    . OBH092    16 1916 1993   78
   .    .    .    .    .    .    .    .    .    .    .    .    .    .    .    .    .    .  <=====>.    . OBH101    17 1931 1993   63
   .    .    .    .    .    .    .    .    .    .    .    .    .    .    .    .    .    . <=====> .    . OBH102    18 1928 1986   59
   .    .    .    .    .    .    .    .    .    .    .    .    .    .    .    .    .    . <======>.    . OBH111    19 1925 1993   69
   .    .    .    .    .    .    .    .    .    .    .    .    .    .    .    .    .    . <======>.    . OBH112    20 1927 1993   67
   .    .    .    .    .    .    .    .    .    .    .    .    .    .    .    .    .    .  <=====>.    . OBH121    21 1937 1993   57
   .    .    .    .    .    .    .    .    .    .    .    .    .    .    .    .    .    .  <=====>.    . OBH122    22 1939 1993   55
   .    .    .    .    .    .    .    .    .    .    .    .    .    .    .    .    .    .<=======>.    . OBH131    23 1910 1993   84
   .    .    .    .    .    .    .    .    .    .    .    .    .    .    .    .    .    .<=======>.    . OBH132    24 1914 1993   80
   .    .    .    .    .    .    .    .    .    .    .    .    .    .    .    .    .    . <======>.    . OBH141    25 1924 1992   69
   .    .    .    .    .    .    .    .    .    .    .    .    .    .    .    .    .    .<=======>.    . OBH142    26 1917 1992   76
   .    .    .    .    .    .    .    .    .    .    .    .    .    .    .    .    .    .   <====>.    . OBH152    27 1942 1993   52
   .    .    .    .    .    .    .    .    .    .    .    .    .    .    .    .    .    .<=======>.    . OBH161    28 1918 1993   76
   .    .    .    .    .    .    .    .    .    .    .    .    .    .    .    .    .    . <======>.    . OBH162    29 1928 1993   66
   .    .    .    .    .    .    .    .    .    .    .    .    .    .    .    .    .    .  <=====>.    . OBH171    30 1938 1993   56
   .    .    .    .    .    .    .    .    .    .    .    .    .    .    .    .    .    .<=======>.    . OBH172    31 1917 1993   77
   .    .    .    .    .    .    .    .    .    .    .    .    .    .    .    .    .    .    .<==>.    . OBH191    32 1961 1993   33
   .    .    .    .    .    .    .    .    .    .    .    .    .    .    .    .    .    .   <====>.    . OBH192    33 1946 1993   48
   .    .    .    .    .    .    .    .    .    .    .    .    .    .    .    .    .    . <======>.    . OBH201    34 1926 1993   68
   .    .    .    .    .    .    .    .    .    .    .    .    .    .    .    .    .    . <======>.    . OBH202    35 1925 1993   69
   .    .    .    .    .    .    .    .    .    .    .    .    .    .    .    .    .    .   <====>.    . OBH211    36 1940 1993   54
   .    .    .    .    .    .    .    .    .    .    .    .    .    .    .    .    .    .   <====>.    . OBH212    37 1940 1993   54
   .    .    .    .    .    .    .    .    .    .    .    .    .    .    .    .    .    . <======>.    . OBH221    38 1926 1993   68
   .    .    .    .    .    .    .    .    .    .    .    .    .    .    .    .    .    .<=======>.    . OBH222    39 1918 1993   76
   .    .    .    .    .    .    .    .    .    .    .    .    .    .    .    .    .    <========>.    . OBH231    40 1908 1993   86
   .    .    .    .    .    .    .    .    .    .    .    .    .    .    .    .    .    . <======>.    . OBH241    41 1928 1993   66
   :    :    :    :    :    :    :    :    :    :    :    :    :    :    :    :    :    :    :    :    :
 1050 1100 1150 1200 1250 1300 1350 1400 1450 1500 1550 1600 1650 1700 1750 1800 1850 1900 1950 2000 2050
PART 3:  Master Dating Series: chSTATS                                                             11:19  Fri 14 Sep 2012  Page   3
------------------------------------------------------------------------------------------------------------------------------------
  Year  Value  No Ab    Year  Value  No Ab    Year  Value  No Ab    Year  Value  No Ab    Year  Value  No Ab    Year  Value  No Ab
  ------------------    ------------------    ------------------    ------------------    ------------------    ------------------
                        1900 -2.067   4       1950   .372  39
                        1901  -.212   4       1951   .208  40
                        1902  -.265   4       1952   .128  40
                        1903   .492   4       1953  -.242  40
                        1904   .513   4       1954 -1.963  40
                        1905   .553   6       1955 -1.154  40
                        1906  -.394   6       1956  -.861  40
                        1907   .545   6       1957  -.304  40
                        1908   .907   7       1958  1.075  40
                        1909   .148   7       1959  -.452  40

                        1910   .142   8       1960   .832  40
                        1911 -2.805   8       1961   .924  41
                        1912  -.655   8       1962   .650  41
                        1913   .083   8       1963  -.794  41
                        1914 -1.136   9       1964 -1.645  41
                        1915   .677   9       1965  -.631  41
                        1916  2.419  10       1966 -1.238  41
                        1917  1.063  12       1967   .394  41
                        1918  -.528  15       1968  -.188  41
                        1919   .236  15       1969  1.121  41

                        1920   .575  16       1970   .069  41
                        1921  -.395  16       1971   .407  41
                        1922   .615  16       1972   .757  41
                        1923  -.953  17       1973  -.107  41
                        1924  1.423  18       1974   .922  41
                        1925 -1.254  20       1975  1.510  41
                        1926  -.451  23       1976   .877  41
                        1927   .456  25       1977 -1.558  41
                        1928   .680  28       1978   .086  41
                        1929  1.197  28       1979   .013  41

                        1930 -1.229  28       1980  -.343  41
  1881 -2.021   1       1931   .106  29       1981 -1.020  41
  1882 -1.013   1       1932 -1.935  29       1982  -.715  41
  1883  1.683   1       1933  -.996  29       1983  1.013  41
  1884  1.776   1       1934   .198  29       1984  -.088  41
  1885  1.099   1       1935   .841  29       1985  -.049  41
  1886   .013   1       1936 -1.402  29       1986 -1.997  41
  1887   .880   1       1937  1.771  30       1987  -.240  40
  1888  1.359   1       1938   .928  32       1988   .071  40
  1889  1.207   1       1939  -.308  33       1989   .724  40

  1890 -2.431   1       1940   .371  36       1990  1.186  40
  1891  -.909   1       1941  -.011  36       1991  -.354  39
  1892 -1.198   1       1942  -.586  37       1992  -.022  39
  1893  -.759   1       1943  -.262  37       1993   .453  36
  1894  -.014   2       1944 -1.889  37
  1895  1.123   2       1945  1.430  37
  1896   .342   2       1946  1.124  38
  1897  -.910   3       1947   .290  39
  1898   .644   3       1948   .721  39
  1899   .184   4       1949   .353  39
------------------------------------------------------------------------------------------------------------------------------------
PART 4:  Master Bar Plot: chSTATS                                                                  11:19  Fri 14 Sep 2012  Page   4
------------------------------------------------------------------------------------------------------------------------------------
   Year Rel value  Year Rel value  Year Rel value  Year Rel value  Year Rel value  Year Rel value  Year Rel value  Year Rel value
                   1900h           1950------A
                   1901----a       1951-----A
                   1902---a        1952-----A
                   1903-------B    1953---a
                   1904-------B    1954h
                   1905-------B    1955-e
                   1906---b        1956--c
                   1907-------B    1957---a
                   1908--------D   1958---------D
                   1909-----A      1959---b
                   1910-----A      1960--------C
                   1911k           1961--------D
                   1912--c         1962-------C
                   1913-----@      1963--c
                   1914-e          1964g
                   1915-------C    1965--c
                   1916----------J 1966-e
                   1917---------D  1967------B
                   1918---b        1968----a
                   1919------A     1969---------D
                   1920-------B    1970-----@
                   1921---b        1971------B
                   1922-------B    1972--------C
                   1923-d          1973----@
                   1924----------F 1974--------D
                   1925-e          1975----------F
                   1926---b        1976--------D
                   1927-------B    1977-f
                   1928-------C    1978-----@
                   1929---------E  1979-----@
                   1930-e          1980---a
   1881h           1931-----@      1981-d
   1882-d          1932h           1982--c
   1883----------G 1933-d          1983---------D
   1884----------G 1934-----A      1984----@
   1885---------D  1935--------C   1985----@
   1886-----@      1936-f          1986h
   1887--------D   1937----------G 1987---a
   1888----------E 1938--------D   1988-----@
   1889---------E  1939---a        1989--------C
   1890j           1940------A     1990---------E
   1891--d         1941----@       1991---a
   1892-e          1942--b         1992----@
   1893--c         1943---a        1993------B
   1894----@       1944h
   1895---------D  1945----------F
   1896------A     1946---------D
   1897--d         1947------A
   1898-------C    1948--------C
   1899-----A      1949------A
PART 5:  CORRELATION OF SERIES BY SEGMENTS: chSTATS                                                11:19  Fri 14 Sep 2012  Page   5
------------------------------------------------------------------------------------------------------------------------------------
 Correlations of  50-year dated segments, lagged  25 years
 Flags:  A = correlation under   .3281 but highest as dated;  B = correlation higher at other than dated position

 Seq Series  Time_span   1875 1900 1925 1950
                         1924 1949 1974 1999
 --- -------- ---------  ---- ---- ---- ---- ---- ---- ---- ---- ---- ---- ---- ---- ---- ---- ---- ---- ---- ---- ---- ----
   1 OBH011   1947 1992             .69
   2 OBH012   1920 1993        .68  .59  .41
   3 OBH021   1923 1993        .65  .64  .67
   4 OBH022   1951 1993                  .55
   5 OBH031   1927 1993             .75  .71
   6 OBH032   1940 1993             .74  .77
   7 OBH051   1897 1993   .54  .57  .71  .49
   8 OBH052   1899 1993   .47  .49  .39  .26A
   9 OBH061   1926 1990             .70  .70
  10 OBH062   1918 1993        .72  .73  .73
  11 OBH071   1938 1993             .65  .66
  12 OBH072   1894 1993   .55  .69  .69  .61
  13 OBH081   1905 1993        .53  .66  .66
  14 OBH082   1905 1993        .79  .72  .74
  15 OBH091   1881 1993   .64  .71  .59  .50
  16 OBH092   1916 1993        .68  .63  .57
  17 OBH101   1931 1993             .60  .62
  18 OBH102   1928 1986             .65  .58
  19 OBH111   1925 1993             .71  .74
  20 OBH112   1927 1993             .60  .62
  21 OBH121   1937 1993             .47  .50
  22 OBH122   1939 1993             .46  .51
  23 OBH131   1910 1993        .78  .60  .49
  24 OBH132   1914 1993        .72  .68  .56
  25 OBH141   1924 1992        .55  .57  .59
  26 OBH142   1917 1992        .28A .62  .63
  27 OBH152   1942 1993             .35  .35
  28 OBH161   1918 1993        .42  .44  .33
  29 OBH162   1928 1993             .37  .30B
  30 OBH171   1938 1993             .69  .69
  31 OBH172   1917 1993        .62  .64  .64
  32 OBH191   1961 1993                  .60
  33 OBH192   1946 1993             .55
  34 OBH201   1926 1993             .65  .55
  35 OBH202   1925 1993             .48  .40
  36 OBH211   1940 1993             .48  .49
  37 OBH212   1940 1993             .40  .40
  38 OBH221   1926 1993             .35  .34
  39 OBH222   1918 1993        .47  .45  .40
  40 OBH231   1908 1993        .68  .80  .72
  41 OBH241   1928 1993             .79  .62
 Av segment correlation   .55  .61  .60  .56
PART 6:  POTENTIAL PROBLEMS: chSTATS                                                               11:19  Fri 14 Sep 2012  Page   5
------------------------------------------------------------------------------------------------------------------------------------

 For each series with potential problems the following diagnostics may appear:

 [A] Correlations with master dating series of flagged  50-year segments of series filtered with  32-year spline,
     at every point from ten years earlier (-10) to ten years later (+10) than dated

 [B] Effect of those data values which most lower or raise correlation with master series
     Symbol following year indicates value in series is greater (>) or lesser (<) than master series value

 [C] Year-to-year changes very different from the mean change in other series

 [D] Absent rings (zero values)

 [E] Values which are statistical outliers from mean for the year
====================================================================================================================================

 OBH011    1947 to  1992      46 years                                                                                    Series   1

 [B] Entire series, effect on correlation (  .688) is:
       Lower   1956> -.018   1949< -.015   1980> -.013   1947> -.013   1992< -.010   1981< -.009  Higher   1977  .054   1964  .022

====================================================================================================================================

 OBH012    1920 to  1993      74 years                                                                                    Series   2

 [B] Entire series, effect on correlation (  .527) is:
       Lower   1954> -.029   1986> -.025   1936> -.025   1992< -.020   1966> -.018   1975< -.016  Higher   1944  .036   1932  .036

 [E] Outliers     1   3.0 SD above or -4.5 SD below mean for year
       1958 +3.3 SD
====================================================================================================================================

 OBH021    1923 to  1993      71 years                                                                                    Series   3

 [B] Entire series, effect on correlation (  .643) is:
       Lower   1928< -.023   1923> -.019   1954> -.015   1974< -.015   1985< -.013   1955> -.009  Higher   1986  .029   1944  .025

====================================================================================================================================

 OBH022    1951 to  1993      43 years                                                                                    Series   4

 [B] Entire series, effect on correlation (  .550) is:
       Lower   1986> -.082   1955> -.029   1957< -.024   1976< -.023   1956> -.018   1983< -.008  Higher   1954  .104   1975  .023

====================================================================================================================================

 OBH031    1927 to  1993      67 years                                                                                    Series   5

 [B] Entire series, effect on correlation (  .746) is:
       Lower   1989< -.020   1959> -.018   1991> -.016   1954> -.015   1992> -.009   1956> -.007  Higher   1986  .031   1977  .022

====================================================================================================================================

 OBH032    1940 to  1993      54 years                                                                                    Series   6

 [B] Entire series, effect on correlation (  .744) is:
       Lower   1940< -.021   1963> -.015   1950< -.014   1976< -.013   1982> -.012   1973> -.012  Higher   1986  .050   1954  .030

====================================================================================================================================

 OBH051    1897 to  1993      97 years                                                                                    Series   7

 [B] Entire series, effect on correlation (  .493) is:
       Lower   1986> -.048   1919< -.017   1990< -.017   1917< -.013   1897< -.010   1977> -.010  Higher   1954  .029   1944  .018

 [E] Outliers     2   3.0 SD above or -4.5 SD below mean for year
       1912 +3.1 SD;    1986 +3.3 SD
====================================================================================================================================

 OBH052    1899 to  1993      95 years                                                                                    Series   8

 [A] Segment   High   -10   -9   -8   -7   -6   -5   -4   -3   -2   -1   +0   +1   +2   +3   +4   +5   +6   +7   +8   +9  +10
    ---------  ----   ---  ---  ---  ---  ---  ---  ---  ---  ---  ---  ---  ---  ---  ---  ---  ---  ---  ---  ---  ---  ---
    1944 1993    0    .06  .05 -.03  .24 -.15  .07 -.12 -.06 -.01 -.30  .26*   -    -    -    -    -    -    -    -    -    -

 [B] Entire series, effect on correlation (  .380) is:
       Lower   1986> -.037   1973< -.027   1961< -.016   1932> -.016   1900> -.015   1903< -.014  Higher   1911  .052   1925  .028
     1944 to 1993 segment:
       Lower   1986> -.074   1973< -.035   1961< -.032   1983< -.025   1945< -.022   1962< -.016  Higher   1954  .037   1964  .033

====================================================================================================================================

 OBH061    1926 to  1990      65 years                                                                                    Series   9

 [B] Entire series, effect on correlation (  .721) is:
       Lower   1942> -.014   1963> -.009   1966> -.007   1937< -.007   1931< -.006   1951> -.006  Higher   1936  .015   1977  .010

====================================================================================================================================

 OBH062    1918 to  1993      76 years                                                                                    Series  10

 [B] Entire series, effect on correlation (  .720) is:
       Lower   1932> -.018   1925> -.014   1922< -.013   1955< -.012   1963> -.009   1918> -.008  Higher   1954  .021   1986  .015

====================================================================================================================================

 OBH071    1938 to  1993      56 years                                                                                    Series  11

 [B] Entire series, effect on correlation (  .662) is:
       Lower   1960< -.017   1986> -.017   1976< -.016   1975< -.013   1964> -.013   1968> -.013  Higher   1977  .046   1954  .034

====================================================================================================================================

 OBH072    1894 to  1993     100 years                                                                                    Series  12

 [B] Entire series, effect on correlation (  .573) is:
       Lower   1900< -.027   1897> -.022   1955> -.021   1896< -.014   1898> -.012   1906> -.011  Higher   1911  .033   1932  .027

 [E] Outliers     3   3.0 SD above or -4.5 SD below mean for year
       1898 +3.1 SD;    1955 +3.9 SD;    1978 +3.5 SD
====================================================================================================================================

 OBH081    1905 to  1993      89 years                                                                                    Series  13

 [B] Entire series, effect on correlation (  .545) is:
       Lower   1911> -.048   1986> -.021   1908< -.019   1906> -.016   1939> -.016   1932> -.015  Higher   1944  .026   1930  .019

====================================================================================================================================

 OBH082    1905 to  1993      89 years                                                                                    Series  14

 [B] Entire series, effect on correlation (  .758) is:
       Lower   1932> -.027   1977> -.011   1935< -.010   1962< -.008   1975< -.007   1973> -.006  Higher   1911  .041   1986  .012

====================================================================================================================================

 OBH091    1881 to  1993     113 years                                                                                    Series  15

 [*] Early part of series cannot be checked from 1881 to 1893 -- not matched by another series

 [B] Entire series, effect on correlation (  .584) is:
       Lower   1898< -.037   1954> -.018   1902> -.017   1896> -.014   1942> -.010   1974< -.009  Higher   1911  .061   1932  .030

====================================================================================================================================

 OBH092    1916 to  1993      78 years                                                                                    Series  16

 [B] Entire series, effect on correlation (  .671) is:
       Lower   1989< -.033   1954> -.024   1959> -.015   1936> -.014   1942> -.013   1988> -.012  Higher   1932  .033   1986  .030

 [E] Outliers     1   3.0 SD above or -4.5 SD below mean for year
       1988 +3.1 SD
====================================================================================================================================

 OBH101    1931 to  1993      63 years                                                                                    Series  17

 [B] Entire series, effect on correlation (  .606) is:
       Lower   1990< -.038   1963> -.024   1932> -.016   1934< -.014   1977> -.014   1965> -.012  Higher   1986  .047   1954  .047

====================================================================================================================================

 OBH102    1928 to  1986      59 years                                                                                    Series  18

 [B] Entire series, effect on correlation (  .663) is:
       Lower   1972< -.036   1963> -.027   1933> -.012   1973< -.011   1941< -.010   1967< -.010  Higher   1932  .043   1986  .043

====================================================================================================================================

 OBH111    1925 to  1993      69 years                                                                                    Series  19

 [B] Entire series, effect on correlation (  .721) is:
       Lower   1925> -.034   1944> -.020   1988< -.019   1983< -.007   1932> -.007   1941< -.005  Higher   1986  .033   1954  .015

====================================================================================================================================

 OBH112    1927 to  1993      67 years                                                                                    Series  20

 [B] Entire series, effect on correlation (  .601) is:
       Lower   1988< -.020   1938< -.012   1944> -.012   1932> -.010   1967< -.010   1942> -.009  Higher   1986  .055   1937  .016

 [E] Outliers     1   3.0 SD above or -4.5 SD below mean for year
       1948 +3.4 SD
====================================================================================================================================

 OBH121    1937 to  1993      57 years                                                                                    Series  21

 [B] Entire series, effect on correlation (  .472) is:
       Lower   1947< -.121   1975< -.032   1937< -.011   1967< -.010   1959> -.009   1973> -.009  Higher   1986  .062   1945  .023

 [E] Outliers     1   3.0 SD above or -4.5 SD below mean for year
       1947 -4.8 SD
====================================================================================================================================

 OBH122    1939 to  1993      55 years                                                                                    Series  22

 [B] Entire series, effect on correlation (  .477) is:
       Lower   1947< -.064   1944> -.053   1954> -.027   1962< -.025   1949< -.022   1955> -.019  Higher   1986  .089   1977  .067

====================================================================================================================================

 OBH131    1910 to  1993      84 years                                                                                    Series  23

 [B] Entire series, effect on correlation (  .642) is:
       Lower   1993< -.043   1977> -.019   1960< -.013   1968< -.013   1934< -.012   1979> -.011  Higher   1911  .059   1932  .025

 [E] Outliers     1   3.0 SD above or -4.5 SD below mean for year
       1979 +3.4 SD
====================================================================================================================================

 OBH132    1914 to  1993      80 years                                                                                    Series  24

 [B] Entire series, effect on correlation (  .666) is:
       Lower   1960< -.017   1968< -.012   1992< -.011   1978< -.009   1954> -.008   1915< -.007  Higher   1932  .033   1944  .020

====================================================================================================================================

 OBH141    1924 to  1992      69 years                                                                                    Series  25

 [B] Entire series, effect on correlation (  .543) is:
       Lower   1990< -.056   1929< -.036   1925> -.032   1955< -.011   1963> -.010   1931< -.009  Higher   1986  .061   1954  .030

====================================================================================================================================

 OBH142    1917 to  1992      76 years                                                                                    Series  26

 [A] Segment   High   -10   -9   -8   -7   -6   -5   -4   -3   -2   -1   +0   +1   +2   +3   +4   +5   +6   +7   +8   +9  +10
    ---------  ----   ---  ---  ---  ---  ---  ---  ---  ---  ---  ---  ---  ---  ---  ---  ---  ---  ---  ---  ---  ---  ---
    1917 1966    0    .17 -.10 -.09 -.18  .16 -.26 -.10  .06  .05  .13  .28* .14 -.09 -.04 -.25 -.16  .00 -.21  .23 -.07  .05

 [B] Entire series, effect on correlation (  .413) is:
       Lower   1924< -.083   1923> -.073   1990< -.025   1929< -.020   1967< -.016   1918> -.011  Higher   1986  .083   1936  .026
     1917 to 1966 segment:
       Lower   1924< -.135   1923> -.111   1929< -.032   1918> -.016   1920< -.013   1917< -.013  Higher   1936  .051   1937  .049

 [C] Year-to-year changes diverging by over 4.0 std deviations:
       1923 1924  -5.1 SD

 [E] Outliers     1   3.0 SD above or -4.5 SD below mean for year
       1923 +4.7 SD
====================================================================================================================================

 OBH152    1942 to  1993      52 years                                                                                    Series  27

 [B] Entire series, effect on correlation (  .356) is:
       Lower   1964> -.051   1971< -.025   1981> -.024   1985< -.024   1948< -.024   1991> -.022  Higher   1954  .074   1945  .039

 [E] Outliers     1   3.0 SD above or -4.5 SD below mean for year
       1964 +3.1 SD
====================================================================================================================================

 OBH161    1918 to  1993      76 years                                                                                    Series  28

 [B] Entire series, effect on correlation (  .334) is:
       Lower   1930> -.033   1986> -.032   1976< -.022   1983< -.017   1985< -.013   1918> -.013  Higher   1977  .081   1932  .029

 [C] Year-to-year changes diverging by over 4.0 std deviations:
       1977 1978   4.3 SD

 [E] Outliers     1   3.0 SD above or -4.5 SD below mean for year
       1977 -6.3 SD
====================================================================================================================================

 OBH162    1928 to  1993      66 years                                                                                    Series  29

 [A] Segment   High   -10   -9   -8   -7   -6   -5   -4   -3   -2   -1   +0   +1   +2   +3   +4   +5   +6   +7   +8   +9  +10
    ---------  ----   ---  ---  ---  ---  ---  ---  ---  ---  ---  ---  ---  ---  ---  ---  ---  ---  ---  ---  ---  ---  ---
    1944 1993   -9   -.01  .32* .17  .10  .09 -.14  .03 -.16 -.19 -.18  .30|   -    -    -    -    -    -    -    -    -    -

 [B] Entire series, effect on correlation (  .344) is:
       Lower   1986> -.035   1950< -.031   1954> -.023   1938< -.021   1955> -.011   1984> -.010  Higher   1932  .057   1937  .021
     1944 to 1993 segment:
       Lower   1986> -.051   1950< -.038   1954> -.034   1955> -.015   1984> -.014   1958< -.010  Higher   1963  .034   1964  .027

====================================================================================================================================

 OBH171    1938 to  1993      56 years                                                                                    Series  30

 [B] Entire series, effect on correlation (  .686) is:
       Lower   1987< -.045   1986> -.020   1963> -.017   1953> -.015   1952< -.014   1985> -.010  Higher   1944  .038   1954  .028

====================================================================================================================================

 OBH172    1917 to  1993      77 years                                                                                    Series  31

 [B] Entire series, effect on correlation (  .607) is:
       Lower   1987< -.054   1932> -.040   1922< -.020   1942> -.015   1985> -.012   1934< -.011  Higher   1986  .044   1977  .029

 [E] Outliers     1   3.0 SD above or -4.5 SD below mean for year
       1985 +3.2 SD
====================================================================================================================================

 OBH191    1961 to  1993      33 years                                                                                    Series  32

 [B] Entire series, effect on correlation (  .599) is:
       Lower   1970> -.037   1964> -.030   1979< -.025   1972< -.022   1962< -.018   1987< -.015  Higher   1977  .052   1986  .026

====================================================================================================================================

 OBH192    1946 to  1993      48 years                                                                                    Series  33

 [B] Entire series, effect on correlation (  .552) is:
       Lower   1950< -.039   1954> -.032   1955> -.028   1948< -.019   1961< -.013   1956> -.012  Higher   1977  .088   1986  .023

====================================================================================================================================

 OBH201    1926 to  1993      68 years                                                                                    Series  34

 [B] Entire series, effect on correlation (  .595) is:
       Lower   1991< -.059   1963> -.018   1981> -.012   1973> -.011   1978< -.008   1937< -.007  Higher   1932  .026   1977  .025

====================================================================================================================================

 OBH202    1925 to  1993      69 years                                                                                    Series  35

 [B] Entire series, effect on correlation (  .359) is:
       Lower   1992< -.081   1931< -.054   1925> -.031   1977> -.028   1963> -.021   1978< -.018  Higher   1954  .049   1986  .029

====================================================================================================================================

 OBH211    1940 to  1993      54 years                                                                                    Series  36

 [B] Entire series, effect on correlation (  .496) is:
       Lower   1986> -.082   1970< -.044   1963> -.024   1962< -.024   1989< -.022   1984> -.020  Higher   1977  .063   1945  .028

====================================================================================================================================

 OBH212    1940 to  1993      54 years                                                                                    Series  37

 [B] Entire series, effect on correlation (  .394) is:
       Lower   1964> -.061   1963> -.027   1968< -.027   1992< -.025   1978< -.023   1988< -.020  Higher   1944  .042   1945  .035

 [E] Outliers     1   3.0 SD above or -4.5 SD below mean for year
       1964 +3.8 SD
====================================================================================================================================

 OBH221    1926 to  1993      68 years                                                                                    Series  38

 [B] Entire series, effect on correlation (  .384) is:
       Lower   1978< -.032   1948< -.022   1984< -.020   1929< -.017   1993< -.015   1967< -.012  Higher   1986  .059   1954  .039

====================================================================================================================================

 OBH222    1918 to  1993      76 years                                                                                    Series  39

 [B] Entire series, effect on correlation (  .442) is:
       Lower   1946< -.031   1942< -.026   1993< -.023   1923> -.020   1974< -.019   1975< -.012  Higher   1925  .043   1944  .035

====================================================================================================================================

 OBH231    1908 to  1993      86 years                                                                                    Series  40

 [B] Entire series, effect on correlation (  .661) is:
       Lower   1922< -.025   1980< -.024   1913< -.013   1911> -.013   1977> -.011   1930> -.009  Higher   1932  .024   1944  .018

====================================================================================================================================

 OBH241    1928 to  1993      66 years                                                                                    Series  41

 [B] Entire series, effect on correlation (  .723) is:
       Lower   1986> -.031   1966> -.017   1956< -.010   1959> -.009   1987< -.009   1978< -.008  Higher   1932  .032   1977  .022

====================================================================================================================================
PART 7:  DESCRIPTIVE STATISTICS: chSTATS                                                           11:19  Fri 14 Sep 2012  Page   6
------------------------------------------------------------------------------------------------------------------------------------

                                                Corr   //-------- Unfiltered --------\\  //---- Filtered -----\\
                           No.    No.    No.    with   Mean   Max     Std   Auto   Mean   Max     Std   Auto  AR
 Seq Series   Interval   Years  Segmt  Flags   Master  msmt   msmt    dev   corr   sens  value    dev   corr  ()
 --- -------- ---------  -----  -----  -----   ------ -----  -----  -----  -----  -----  -----  -----  -----  --
   1 OBH011   1947 1992     46      1      0    .688   6.22  10.25  1.449   .547   .173   2.63   .617   .025   1
   2 OBH012   1920 1993     74      3      0    .527   4.18   6.42   .860   .520   .151   2.82   .426  -.031   1
   3 OBH021   1923 1993     71      3      0    .643   3.88   6.19   .921   .432   .200   2.75   .572   .089   1
   4 OBH022   1951 1993     43      1      0    .550   6.58  13.80  2.493   .738   .196   2.70   .468   .031   1
   5 OBH031   1927 1993     67      2      0    .746   5.30  11.98  2.245   .675   .222   2.60   .543  -.118   1
   6 OBH032   1940 1993     54      2      0    .744   5.92   8.42  1.210   .433   .182   2.70   .561   .016   1
   7 OBH051   1897 1993     97      4      0    .493   3.48   8.65  1.615   .745   .201   2.70   .519  -.012   1
   8 OBH052   1899 1993     95      4      1    .380   3.34   9.42  1.592   .686   .256   2.68   .498  -.046   1
   9 OBH061   1926 1990     65      2      0    .721   2.71   5.34   .688   .541   .191   2.50   .404  -.028   1
  10 OBH062   1918 1993     76      3      0    .720   2.81   5.55   .854   .582   .168   2.45   .399   .003   2
  11 OBH071   1938 1993     56      2      0    .662   4.35   7.11  1.038   .497   .192   2.67   .477  -.010   1
  12 OBH072   1894 1993    100      4      0    .573   4.44   9.23  1.270   .520   .208   2.81   .458   .037   2
  13 OBH081   1905 1993     89      3      0    .545   4.21   8.25  1.161   .657   .178   2.71   .565  -.108   1
  14 OBH082   1905 1993     89      3      0    .758   3.97   7.44  1.151   .684   .184   2.54   .408   .011   1
  15 OBH091   1881 1993    113      4      0    .584   3.64   8.27  1.313   .732   .178   2.62   .469   .034   1
  16 OBH092   1916 1993     78      3      0    .671   5.16  10.77  1.795   .807   .155   2.82   .561  -.064   1
  17 OBH101   1931 1993     63      2      0    .606   3.41   6.63  1.148   .633   .197   2.82   .569  -.065   1
  18 OBH102   1928 1986     59      2      0    .663   3.34   5.91   .993   .565   .194   2.91   .580  -.097   1
  19 OBH111   1925 1993     69      2      0    .721   3.86   6.80  1.043   .574   .182   2.71   .542  -.037   1
  20 OBH112   1927 1993     67      2      0    .601   3.54   7.07  1.324   .730   .177   2.92   .413  -.147   1
  21 OBH121   1937 1993     57      2      0    .472   6.59   9.09  1.294   .219   .199   2.48   .435  -.032   1
  22 OBH122   1939 1993     55      2      0    .477   6.51  10.68  1.734   .637   .190   2.56   .567   .003   1
  23 OBH131   1910 1993     84      3      0    .642   3.89   6.62  1.065   .743   .149   2.76   .534   .009   1
  24 OBH132   1914 1993     80      3      0    .666   4.66   6.91   .882   .568   .143   2.67   .522  -.047   1
  25 OBH141   1924 1992     69      3      0    .543   2.81   6.91  1.256   .688   .233   2.49   .497  -.021   1
  26 OBH142   1917 1992     76      3      1    .413   2.83   8.91  1.262   .569   .246   2.81   .432  -.029   1
  27 OBH152   1942 1993     52      2      0    .356   3.12   6.91  1.434   .802   .188   2.90   .661  -.006   2
  28 OBH161   1918 1993     76      3      0    .334   3.05  10.00  1.748   .740   .190   2.75   .380   .025   1
  29 OBH162   1928 1993     66      2      1    .344   3.84  10.08  2.715   .870   .157   2.44   .377   .016   1
  30 OBH171   1938 1993     56      2      0    .686   4.68   6.75   .939   .571   .144   2.58   .507   .015   1
  31 OBH172   1917 1993     77      3      0    .607   4.26   7.24   .894   .574   .142   2.79   .574   .075   1
  32 OBH191   1961 1993     33      1      0    .599   6.67  11.91  1.756   .473   .207   2.75   .577  -.047   1
  33 OBH192   1946 1993     48      1      0    .552   5.13  13.30  2.020   .514   .231   2.97   .525  -.012   1
  34 OBH201   1926 1993     68      2      0    .595   2.88   5.73  1.134   .820   .180   2.83   .441  -.011   1
  35 OBH202   1925 1993     69      2      0    .359   3.27   7.41  1.088   .640   .195   2.48   .441  -.015   1
  36 OBH211   1940 1993     54      2      0    .496   5.78   9.48  1.580   .782   .144   2.79   .623  -.135   1
  37 OBH212   1940 1993     54      2      0    .394   5.45   8.08  1.146   .707   .130   2.90   .656  -.021   1
  38 OBH221   1926 1993     68      2      0    .384   4.64   8.88  1.566   .662   .222   2.89   .578  -.080   2
  39 OBH222   1918 1993     76      3      0    .442   5.39   9.50  1.627   .637   .197   2.58   .496  -.111   1
  40 OBH231   1908 1993     86      3      0    .661   5.02   8.05   .899   .293   .162   2.72   .483  -.003   1
  41 OBH241   1928 1993     66      2      0    .723   3.92  10.34  1.905   .771   .200   2.57   .512  -.030   1
 --- -------- ---------  -----  -----  -----   ------ -----  -----  -----  -----  -----  -----  -----  -----  --
 Total or mean:           2841    100      3    .569   4.23  13.80  1.343   .629   .186   2.97   .503  -.022

                                              - = [  COFECHA CHSTACOF  ] = -
