[]  Dendrochronology Program Library                                        Run WDSTA  Program COF  11:10  Fri 14 Sep 2012  Page   1
[]
[]  P R O G R A M      C O F E C H A                                                                          Version 6.06P    28383
------------------------------------------------------------------------------------------------------------------------------------

 QUALITY CONTROL AND DATING CHECK OF TREE-RING MEASUREMENTS

 Title of run:           wdSTATS                                 

 File of DATED series:   wd.rwl

 CONTENTS:

    Part 1:  Title page, options selected, summary, absent rings by series
    Part 2:  Histogram of time spans
    Part 3:  Master series with sample depth and absent rings by year
    Part 4:  Bar plot of Master Dating Series
    Part 5:  Correlation by segment of each series with Master
    Part 6:  Potential problems: low correlation, divergent year-to-year changes, absent rings, outliers
    Part 7:  Descriptive statistics

 RUN CONTROL OPTIONS SELECTED                             VALUE

         1  Cubic smoothing spline 50% wavelength cutoff for filtering
                                                            32 years
         2  Segments examined are                           50 years lagged successively by  25 years
         3  Autoregressive model applied                     A  Residuals are used in master dating series and testing
         4  Series transformed to logarithms                 Y  Each series log-transformed for master dating series and testing
         5  CORRELATION is Pearson (parametric, quantitative)
            Critical correlation, 99% confidence level   .3281
         6  Master dating series saved                       N
         7  Ring measurements listed                         N
         8  Parts printed                              1234567 
         9  Absent rings are omitted from master series and segment correlations  (Y)

 Time span of Master dating series is  1642 to  1981   340 years
 Continuous time span is               1642 to  1981   340 years
 Portion with two or more series is    1684 to  1981   298 years


                                        ****************************************
                                        *C* Number of dated series        25 *C*
                                        *O* Master series 1642 1981  340 yrs *O*
                                        *F* Total rings in all series   6270 *F*
                                        *E* Total dated rings checked   6228 *E*
                                        *C* Series intercorrelation     .523 *C*
                                        *H* Average mean sensitivity    .163 *H*
                                        *A* Segments, possible problems   26 *A*
                                        *** Mean length of series      250.8 ***
                                        ****************************************

 ABSENT RINGS listed by SERIES:            (See Master Dating Series for absent rings listed by year)

               No ring measurements of zero value
PART 2:  TIME PLOT OF TREE-RING SERIES: wdSTATS                                                    11:10  Fri 14 Sep 2012  Page   2
------------------------------------------------------------------------------------------------------------------------------------
 1050 1100 1150 1200 1250 1300 1350 1400 1450 1500 1550 1600 1650 1700 1750 1800 1850 1900 1950 2000 2050 Ident   Seq Time-span  Yrs
   :    :    :    :    :    :    :    :    :    :    :    :    :    :    :    :    :    :    :    :    : -------- --- ---- ---- ----
   .    .    .    .    .    .    .    .    .    .    .    .    .   <===========================>  .    . 038011     1 1692 1979  288
   .    .    .    .    .    .    .    .    .    .    .    .    .   <============================> .    . 038012     2 1699 1980  282
   .    .    .    .    .    .    .    .    .    .    .    .    .    . <=========================> .    . 038021     3 1725 1980  256
   .    .    .    .    .    .    .    .    .    .    .    .    .    . <=========================> .    . 038022     4 1725 1980  256
   .    .    .    .    .    .    .    .    .    .    .    .    .    .    .  <===================> .    . 038051     5 1782 1980  199
   .    .    .    .    .    .    .    .    .    .    .    .    .    .    <======================> .    . 038052     6 1750 1980  231
   .    .    .    .    .    .    .    .    .    .    .    .    .    . <=========================> .    . 038091     7 1726 1980  255
   .    .    .    .    .    .    .    .    .    .    .    .    .    .    .<=====================> .    . 038092     8 1766 1980  215
   .    .    .    .    .    .    .    .    .    .    .    .    .   <============================> .    . 038141     9 1696 1980  285
   .    .    .    .    .    .    .    .    .    .    .    .    .    <===========================> .    . 038142    10 1708 1980  273
   .    .    .    .    .    .    .    .    .    .    .    .    .    <===========================> .    . 038143    11 1700 1980  281
   .    .    .    .    .    .    .    .    .    .    .    .    .    .   <=======================> .    . 038161    12 1741 1980  240
   .    .    .    .    .    .    .    .    .    .    .    .    .    .    . <====================> .    . 038162    13 1777 1980  204
   .    .    .    .    .    .    .    .    .    .    .    .    .    .<==========================> .    . 038171    14 1713 1980  268
   .    .    .    .    .    .    .    .    .    .    .    .    .    .<==========================> .    . 038172    15 1712 1980  269
   .    .    .    .    .    .    .    .    .    .    .    .   <=================================> .    . 038221    16 1642 1980  339
   .    .    .    .    .    .    .    .    .    .    .    .    .    . <=========================> .    . 038222    17 1728 1980  253
   .    .    .    .    .    .    .    .    .    .    .    .    .    <=================> .    .    .    . 059021    18 1700 1888  189
   .    .    .    .    .    .    .    .    .    .    .    .    .   <===========================>  .    . 059051    19 1692 1974  283
   .    .    .    .    .    .    .    .    .    .    .    .    .  <=============================> .    . 059052    20 1684 1981  298
   .    .    .    .    .    .    .    .    .    .    .    .    .    .    .  <===================> .    . 059071    21 1780 1981  202
   .    .    .    .    .    .    .    .    .    .    .    .    .    .    .<=====================> .    . 059091    22 1761 1981  221
   .    .    .    .    .    .    .    .    .    .    .    .    .    .  <========================> .    . 059092    23 1738 1981  244
   .    .    .    .    .    .    .    .    .    .    .    .    .    .    .<=====================> .    . 059101    24 1766 1981  216
   .    .    .    .    .    .    .    .    .    .    .    .    .    .    <======================> .    . 059102    25 1759 1981  223
   :    :    :    :    :    :    :    :    :    :    :    :    :    :    :    :    :    :    :    :    :
 1050 1100 1150 1200 1250 1300 1350 1400 1450 1500 1550 1600 1650 1700 1750 1800 1850 1900 1950 2000 2050
PART 3:  Master Dating Series: wdSTATS                                                             11:10  Fri 14 Sep 2012  Page   3
------------------------------------------------------------------------------------------------------------------------------------
  Year  Value  No Ab    Year  Value  No Ab    Year  Value  No Ab    Year  Value  No Ab    Year  Value  No Ab    Year  Value  No Ab
  ------------------    ------------------    ------------------    ------------------    ------------------    ------------------
                        1650 -1.709   1       1700   .418   8       1750   .566  18       1800  -.023  25       1850  1.169  25
                        1651  -.629   1       1701   .824   8       1751   .329  18       1801  1.228  25       1851   .021  25
                        1652  1.343   1       1702   .660   8       1752   .432  18       1802   .424  25       1852   .203  25
                        1653  2.945   1       1703  -.422   8       1753   .345  18       1803  -.192  25       1853  -.363  25
                        1654   .624   1       1704 -2.459   8       1754  1.341  18       1804  1.045  25       1854  1.446  25
                        1655  1.531   1       1705  -.686   8       1755  -.936  18       1805  -.010  25       1855   .774  25
                        1656   .652   1       1706  -.522   8       1756  1.932  18       1806 -1.768  25       1856   .592  25
                        1657 -2.170   1       1707   .452   8       1757  -.334  18       1807  -.956  25       1857   .735  25
                        1658 -1.021   1       1708   .547   9       1758 -1.576  18       1808   .122  25       1858  -.203  25
                        1659   .982   1       1709  -.310   9       1759  -.777  19       1809   .725  25       1859 -1.205  25

                        1660  -.868   1       1710  -.780   9       1760 -1.179  19       1810 -1.104  25       1860 -1.119  25
                        1661 -1.337   1       1711   .575   9       1761   .902  20       1811  -.304  25       1861  -.903  25
                        1662 -1.507   1       1712  1.291  10       1762  -.366  20       1812  -.297  25       1862  1.091  25
                        1663  2.236   1       1713   .198  11       1763  1.156  20       1813  -.267  25       1863   .125  25
                        1664   .647   1       1714  -.018  11       1764  -.552  20       1814   .418  25       1864   .277  25
                        1665 -1.469   1       1715  -.610  11       1765  -.319  20       1815   .519  25       1865   .144  25
                        1666  -.873   1       1716   .502  11       1766  1.163  22       1816  -.353  25       1866  -.086  25
                        1667  -.977   1       1717   .183  11       1767  -.766  22       1817   .107  25       1867  -.933  25
                        1668 -1.601   1       1718   .039  11       1768  1.163  22       1818  1.327  25       1868  -.258  25
                        1669   .011   1       1719   .473  11       1769  -.709  22       1819   .435  25       1869  1.375  25

                        1670  -.859   1       1720  1.594  11       1770  1.186  22       1820  -.189  25       1870   .944  25
                        1671  1.538   1       1721   .013  11       1771   .607  22       1821  1.011  25       1871 -1.120  25
                        1672  -.215   1       1722   .307  11       1772  -.499  22       1822 -1.212  25       1872  -.885  25
                        1673  1.826   1       1723  -.654  11       1773   .340  22       1823 -1.434  25       1873  -.140  25
                        1674  -.243   1       1724  -.020  11       1774 -1.954  22       1824   .410  25       1874 -1.094  25
                        1675  2.892   1       1725   .105  13       1775 -1.358  22       1825  -.576  25       1875   .400  25
                        1676   .295   1       1726  -.900  14       1776   .089  22       1826 -1.531  25       1876   .115  25
                        1677  1.376   1       1727  -.931  14       1777   .161  23       1827  1.087  25       1877  -.566  25
                        1678  2.350   1       1728 -1.035  15       1778   .514  23       1828   .432  25       1878  1.118  25
                        1679  -.475   1       1729   .547  15       1779 -1.192  23       1829  -.748  25       1879  -.443  25

                        1680  -.796   1       1730  -.262  15       1780   .827  24       1830   .565  25       1880  -.161  25
                        1681 -2.415   1       1731  1.681  15       1781  1.224  24       1831   .060  25       1881   .885  25
                        1682  -.676   1       1732  -.312  15       1782   .449  25       1832  1.823  25       1882   .236  25
                        1683 -1.863   1       1733 -1.144  15       1783   .136  25       1833  1.215  25       1883  -.033  25
                        1684  1.678   2       1734 -1.113  15       1784  -.428  25       1834   .372  25       1884   .826  25
                        1685   .269   2       1735   .578  15       1785  -.241  25       1835  -.277  25       1885  -.433  25
                        1686  -.038   2       1736  1.292  15       1786   .792  25       1836  1.030  25       1886   .391  25
                        1687  -.434   2       1737   .235  15       1787   .764  25       1837  -.644  25       1887   .330  25
                        1688 -1.869   2       1738  -.485  16       1788  1.209  25       1838  -.404  25       1888   .080  25
                        1689 -1.203   2       1739  1.049  16       1789  -.845  25       1839 -1.547  25       1889  1.466  24

                        1690   .543   2       1740  1.231  16       1790  -.342  25       1840  1.155  25       1890   .326  24
                        1691  1.168   2       1741 -1.285  17       1791 -1.870  25       1841   .354  25       1891  -.579  24
  1642  1.926   1       1692  1.596   4       1742   .820  17       1792 -2.236  25       1842  -.137  25       1892  -.544  24
  1643   .454   1       1693   .019   4       1743  -.471  17       1793   .148  25       1843  -.978  25       1893  -.298  24
  1644  1.996   1       1694   .730   4       1744  -.708  17       1794   .385  25       1844  -.354  25       1894  -.637  24
  1645  -.344   1       1695  1.015   4       1745   .704  17       1795   .749  25       1845 -1.086  25       1895  -.221  24
  1646   .017   1       1696  1.282   5       1746 -1.079  17       1796   .652  25       1846  -.224  25       1896  -.845  24
  1647 -1.892   1       1697  -.577   5       1747   .362  17       1797  -.776  25       1847  -.710  25       1897  -.890  24
  1648   .001   1       1698 -1.483   5       1748 -2.375  17       1798   .328  25       1848  -.503  25       1898 -1.404  24
  1649 -2.418   1       1699 -1.277   6       1749  -.238  17       1799   .761  25       1849   .303  25       1899  -.623  24
PART 3:  Master Dating Series: wdSTATS                                                             11:10  Fri 14 Sep 2012  Page   4
------------------------------------------------------------------------------------------------------------------------------------
  Year  Value  No Ab    Year  Value  No Ab    Year  Value  No Ab    Year  Value  No Ab    Year  Value  No Ab    Year  Value  No Ab
  ------------------    ------------------    ------------------    ------------------    ------------------    ------------------
  1900  -.902  24       1950  1.517  24
  1901  1.039  24       1951  1.885  24
  1902  -.563  24       1952   .017  24
  1903  1.196  24       1953   .989  24
  1904  1.269  24       1954  -.355  24
  1905  -.155  24       1955 -1.314  24
  1906   .960  24       1956  -.247  24
  1907   .573  24       1957   .667  24
  1908   .925  24       1958   .616  24
  1909   .916  24       1959   .529  24

  1910   .568  24       1960  -.001  24
  1911 -2.416  24       1961  1.014  24
  1912  -.432  24       1962   .231  24
  1913   .409  24       1963 -1.424  24
  1914 -2.078  24       1964  -.856  24
  1915 -1.025  24       1965  -.807  24
  1916  1.387  24       1966 -1.904  24
  1917   .632  24       1967 -1.173  24
  1918  -.831  24       1968  -.425  24
  1919   .802  24       1969  -.633  24

  1920   .988  24       1970  1.011  24
  1921   .036  24       1971  1.618  24
  1922   .482  24       1972  1.134  24
  1923  -.959  24       1973   .361  24
  1924  1.189  24       1974   .647  24
  1925 -1.785  24       1975  1.024  23
  1926  -.747  24       1976   .720  23
  1927  1.105  24       1977 -1.077  23
  1928  1.998  24       1978   .179  23
  1929   .610  24       1979  -.428  23

  1930  -.252  24       1980  -.448  22
  1931  -.432  24       1981 -1.463   6
  1932   .512  24
  1933 -1.168  24
  1934  -.473  24
  1935  -.888  24
  1936 -1.203  24
  1937   .703  24
  1938   .878  24
  1939   .919  24

  1940  1.024  24
  1941  -.652  24
  1942  -.003  24
  1943   .389  24
  1944  -.850  24
  1945 -1.059  24
  1946  -.201  24
  1947 -1.827  24
  1948  -.690  24
  1949  1.103  24
------------------------------------------------------------------------------------------------------------------------------------
PART 4:  Master Bar Plot: wdSTATS                                                                  11:10  Fri 14 Sep 2012  Page   5
------------------------------------------------------------------------------------------------------------------------------------
   Year Rel value  Year Rel value  Year Rel value  Year Rel value  Year Rel value  Year Rel value  Year Rel value  Year Rel value
                   1650g           1700------B     1750-------B    1800-----@      1850---------E  1900--d         1950----------F
                   1651---c        1701--------C   1751------A     1801---------E  1851-----@      1901---------D  1951----------H
                   1652---------E  1702-------C    1752------B     1802------B     1852------A     1902---b        1952-----@
                   1653----------L 1703---b        1753------A     1803----a       1853----a       1903---------E  1953---------D
                   1654-------B    1704j           1754---------E  1804---------D  1854----------F 1904---------E  1954----a
                   1655----------F 1705--c         1755--d         1805-----@      1855--------C   1905----a       1955-e
                   1656-------C    1706---b        1756----------H 1806g           1856-------B    1906--------D   1956----a
                   1657i           1707-------B    1757----a       1807-d          1857--------C   1907-------B    1957-------C
                   1658-d          1708-------B    1758f           1808-----@      1858----a       1908--------D   1958-------B
                   1659---------D  1709----a       1759--c         1809--------C   1859-e          1909--------D   1959-------B
                   1660--c         1710--c         1760-e          1810-d          1860-d          1910-------B    1960-----@
                   1661-e          1711-------B    1761--------D   1811----a       1861--d         1911j           1961---------D
                   1662f           1712---------E  1762----a       1812----a       1862---------D  1912---b        1962------A
                   1663----------I 1713------A     1763---------E  1813----a       1863-----@      1913------B     1963-f
                   1664-------C    1714-----@      1764---b        1814------B     1864------A     1914h           1964--c
                   1665f           1715---b        1765----a       1815-------B    1865-----A      1915-d          1965--c
                   1666--c         1716-------B    1766---------E  1816----a       1866-----@      1916----------F 1966h
                   1667-d          1717------A     1767--c         1817-----@      1867--d         1917-------C    1967-e
                   1668f           1718-----@      1768---------E  1818---------E  1868----a       1918--c         1968---b
                   1669-----@      1719-------B    1769--c         1819------B     1869----------E 1919--------C   1969---c
                   1670--c         1720----------F 1770---------E  1820----a       1870--------D   1920---------D  1970---------D
                   1671----------F 1721-----@      1771-------B    1821---------D  1871-d          1921-----@      1971----------F
                   1672----a       1722------A     1772---b        1822-e          1872--d         1922-------B    1972---------E
                   1673----------G 1723--c         1773------A     1823-f          1873----a       1923-d          1973------A
                   1674----a       1724-----@      1774h           1824------B     1874-d          1924---------E  1974-------C
                   1675----------L 1725-----@      1775-e          1825---b        1875------B     1925g           1975---------D
                   1676------A     1726--d         1776-----@      1826f           1876-----@      1926--c         1976--------C
                   1677----------F 1727--d         1777-----A      1827---------D  1877---b        1927---------D  1977-d
                   1678----------I 1728-d          1778-------B    1828------B     1878---------D  1928----------H 1978------A
                   1679---b        1729-------B    1779-e          1829--c         1879---b        1929-------B    1979---b
                   1680--c         1730----a       1780--------C   1830-------B    1880----a       1930----a       1980---b
                   1681j           1731----------G 1781---------E  1831-----@      1881--------D   1931---b        1981f
                   1682--c         1732----a       1782-------B    1832----------G 1882------A     1932-------B
                   1683g           1733-e          1783-----A      1833---------E  1883-----@      1933-e
                   1684----------G 1734-d          1784---b        1834------A     1884--------C   1934---b
                   1685------A     1735-------B    1785----a       1835----a       1885---b        1935--d
                   1686-----@      1736---------E  1786--------C   1836---------D  1886------B     1936-e
                   1687---b        1737------A     1787--------C   1837--c         1887------A     1937--------C
                   1688g           1738---b        1788---------E  1838---b        1888-----@      1938--------D
                   1689-e          1739---------D  1789--c         1839f           1889----------F 1939--------D
                   1690-------B    1740---------E  1790----a       1840---------E  1890------A     1940---------D
                   1691---------E  1741-e          1791g           1841------A     1891---b        1941--c
   1642----------H 1692----------F 1742--------C   1792i           1842----a       1892---b        1942-----@
   1643-------B    1693-----@      1743---b        1793-----A      1843-d          1893----a       1943------B
   1644----------H 1694--------C   1744--c         1794------B     1844----a       1894---c        1944--c
   1645----a       1695---------D  1745--------C   1795--------C   1845-d          1895----a       1945-d
   1646-----@      1696---------E  1746-d          1796-------C    1846----a       1896--c         1946----a
   1647h           1697---b        1747------A     1797--c         1847--c         1897--d         1947g
   1648-----@      1698f           1748j           1798------A     1848---b        1898-f          1948--c
   1649j           1699-e          1749----a       1799--------C   1849------A     1899---b        1949---------D
PART 5:  CORRELATION OF SERIES BY SEGMENTS: wdSTATS                                                11:10  Fri 14 Sep 2012  Page   5
------------------------------------------------------------------------------------------------------------------------------------
 Correlations of  50-year dated segments, lagged  25 years
 Flags:  A = correlation under   .3281 but highest as dated;  B = correlation higher at other than dated position

 Seq Series  Time_span   1675 1700 1725 1750 1775 1800 1825 1850 1875 1900 1925 1950
                         1724 1749 1774 1799 1824 1849 1874 1899 1924 1949 1974 1999
 --- -------- ---------  ---- ---- ---- ---- ---- ---- ---- ---- ---- ---- ---- ---- ---- ---- ---- ---- ---- ---- ---- ----
   1 038011   1692 1979   .55  .65  .76  .84  .68  .49  .50  .56  .76  .67  .47  .44
   2 038012   1699 1980   .77  .78  .79  .69  .71  .72  .61  .45  .61  .70  .62  .56
   3 038021   1725 1980             .69  .68  .51  .50  .52  .42  .56  .71  .66  .59
   4 038022   1725 1980             .39  .18B .35  .53  .51  .57  .63  .75  .74  .70
   5 038051   1782 1980                       .57  .50  .44  .36  .42  .56  .35  .30A
   6 038052   1750 1980                  .62  .68  .49  .39  .49  .44  .52  .53  .45
   7 038091   1726 1980             .61  .60  .58  .52  .70  .60  .64  .74  .70  .68
   8 038092   1766 1980                  .76  .72  .55  .45  .41  .67  .80  .68  .63
   9 038141   1696 1980   .64  .63  .72  .68  .53  .52  .55  .48  .55  .61  .59  .54
  10 038142   1708 1980        .67  .66  .66  .58  .54  .60  .54  .71  .72  .62  .55
  11 038143   1700 1980        .62  .76  .71  .55  .54  .58  .44  .56  .65  .63  .62
  12 038161   1741 1980             .68  .59  .28B .20B .26A-.01B .15B .51  .52  .47
  13 038162   1777 1980                       .58  .49  .32B .17B .57  .71  .49  .39
  14 038171   1713 1980        .40  .50  .54  .63  .59  .61  .44  .53  .58  .44  .39
  15 038172   1712 1980        .55  .60  .61  .52  .51  .55  .29B .33  .35  .45  .43
  16 038221   1642 1980   .35  .42  .60  .61  .59  .52  .32B .17B .52  .70  .48  .48
  17 038222   1728 1980             .55  .61  .48  .40  .37  .27B .42  .51  .49  .46
  18 059021   1700 1888        .41  .49  .56  .65  .58  .42  .41
  19 059051   1692 1974   .26B .25B .49  .57  .22B .28B .53  .47  .42  .49  .28A
  20 059052   1684 1981   .22B .14B .45  .53  .34  .42  .49  .29A .38  .58  .43  .41
  21 059071   1780 1981                       .37  .25B .26B .25A .63  .82  .81  .75
  22 059091   1761 1981                  .69  .55  .47  .53  .49  .73  .66  .53  .52
  23 059092   1738 1981             .70  .54  .19B .28A .39  .40  .59  .67  .69  .67
  24 059101   1766 1981                  .37  .34  .33  .44  .35  .39  .54  .59  .59
  25 059102   1759 1981                  .46  .39  .42  .41  .47  .64  .64  .57  .51
 Av segment correlation   .46  .50  .61  .60  .50  .46  .47  .39  .54  .63  .56  .53
PART 6:  POTENTIAL PROBLEMS: wdSTATS                                                               11:10  Fri 14 Sep 2012  Page   6
------------------------------------------------------------------------------------------------------------------------------------

 For each series with potential problems the following diagnostics may appear:

 [A] Correlations with master dating series of flagged  50-year segments of series filtered with  32-year spline,
     at every point from ten years earlier (-10) to ten years later (+10) than dated

 [B] Effect of those data values which most lower or raise correlation with master series
     Symbol following year indicates value in series is greater (>) or lesser (<) than master series value

 [C] Year-to-year changes very different from the mean change in other series

 [D] Absent rings (zero values)

 [E] Values which are statistical outliers from mean for the year
====================================================================================================================================

 038011    1692 to  1979     288 years                                                                                    Series   1

 [B] Entire series, effect on correlation (  .618) is:
       Lower   1945> -.013   1694< -.012   1848< -.009   1930< -.008   1851< -.007   1839> -.007  Higher   1911  .014   1704  .014

 [E] Outliers     3   3.0 SD above or -4.5 SD below mean for year
       1840 +3.0 SD;    1876 +3.1 SD;    1945 +3.5 SD
====================================================================================================================================

 038012    1699 to  1980     282 years                                                                                    Series   2

 [B] Entire series, effect on correlation (  .666) is:
       Lower   1888< -.011   1902< -.007   1973< -.006   1942< -.006   1878< -.006   1945> -.006  Higher   1704  .012   1748  .011

 [E] Outliers     1   3.0 SD above or -4.5 SD below mean for year
       1978 +3.2 SD
====================================================================================================================================

 038021    1725 to  1980     256 years                                                                                    Series   3

 [B] Entire series, effect on correlation (  .587) is:
       Lower   1877> -.014   1806> -.013   1931> -.008   1810< -.008   1746> -.007   1848> -.006  Higher   1748  .011   1774  .009

 [E] Outliers     4   3.0 SD above or -4.5 SD below mean for year
       1848 +3.1 SD;    1877 +4.0 SD;    1878 +3.4 SD;    1931 +3.0 SD
====================================================================================================================================

 038022    1725 to  1980     256 years                                                                                    Series   4

 [A] Segment   High   -10   -9   -8   -7   -6   -5   -4   -3   -2   -1   +0   +1   +2   +3   +4   +5   +6   +7   +8   +9  +10
    ---------  ----   ---  ---  ---  ---  ---  ---  ---  ---  ---  ---  ---  ---  ---  ---  ---  ---  ---  ---  ---  ---  ---
    1750 1799   -7    .04  .04 -.44  .19*-.18 -.09  .06  .00  .13 -.20  .18|-.01  .15  .10 -.01  .03 -.12  .14 -.05 -.29 -.07

 [B] Entire series, effect on correlation (  .511) is:
       Lower   1771< -.035   1781< -.019   1797> -.016   1774> -.016   1795< -.009   1746> -.007  Higher   1748  .012   1914  .011
     1750 to 1799 segment:
       Lower   1771< -.090   1781< -.059   1797> -.057   1774> -.052   1795< -.026   1779> -.010  Higher   1758  .053   1792  .047

 [E] Outliers     3   3.0 SD above or -4.5 SD below mean for year
       1771 -4.7 SD;    1797 +4.1 SD;    1878 +4.0 SD
====================================================================================================================================

 038051    1782 to  1980     199 years                                                                                    Series   5

 [A] Segment   High   -10   -9   -8   -7   -6   -5   -4   -3   -2   -1   +0   +1   +2   +3   +4   +5   +6   +7   +8   +9  +10
    ---------  ----   ---  ---  ---  ---  ---  ---  ---  ---  ---  ---  ---  ---  ---  ---  ---  ---  ---  ---  ---  ---  ---
    1931 1980    0    .03  .03  .15 -.17  .16 -.01 -.07  .03 -.09  .13  .30*-.05    -    -    -    -    -    -    -    -    -

 [B] Entire series, effect on correlation (  .439) is:
       Lower   1972< -.051   1839< -.011   1827< -.010   1875< -.009   1907< -.008   1944> -.007  Higher   1914  .020   1947  .009
     1931 to 1980 segment:
       Lower   1972< -.247   1944> -.026   1980> -.017   1966> -.014   1949< -.013   1954> -.012  Higher   1947  .051   1955  .031

 [C] Year-to-year changes diverging by over 4.0 std deviations:
       1838 1839  -4.2 SD

 [E] Outliers     2   3.0 SD above or -4.5 SD below mean for year
       1839 -6.9 SD;    1972 -5.2 SD
====================================================================================================================================

 038052    1750 to  1980     231 years                                                                                    Series   6

 [B] Entire series, effect on correlation (  .510) is:
       Lower   1838< -.032   1911> -.009   1954> -.007   1875< -.007   1933> -.006   1839> -.006  Higher   1806  .012   1791  .011

====================================================================================================================================

 038091    1726 to  1980     255 years                                                                                    Series   7

 [B] Entire series, effect on correlation (  .635) is:
       Lower   1892< -.017   1766< -.007   1980> -.006   1742< -.004   1768< -.004   1941> -.004  Higher   1791  .007   1947  .007

 [E] Outliers     3   3.0 SD above or -4.5 SD below mean for year
       1818 +4.0 SD;    1932 +3.2 SD;    1980 +3.0 SD
====================================================================================================================================

 038092    1766 to  1980     215 years                                                                                    Series   8

 [B] Entire series, effect on correlation (  .627) is:
       Lower   1878< -.022   1831< -.011   1839> -.010   1822> -.008   1842< -.008   1859> -.006  Higher   1911  .017   1914  .013

====================================================================================================================================

 038141    1696 to  1980     285 years                                                                                    Series   9

 [B] Entire series, effect on correlation (  .583) is:
       Lower   1877< -.017   1799< -.009   1932< -.008   1931> -.007   1822> -.007   1903< -.006  Higher   1911  .015   1914  .011

 [E] Outliers     3   3.0 SD above or -4.5 SD below mean for year
       1766 +4.2 SD;    1820 +3.1 SD;    1931 +3.1 SD
====================================================================================================================================

 038142    1708 to  1980     273 years                                                                                    Series  10

 [B] Entire series, effect on correlation (  .619) is:
       Lower   1767< -.019   1810> -.014   1977> -.007   1876< -.006   1818< -.006   1957< -.005  Higher   1911  .009   1748  .007

 [E] Outliers     1   3.0 SD above or -4.5 SD below mean for year
       1810 +3.2 SD
====================================================================================================================================

 038143    1700 to  1980     281 years                                                                                    Series  11

 [B] Entire series, effect on correlation (  .599) is:
       Lower   1874> -.009   1810> -.008   1713> -.008   1895< -.008   1909< -.007   1945> -.006  Higher   1911  .014   1925  .009

 [E] Outliers     2   3.0 SD above or -4.5 SD below mean for year
       1713 +3.8 SD;    1820 +3.2 SD
====================================================================================================================================

 038161    1741 to  1980     240 years                                                                                    Series  12

 [A] Segment   High   -10   -9   -8   -7   -6   -5   -4   -3   -2   -1   +0   +1   +2   +3   +4   +5   +6   +7   +8   +9  +10
    ---------  ----   ---  ---  ---  ---  ---  ---  ---  ---  ---  ---  ---  ---  ---  ---  ---  ---  ---  ---  ---  ---  ---
    1775 1824    3   -.03 -.06 -.13 -.11  .06 -.23  .10  .13 -.26 -.01  .28|-.16  .04  .33*-.08 -.12  .22  .12 -.15 -.10 -.12
    1800 1849    3   -.02  .19  .00 -.04  .27 -.07  .10  .07 -.18 -.34  .20|-.28 -.04  .32* .10 -.35  .18 -.01 -.18 -.07  .12
    1825 1874    0   -.09  .16  .07 -.06  .07  .06  .15  .12  .13 -.22  .26*-.13 -.12 -.01  .10 -.22 -.01 -.32  .03  .04 -.01
    1850 1899    9    .01 -.12  .10 -.02 -.04  .05 -.09  .16  .05 -.16 -.01| .02 -.16  .15 -.02 -.13  .02 -.30  .12  .23* .01
    1875 1924    9   -.03 -.09 -.06 -.05 -.02 -.01 -.16  .17  .00 -.17  .15|-.02  .03  .10 -.07 -.08  .10 -.22 -.03  .19*-.05

 [B] Entire series, effect on correlation (  .360) is:
       Lower   1882< -.059   1889< -.012   1819< -.011   1853> -.010   1803< -.008   1804< -.008  Higher   1748  .026   1911  .009
     1775 to 1824 segment:
       Lower   1819< -.055   1803< -.040   1804< -.038   1807> -.031   1795< -.030   1786< -.023  Higher   1810  .030   1791  .028
     1800 to 1849 segment:
       Lower   1819< -.048   1804< -.036   1803< -.030   1807> -.027   1837> -.024   1806> -.018  Higher   1840  .037   1827  .031
     1825 to 1874 segment:
       Lower   1853> -.066   1837> -.031   1833< -.024   1838> -.023   1871> -.020   1831< -.014  Higher   1854  .043   1840  .041
     1850 to 1899 segment:
       Lower   1882< -.107   1889< -.044   1853> -.028   1893> -.019   1891> -.015   1887< -.011  Higher   1854  .043   1881  .028
     1875 to 1924 segment:
       Lower   1882< -.169   1889< -.038   1893> -.019   1891> -.013   1915> -.011   1909< -.010  Higher   1911  .061   1914  .026

 [C] Year-to-year changes diverging by over 4.0 std deviations:
       1881 1882  -4.6 SD

 [E] Outliers     4   3.0 SD above or -4.5 SD below mean for year
       1853 +4.1 SD;    1882 -6.9 SD;    1893 +3.5 SD;    1936 -4.7 SD
====================================================================================================================================

 038162    1777 to  1980     204 years                                                                                    Series  13

 [A] Segment   High   -10   -9   -8   -7   -6   -5   -4   -3   -2   -1   +0   +1   +2   +3   +4   +5   +6   +7   +8   +9  +10
    ---------  ----   ---  ---  ---  ---  ---  ---  ---  ---  ---  ---  ---  ---  ---  ---  ---  ---  ---  ---  ---  ---  ---
    1825 1874   -4   -.01  .08  .26 -.12  .11  .03  .33*-.05  .11  .04  .32| .01 -.28 -.05  .12 -.11 -.08 -.19 -.05 -.08 -.09
    1850 1899   -1   -.18 -.20 -.02  .13  .22 -.02  .23 -.04 -.02  .24* .17| .09 -.09  .06 -.08 -.12 -.04 -.05  .21 -.19 -.01

 [B] Entire series, effect on correlation (  .477) is:
       Lower   1785< -.016   1878< -.013   1977> -.011   1869< -.010   1889< -.010   1874> -.008  Higher   1911  .022   1792  .010
     1825 to 1874 segment:
       Lower   1869< -.049   1874> -.036   1853> -.035   1830< -.035   1837> -.026   1829> -.024  Higher   1854  .039   1827  .035
     1850 to 1899 segment:
       Lower   1878< -.071   1869< -.054   1889< -.052   1874> -.039   1853> -.036   1891> -.031  Higher   1854  .057   1867  .049

 [E] Outliers     1   3.0 SD above or -4.5 SD below mean for year
       1853 +3.3 SD
====================================================================================================================================

 038171    1713 to  1980     268 years                                                                                    Series  14

 [B] Entire series, effect on correlation (  .519) is:
       Lower   1754< -.031   1895< -.012   1970< -.010   1889< -.009   1931> -.007   1713< -.007  Higher   1911  .022   1774  .007

 [E] Outliers     2   3.0 SD above or -4.5 SD below mean for year
       1881 +3.1 SD;    1931 +3.6 SD
====================================================================================================================================

 038172    1712 to  1980     269 years                                                                                    Series  15

 [A] Segment   High   -10   -9   -8   -7   -6   -5   -4   -3   -2   -1   +0   +1   +2   +3   +4   +5   +6   +7   +8   +9  +10
    ---------  ----   ---  ---  ---  ---  ---  ---  ---  ---  ---  ---  ---  ---  ---  ---  ---  ---  ---  ---  ---  ---  ---
    1850 1899   -4   -.16 -.25 -.13 -.19 -.10 -.07  .36* .01 -.07  .10  .29|-.02  .29  .04 -.05  .01 -.13 -.06  .28 -.10 -.08

 [B] Entire series, effect on correlation (  .478) is:
       Lower   1941< -.014   1850< -.009   1817< -.007   1809< -.007   1895< -.007   1916< -.007  Higher   1806  .010   1925  .010
     1850 to 1899 segment:
       Lower   1850< -.056   1889< -.038   1895< -.026   1893> -.026   1867> -.018   1887< -.017  Higher   1854  .055   1871  .036

 [E] Outliers     2   3.0 SD above or -4.5 SD below mean for year
       1745 +3.2 SD;    1909 +3.1 SD
====================================================================================================================================

 038221    1642 to  1980     339 years                                                                                    Series  16

 [*] Early part of series cannot be checked from 1642 to 1683 -- not matched by another series

 [A] Segment   High   -10   -9   -8   -7   -6   -5   -4   -3   -2   -1   +0   +1   +2   +3   +4   +5   +6   +7   +8   +9  +10
    ---------  ----   ---  ---  ---  ---  ---  ---  ---  ---  ---  ---  ---  ---  ---  ---  ---  ---  ---  ---  ---  ---  ---
    1825 1874    5   -.26  .15  .19 -.03 -.34 -.10 -.07 -.15 -.29  .10  .32| .12 -.26 -.01  .07  .40* .04  .06 -.01  .28 -.31
    1850 1899    4    .03  .04 -.08  .10 -.15 -.05 -.09 -.21 -.14  .17  .17|-.04  .06 -.02  .27* .01  .10  .06 -.05  .08 -.10

 [B] Entire series, effect on correlation (  .492) is:
       Lower   1966> -.015   1967< -.011   1885> -.010   1734> -.009   1871> -.008   1732> -.008  Higher   1911  .017   1774  .013
     1825 to 1874 segment:
       Lower   1871> -.058   1834< -.039   1845> -.033   1830< -.033   1862< -.030   1874> -.020  Higher   1869  .041   1832  .034
     1850 to 1899 segment:
       Lower   1885> -.072   1871> -.064   1879> -.041   1884< -.033   1862< -.032   1874> -.022  Higher   1869  .062   1867  .049

 [C] Year-to-year changes diverging by over 4.0 std deviations:
       1884 1885   4.1 SD    1966 1967  -4.1 SD

 [E] Outliers     4   3.0 SD above or -4.5 SD below mean for year
       1734 +3.7 SD;    1849 +4.8 SD;    1885 +3.9 SD;    1966 +4.1 SD
====================================================================================================================================

 038222    1728 to  1980     253 years                                                                                    Series  17

 [A] Segment   High   -10   -9   -8   -7   -6   -5   -4   -3   -2   -1   +0   +1   +2   +3   +4   +5   +6   +7   +8   +9  +10
    ---------  ----   ---  ---  ---  ---  ---  ---  ---  ---  ---  ---  ---  ---  ---  ---  ---  ---  ---  ---  ---  ---  ---
    1850 1899    6    .01  .01  .04  .08  .12 -.20 -.32 -.24 -.03  .21  .27| .12 -.12 -.01  .13  .20  .31* .04 -.23  .05 -.48

 [B] Entire series, effect on correlation (  .460) is:
       Lower   1811< -.018   1914> -.013   1967< -.009   1854< -.008   1977> -.007   1931< -.007  Higher   1911  .022   1774  .010
     1850 to 1899 segment:
       Lower   1854< -.058   1881< -.049   1861> -.028   1862< -.021   1857< -.015   1887< -.014  Higher   1869  .057   1850  .040

 [E] Outliers     3   3.0 SD above or -4.5 SD below mean for year
       1811 -4.8 SD;    1914 +3.0 SD;    1967 -4.5 SD
====================================================================================================================================

 059021    1700 to  1888     189 years                                                                                    Series  18

 [B] Entire series, effect on correlation (  .477) is:
       Lower   1855< -.013   1706< -.012   1857< -.009   1767> -.009   1860> -.008   1829< -.008  Higher   1791  .012   1756  .011

====================================================================================================================================

 059051    1692 to  1974     283 years                                                                                    Series  19

 [A] Segment   High   -10   -9   -8   -7   -6   -5   -4   -3   -2   -1   +0   +1   +2   +3   +4   +5   +6   +7   +8   +9  +10
    ---------  ----   ---  ---  ---  ---  ---  ---  ---  ---  ---  ---  ---  ---  ---  ---  ---  ---  ---  ---  ---  ---  ---
    1692 1741   -5    .19 -.11 -.17  .12  .28  .29*-.07 -.21 -.04  .04  .26|-.17 -.15 -.39  .04  .09  .14 -.03 -.08 -.04 -.17
    1700 1749   -5    .00 -.18 -.15  .34  .32  .35*-.05 -.05 -.12 -.03  .25|-.29 -.01 -.41  .08 -.15 -.06  .01 -.16  .12 -.04
    - - - - - - - - - - - - - - - - - - - - - - - - - - - - - - - - - - - - - - - - - - - - - - - - - - - - - - - - - - - - -
    1775 1824    1    .22 -.20  .00 -.06 -.11  .18 -.01 -.30 -.04 -.10  .22| .25* .01 -.23  .04  .05  .08  .05 -.09  .02  .00
    1800 1849    4    .09 -.17 -.03 -.33 -.10 -.04  .17 -.28  .14  .00  .28| .11  .14 -.08  .31* .15 -.11 -.21 -.01 -.02 -.11
    - - - - - - - - - - - - - - - - - - - - - - - - - - - - - - - - - - - - - - - - - - - - - - - - - - - - - - - - - - - - -
    1925 1974    0    .27 -.05  .08 -.18  .11 -.23 -.18  .02 -.06 -.06  .28* .03 -.09 -.18  .01  .01 -.30 -.18    -    -    -

 [B] Entire series, effect on correlation (  .375) is:
       Lower   1824< -.020   1743> -.014   1947> -.011   1951< -.010   1963> -.009   1802< -.009  Higher   1774  .012   1748  .012
     1692 to 1741 segment:
       Lower   1723> -.050   1727> -.039   1706> -.037   1700< -.029   1726> -.023   1711< -.020  Higher   1704  .110   1720  .027
     1700 to 1749 segment:
       Lower   1743> -.085   1723> -.039   1727> -.030   1706> -.028   1700< -.026   1711< -.018  Higher   1748  .099   1704  .088
     1775 to 1824 segment:
       Lower   1824< -.111   1775> -.045   1802< -.043   1823> -.024   1792> -.018   1796< -.015  Higher   1791  .050   1806  .040
     1800 to 1849 segment:
       Lower   1824< -.105   1802< -.043   1823> -.023   1838> -.018   1829> -.015   1821< -.012  Higher   1839  .039   1843  .039
     1925 to 1974 segment:
       Lower   1951< -.060   1947> -.057   1963> -.048   1958< -.031   1937< -.023   1957< -.023  Higher   1925  .074   1928  .048

 [E] Outliers     6   3.0 SD above or -4.5 SD below mean for year
       1723 +3.0 SD;    1724 +3.3 SD;    1743 +5.5 SD;    1775 +3.5 SD;    1947 +3.6 SD;    1963 +3.1 SD
====================================================================================================================================

 059052    1684 to  1981     298 years                                                                                    Series  20

 [A] Segment   High   -10   -9   -8   -7   -6   -5   -4   -3   -2   -1   +0   +1   +2   +3   +4   +5   +6   +7   +8   +9  +10
    ---------  ----   ---  ---  ---  ---  ---  ---  ---  ---  ---  ---  ---  ---  ---  ---  ---  ---  ---  ---  ---  ---  ---
    1684 1733   -6    .00 -.05 -.27  .04  .29* .21 -.16 -.37 -.24  .11  .22| .12  .02 -.13 -.04  .21  .06 -.27 -.03  .10  .09
    1700 1749   10   -.05 -.17  .00  .04  .22  .13 -.06 -.23 -.03  .20  .14|-.11 -.12 -.03 -.17 -.07 -.09 -.13  .03  .19  .24*
    - - - - - - - - - - - - - - - - - - - - - - - - - - - - - - - - - - - - - - - - - - - - - - - - - - - - - - - - - - - - -
    1850 1899    0   -.11 -.21 -.12  .11 -.01  .03  .02 -.22  .16  .09  .29*-.06  .03 -.12 -.02 -.06  .02 -.05  .07 -.13  .00

 [B] Entire series, effect on correlation (  .406) is:
       Lower   1810> -.009   1884< -.009   1741> -.009   1947> -.008   1706> -.008   1726> -.008  Higher   1914  .015   1774  .013
     1684 to 1733 segment:
       Lower   1706> -.051   1726> -.048   1724< -.033   1723> -.028   1686< -.026   1716< -.020  Higher   1688  .047   1684  .034
     1700 to 1749 segment:
       Lower   1706> -.039   1741> -.039   1726> -.038   1724< -.026   1723> -.022   1736< -.018  Higher   1748  .080   1739  .032
     1850 to 1899 segment:
       Lower   1884< -.068   1891> -.045   1871> -.041   1885> -.014   1889< -.014   1883< -.013  Higher   1869  .038   1874  .032

 [E] Outliers     4   3.0 SD above or -4.5 SD below mean for year
       1706 +3.3 SD;    1790 +4.5 SD;    1810 +3.1 SD;    1891 +3.3 SD
====================================================================================================================================

 059071    1780 to  1981     202 years                                                                                    Series  21

 [A] Segment   High   -10   -9   -8   -7   -6   -5   -4   -3   -2   -1   +0   +1   +2   +3   +4   +5   +6   +7   +8   +9  +10
    ---------  ----   ---  ---  ---  ---  ---  ---  ---  ---  ---  ---  ---  ---  ---  ---  ---  ---  ---  ---  ---  ---  ---
    1800 1849    6    .02 -.10  .07 -.16 -.01 -.10 -.04 -.04 -.26 -.10  .25|-.06  .04  .04 -.05  .02  .32*-.07  .12  .15 -.01
    1825 1874    6    .04 -.08  .04 -.07 -.25 -.11 -.01 -.05 -.10  .00  .26|-.05  .08  .08 -.12 -.07  .32*-.27  .20  .19 -.20
    1850 1899    0   -.04 -.08  .10 -.10  .04  .18 -.10  .03  .13  .19  .25*-.03 -.01  .16 -.19 -.16  .09 -.13 -.14  .07 -.51

 [B] Entire series, effect on correlation (  .502) is:
       Lower   1867> -.030   1806> -.017   1893< -.016   1836< -.014   1845> -.012   1852< -.008  Higher   1914  .019   1911  .016
     1800 to 1849 segment:
       Lower   1836< -.058   1806> -.056   1845> -.042   1807> -.024   1818< -.021   1804< -.018  Higher   1832  .043   1823  .033
     1825 to 1874 segment:
       Lower   1867> -.118   1836< -.054   1845> -.046   1852< -.029   1857< -.023   1868< -.019  Higher   1832  .045   1839  .030
     1850 to 1899 segment:
       Lower   1867> -.140   1893< -.029   1852< -.026   1894> -.022   1857< -.021   1892> -.019  Higher   1889  .039   1898  .037

 [C] Year-to-year changes diverging by over 4.0 std deviations:
       1866 1867   4.1 SD

 [E] Outliers     2   3.0 SD above or -4.5 SD below mean for year
       1845 +3.0 SD;    1867 +5.6 SD
====================================================================================================================================

 059091    1761 to  1981     221 years                                                                                    Series  22

 [B] Entire series, effect on correlation (  .599) is:
       Lower   1881< -.015   1823> -.011   1942< -.010   1945> -.009   1923> -.008   1947> -.007  Higher   1911  .025   1914  .018

 [E] Outliers     1   3.0 SD above or -4.5 SD below mean for year
       1846 +3.1 SD
====================================================================================================================================

 059092    1738 to  1981     244 years                                                                                    Series  23

 [A] Segment   High   -10   -9   -8   -7   -6   -5   -4   -3   -2   -1   +0   +1   +2   +3   +4   +5   +6   +7   +8   +9  +10
    ---------  ----   ---  ---  ---  ---  ---  ---  ---  ---  ---  ---  ---  ---  ---  ---  ---  ---  ---  ---  ---  ---  ---
    1775 1824   -5    .09 -.19 -.06 -.17 -.04  .27* .19  .01  .15  .01  .19|-.04 -.15 -.11 -.14 -.11  .06 -.10  .12  .04 -.17
    1800 1849    0   -.13 -.20  .00 -.22  .05  .15  .20  .10  .10  .09  .28* .07 -.02 -.10  .00 -.18 -.16 -.32  .12 -.10 -.01

 [B] Entire series, effect on correlation (  .539) is:
       Lower   1827< -.013   1790> -.011   1823> -.008   1839> -.007   1921< -.006   1804< -.006  Higher   1911  .021   1748  .010
     1775 to 1824 segment:
       Lower   1790> -.053   1823> -.039   1804< -.032   1814< -.024   1796< -.022   1794< -.017  Higher   1801  .038   1822  .024
     1800 to 1849 segment:
       Lower   1827< -.061   1823> -.039   1839> -.030   1804< -.029   1814< -.021   1846> -.010  Higher   1832  .049   1801  .032

 [E] Outliers     1   3.0 SD above or -4.5 SD below mean for year
       1790 +5.2 SD
====================================================================================================================================

 059101    1766 to  1981     216 years                                                                                    Series  24

 [B] Entire series, effect on correlation (  .456) is:
       Lower   1806> -.016   1886< -.012   1905< -.012   1876< -.011   1979> -.009   1902> -.008  Higher   1914  .014   1966  .013

 [E] Outliers     4   3.0 SD above or -4.5 SD below mean for year
       1815 +3.7 SD;    1850 +3.1 SD;    1869 +4.2 SD;    1979 +3.6 SD
====================================================================================================================================

 059102    1759 to  1981     223 years                                                                                    Series  25

 [B] Entire series, effect on correlation (  .501) is:
       Lower   1870< -.017   1849< -.013   1781< -.011   1840< -.009   1779> -.009   1843> -.008  Higher   1914  .020   1791  .008

 [E] Outliers     2   3.0 SD above or -4.5 SD below mean for year
       1889 +3.2 SD;    1979 +3.2 SD
====================================================================================================================================
PART 7:  DESCRIPTIVE STATISTICS: wdSTATS                                                           11:10  Fri 14 Sep 2012  Page   7
------------------------------------------------------------------------------------------------------------------------------------

                                                Corr   //-------- Unfiltered --------\\  //---- Filtered -----\\
                           No.    No.    No.    with   Mean   Max     Std   Auto   Mean   Max     Std   Auto  AR
 Seq Series   Interval   Years  Segmt  Flags   Master  msmt   msmt    dev   corr   sens  value    dev   corr  ()
 --- -------- ---------  -----  -----  -----   ------ -----  -----  -----  -----  -----  -----  -----  -----  --
   1 038011   1692 1979    288     12      0    .618   1.02   2.13   .351   .843   .148   2.82   .470  -.005   1
   2 038012   1699 1980    282     12      0    .666   1.03   1.71   .243   .658   .156   2.69   .445  -.023   1
   3 038021   1725 1980    256     10      0    .587    .79   2.73   .302   .691   .172   2.76   .369  -.029   1
   4 038022   1725 1980    256     10      1    .511    .79   2.13   .289   .739   .182   2.99   .415  -.031   2
   5 038051   1782 1980    199      8      1    .439    .87   1.35   .153   .278   .155   2.40   .293  -.082   9
   6 038052   1750 1980    231      9      0    .510    .85   1.49   .184   .587   .147   2.56   .368   .019   1
   7 038091   1726 1980    255     10      0    .635    .89   1.93   .265   .641   .183   3.06   .455   .029   1
   8 038092   1766 1980    215      9      0    .627    .85   1.55   .227   .502   .199   2.68   .561  -.032   1
   9 038141   1696 1980    285     12      0    .583    .76   2.44   .229   .517   .181   3.08   .394  -.021   1
  10 038142   1708 1980    273     11      0    .619    .87   1.69   .242   .545   .196   2.50   .337  -.050   1
  11 038143   1700 1980    281     11      0    .599    .78   1.77   .233   .683   .188   2.72   .445  -.020   1
  12 038161   1741 1980    240     10      5    .360    .85   1.97   .259   .695   .155   2.54   .277  -.034   1
  13 038162   1777 1980    204      8      2    .477    .81   1.50   .187   .670   .142   2.46   .342   .012   1
  14 038171   1713 1980    268     11      0    .519    .77   1.84   .246   .749   .161   2.76   .458   .008   6
  15 038172   1712 1980    269     11      1    .478    .78   1.93   .258   .750   .147   2.61   .341  -.039   1
  16 038221   1642 1980    339     12      2    .492    .76   1.34   .192   .722   .140   2.89   .364  -.040   1
  17 038222   1728 1980    253     10      1    .460    .83   2.35   .344   .693   .186   2.57   .383  -.008   1
  18 059021   1700 1888    189      7      0    .477    .75   1.29   .258   .884   .132   2.70   .413  -.023   1
  19 059051   1692 1974    283     11      5    .375    .76   1.50   .199   .707   .148   2.94   .448  -.033   1
  20 059052   1684 1981    298     12      3    .406    .74   1.92   .243   .723   .164   2.91   .516  -.015   1
  21 059071   1780 1981    202      8      3    .502    .96   2.61   .392   .767   .165   3.13   .478   .012   1
  22 059091   1761 1981    221      9      0    .599   1.14   2.09   .242   .580   .142   2.78   .487   .001   1
  23 059092   1738 1981    244     10      2    .539    .95   2.10   .260   .589   .170   3.05   .475   .008   1
  24 059101   1766 1981    216      9      0    .456    .74   1.57   .177   .597   .142   3.00   .406  -.022   1
  25 059102   1759 1981    223      9      0    .501    .69   1.26   .161   .656   .151   2.85   .437   .004   1
 --- -------- ---------  -----  -----  -----   ------ -----  -----  -----  -----  -----  -----  -----  -----  --
 Total or mean:           6270    251     26    .523    .84   2.73   .246   .663   .163   3.13   .416  -.017

                                              - = [  COFECHA WDSTACOF  ] = -
