[]  Dendrochronology Program Library                                        Run CCSTA  Program COF  11:12  Fri 14 Sep 2012  Page   1
[]
[]  P R O G R A M      C O F E C H A                                                                          Version 6.06P    28383
------------------------------------------------------------------------------------------------------------------------------------

 QUALITY CONTROL AND DATING CHECK OF TREE-RING MEASUREMENTS

 Title of run:           ccSTATS                                 

 File of DATED series:   cc.rwl

 CONTENTS:

    Part 1:  Title page, options selected, summary, absent rings by series
    Part 2:  Histogram of time spans
    Part 3:  Master series with sample depth and absent rings by year
    Part 4:  Bar plot of Master Dating Series
    Part 5:  Correlation by segment of each series with Master
    Part 6:  Potential problems: low correlation, divergent year-to-year changes, absent rings, outliers
    Part 7:  Descriptive statistics

 RUN CONTROL OPTIONS SELECTED                             VALUE

         1  Cubic smoothing spline 50% wavelength cutoff for filtering
                                                            32 years
         2  Segments examined are                           50 years lagged successively by  25 years
         3  Autoregressive model applied                     A  Residuals are used in master dating series and testing
         4  Series transformed to logarithms                 Y  Each series log-transformed for master dating series and testing
         5  CORRELATION is Pearson (parametric, quantitative)
            Critical correlation, 99% confidence level   .3281
         6  Master dating series saved                       N
         7  Ring measurements listed                         N
         8  Parts printed                              1234567 
         9  Absent rings are omitted from master series and segment correlations  (Y)

 Text in file: ccrw   1 Craig Creek                                         QUAL               

 Text in file: ccrw   2 Virginia     White Oak          550M +3721-08022    __    1722 2001    

 Text in file: ccrw   3 C.A. Copenheaver                                                       

 Time span of Master dating series is  1722 to  2001   280 years
 Continuous time span is               1722 to  2001   280 years
 Portion with two or more series is    1737 to  2001   265 years


                                        ****************************************
                                        *C* Number of dated series        20 *C*
                                        *O* Master series 1722 2001  280 yrs *O*
                                        *F* Total rings in all series   3883 *F*
                                        *E* Total dated rings checked   3868 *E*
                                        *C* Series intercorrelation     .592 *C*
                                        *H* Average mean sensitivity    .218 *H*
                                        *A* Segments, possible problems   10 *A*
                                        *** Mean length of series      194.1 ***
                                        ****************************************

 ABSENT RINGS listed by SERIES:            (See Master Dating Series for absent rings listed by year)

               No ring measurements of zero value
PART 2:  TIME PLOT OF TREE-RING SERIES: ccSTATS                                                    11:12  Fri 14 Sep 2012  Page   2
------------------------------------------------------------------------------------------------------------------------------------
 1050 1100 1150 1200 1250 1300 1350 1400 1450 1500 1550 1600 1650 1700 1750 1800 1850 1900 1950 2000 2050 Ident   Seq Time-span  Yrs
   :    :    :    :    :    :    :    :    :    :    :    :    :    :    :    :    :    :    :    :    : -------- --- ---- ---- ----
   .    .    .    .    .    .    .    .    .    .    .    .    .    . <===========================>    . ccrwo11    1 1722 2001  280
   .    .    .    .    .    .    .    .    .    .    .    .    .    .    .    .<==================>    . ccrwo10    2 1813 2001  189
   .    .    .    .    .    .    .    .    .    .    .    .    .    .    .    . <=================>    . ccrwo09    3 1826 2001  176
   .    .    .    .    .    .    .    .    .    .    .    .    .    .    .    .   <===============>    . ccrwo12    4 1842 2001  160
   .    .    .    .    .    .    .    .    .    .    .    .    .    .    . <======================>    . ccrwo07    5 1778 2001  224
   .    .    .    .    .    .    .    .    .    .    .    .    .    .    <==================>.    .    . ccrwo08    6 1754 1948  195
   .    .    .    .    .    .    .    .    .    .    .    .    .    .    .    . <=================>    . ccrwo13    7 1826 2001  176
   .    .    .    .    .    .    .    .    .    .    .    .    .    .    .   <====================>    . ccrwo14    8 1790 2001  212
   .    .    .    .    .    .    .    .    .    .    .    .    .    .    .   <====================>    . ccrwo19    9 1790 2001  212
   .    .    .    .    .    .    .    .    .    .    .    .    .    .    .    .  <================>    . ccrwo15   10 1830 2001  172
   .    .    .    .    .    .    .    .    .    .    .    .    .    .    .    .    . <============>    . ccrwo02   11 1877 2000  124
   .    .    .    .    .    .    .    .    .    .    .    .    .    .    .    .    . <============>    . ccrwo01   12 1870 2000  131
   .    .    .    .    .    .    .    .    .    .    .    .    .    .    .    .  <================>    . ccrwo03   13 1830 2001  172
   .    .    .    .    .    .    .    .    .    .    .    .    .    .    .    . <=================>    . ccrwo04   14 1828 2000  173
   .    .    .    .    .    .    .    .    .    .    .    .    .    .    .    <===================>    . ccrwo16   15 1800 2001  202
   .    .    .    .    .    .    .    .    .    .    .    .    .    .  <==========================>    . ccrwo17   16 1737 2001  265
   .    .    .    .    .    .    .    .    .    .    .    .    .    .    <========================>    . ccrwo20   17 1752 2001  250
   .    .    .    .    .    .    .    .    .    .    .    .    .    .    .    .<==================>    . ccrwo05   18 1810 2000  191
   .    .    .    .    .    .    .    .    .    .    .    .    .    .    .    .    .<=============>    . ccrwo06   19 1862 2000  139
   .    .    .    .    .    .    .    .    .    .    .    .    .    .    .<=======================>    . ccrwo18   20 1762 2001  240
   :    :    :    :    :    :    :    :    :    :    :    :    :    :    :    :    :    :    :    :    :
 1050 1100 1150 1200 1250 1300 1350 1400 1450 1500 1550 1600 1650 1700 1750 1800 1850 1900 1950 2000 2050
PART 3:  Master Dating Series: ccSTATS                                                             11:12  Fri 14 Sep 2012  Page   3
------------------------------------------------------------------------------------------------------------------------------------
  Year  Value  No Ab    Year  Value  No Ab    Year  Value  No Ab    Year  Value  No Ab    Year  Value  No Ab    Year  Value  No Ab
  ------------------    ------------------    ------------------    ------------------    ------------------    ------------------
                        1750 -1.124   2       1800   .168   9       1850 -1.091  17       1900  -.425  20       1950  1.269  19
                        1751 -1.225   2       1801  -.663   9       1851   .227  17       1901  -.897  20       1951  1.596  19
                        1752  -.876   3       1802  1.402   9       1852  1.189  17       1902   .553  20       1952   .311  19
                        1753  -.580   3       1803   .473   9       1853  -.723  17       1903   .834  20       1953  1.073  19
                        1754   .290   4       1804   .141   9       1854   .941  17       1904   .586  20       1954  -.979  19
                        1755 -1.154   4       1805  -.653   9       1855  2.737  17       1905   .216  20       1955  -.338  19
                        1756   .667   4       1806 -1.037   9       1856   .030  17       1906  -.706  20       1956   .081  19
                        1757   .715   4       1807  -.052   9       1857  -.645  17       1907   .983  20       1957   .379  19
                        1758 -1.119   4       1808  -.082   9       1858  -.303  17       1908   .608  20       1958  1.322  19
                        1759   .089   4       1809   .844   9       1859  -.843  17       1909  1.234  20       1959  -.720  19

                        1760  1.765   4       1810  1.008  10       1860   .024  17       1910  1.148  20       1960 -1.045  19
                        1761   .270   4       1811  1.065  10       1861   .603  17       1911 -1.712  20       1961   .430  19
                        1762   .659   5       1812  -.276  10       1862   .411  18       1912  -.128  20       1962   .044  19
                        1763   .754   5       1813  -.418  11       1863   .987  18       1913  -.357  20       1963  -.956  19
                        1764   .912   5       1814  1.614  11       1864  -.433  18       1914 -2.869  20       1964 -1.383  19
                        1765  -.577   5       1815  1.301  11       1865   .343  18       1915  1.612  20       1965  -.136  19
                        1766   .981   5       1816 -1.213  11       1866  -.120  18       1916   .902  20       1966 -2.883  19
                        1767  -.956   5       1817   .222  11       1867 -1.163  18       1917   .031  20       1967   .546  19
                        1768   .610   5       1818  -.606  11       1868  -.568  18       1918  -.539  20       1968  -.532  19
                        1769  -.860   5       1819 -1.038  11       1869  -.472  18       1919   .212  20       1969  -.411  19

                        1770   .822   5       1820   .330  11       1870   .075  19       1920   .647  20       1970  -.252  19
                        1771   .891   5       1821  -.667  11       1871 -1.286  19       1921   .307  20       1971   .044  19
  1722   .940   1       1772  -.509   5       1822  -.398  11       1872  1.432  19       1922   .975  20       1972  1.474  19
  1723   .870   1       1773  -.777   5       1823 -2.168  11       1873  -.263  19       1923   .072  20       1973  1.058  19
  1724  1.577   1       1774 -2.854   5       1824   .050  11       1874 -1.702  19       1924  1.062  20       1974   .779  19
  1725   .939   1       1775 -2.733   5       1825   .276  11       1875  1.799  19       1925 -1.794  20       1975   .550  19
  1726 -1.696   1       1776  -.659   5       1826  -.344  13       1876   .453  19       1926  -.773  20       1976  1.254  19
  1727   .136   1       1777  -.537   5       1827  -.015  13       1877  -.871  20       1927  1.318  20       1977  1.238  19
  1728  1.405   1       1778  -.373   6       1828   .107  14       1878  1.584  20       1928  1.360  20       1978  -.304  19
  1729  -.523   1       1779   .579   6       1829 -1.316  14       1879  -.349  20       1929  -.329  20       1979   .343  19

  1730 -1.953   1       1780  1.311   6       1830   .587  16       1880  -.674  20       1930 -1.732  20       1980  1.337  19
  1731 -1.828   1       1781  1.277   6       1831   .066  16       1881  -.437  20       1931  -.254  20       1981  -.443  19
  1732  -.546   1       1782 -1.126   6       1832   .849  16       1882  -.029  20       1932  -.291  20       1982  -.106  19
  1733  -.831   1       1783   .620   6       1833   .170  16       1883  -.155  20       1933 -1.746  20       1983   .015  19
  1734 -1.690   1       1784  -.126   6       1834  -.143  16       1884   .198  20       1934  -.834  20       1984 -1.174  19
  1735   .044   1       1785 -1.123   6       1835  1.291  16       1885  -.488  20       1935   .413  20       1985   .269  19
  1736  1.942   1       1786   .964   6       1836  1.629  16       1886   .812  20       1936  -.177  20       1986  -.717  19
  1737  1.726   2       1787   .644   6       1837   .629  16       1887  -.159  20       1937   .960  20       1987 -2.343  19
  1738   .682   2       1788   .894   6       1838  -.684  16       1888   .003  20       1938   .961  20       1988  -.550  19
  1739  1.487   2       1789   .149   6       1839 -1.719  16       1889  2.322  20       1939  -.660  20       1989  1.290  19

  1740   .730   2       1790  -.466   8       1840   .040  16       1890  -.046  20       1940   .642  20       1990  -.568  19
  1741   .260   2       1791  -.045   8       1841  -.669  16       1891   .958  20       1941   .630  20       1991  -.777  19
  1742   .589   2       1792   .971   8       1842  1.235  17       1892  1.173  20       1942   .322  20       1992  -.867  19
  1743   .045   2       1793  1.988   8       1843   .895  17       1893  -.202  20       1943  -.295  20       1993  1.343  19
  1744 -2.259   2       1794  1.417   8       1844   .731  17       1894 -1.790  20       1944 -1.680  20       1994  1.070  19
  1745  1.043   2       1795  -.146   8       1845 -1.139  17       1895 -1.451  20       1945  -.585  20       1995   .913  19
  1746   .285   2       1796  -.500   8       1846  -.747  17       1896   .019  20       1946   .436  20       1996  1.124  19
  1747  -.396   2       1797 -1.393   8       1847   .027  17       1897  -.826  20       1947  -.559  20       1997 -1.616  19
  1748 -1.343   2       1798  -.976   8       1848  -.970  17       1898  -.339  20       1948   .032  20       1998   .277  19
  1749 -1.006   2       1799 -1.634   8       1849  -.909  17       1899   .162  20       1949   .939  19       1999  -.866  19
PART 3:  Master Dating Series: ccSTATS                                                             11:12  Fri 14 Sep 2012  Page   4
------------------------------------------------------------------------------------------------------------------------------------
  Year  Value  No Ab    Year  Value  No Ab    Year  Value  No Ab    Year  Value  No Ab    Year  Value  No Ab    Year  Value  No Ab
  ------------------    ------------------    ------------------    ------------------    ------------------    ------------------
  2000   .860  19
  2001   .326  14




















































------------------------------------------------------------------------------------------------------------------------------------
PART 4:  Master Bar Plot: ccSTATS                                                                  11:12  Fri 14 Sep 2012  Page   5
------------------------------------------------------------------------------------------------------------------------------------
   Year Rel value  Year Rel value  Year Rel value  Year Rel value  Year Rel value  Year Rel value  Year Rel value  Year Rel value
                   1750-d          1800------A     1850-d          1900---b        1950---------E  2000--------C
                   1751-e          1801--c         1851------A     1901-d          1951----------F 2001------A
                   1752--d         1802----------F 1852---------E  1902-------B    1952------A
                   1753---b        1803-------B    1853--c         1903--------C   1953---------D
                   1754------A     1804-----A      1854--------D   1904-------B    1954-d
                   1755-e          1805--c         1855----------K 1905------A     1955----a
                   1756-------C    1806-d          1856-----@      1906--c         1956-----@
                   1757-------C    1807-----@      1857--c         1907--------D   1957------B
                   1758-d          1808-----@      1858----a       1908-------B    1958---------E
                   1759-----@      1809--------C   1859--c         1909---------E  1959--c
                   1760----------G 1810---------D  1860-----@      1910---------E  1960-d
                   1761------A     1811---------D  1861-------B    1911g           1961-------B
                   1762-------C    1812----a       1862------B     1912----a       1962-----@
                   1763--------C   1813---b        1863--------D   1913----a       1963-d
                   1764--------D   1814----------F 1864---b        1914k           1964f
                   1765---b        1815---------E  1865------A     1915----------F 1965----a
                   1766--------D   1816-e          1866----@       1916--------D   1966l
                   1767-d          1817------A     1867-e          1917-----@      1967-------B
                   1768-------B    1818---b        1868---b        1918---b        1968---b
                   1769--c         1819-d          1869---b        1919------A     1969---b
                   1770--------C   1820------A     1870-----@      1920-------C    1970----a
                   1771--------D   1821--c         1871-e          1921------A     1971-----@
   1722--------D   1772---b        1822---b        1872----------F 1922--------D   1972----------F
   1723--------C   1773--c         1823i           1873----a       1923-----@      1973---------D
   1724----------F 1774k           1824-----@      1874g           1924---------D  1974--------C
   1725--------D   1775k           1825------A     1875----------G 1925g           1975-------B
   1726g           1776--c         1826----a       1876-------B    1926--c         1976---------E
   1727-----A      1777---b        1827-----@      1877--c         1927---------E  1977---------E
   1728----------F 1778----a       1828-----@      1878----------F 1928----------E 1978----a
   1729---b        1779-------B    1829-e          1879----a       1929----a       1979------A
   1730h           1780---------E  1830-------B    1880--c         1930g           1980---------E
   1731g           1781---------E  1831-----@      1881---b        1931----a       1981---b
   1732---b        1782-e          1832--------C   1882-----@      1932----a       1982-----@
   1733--c         1783-------B    1833------A     1883----a       1933g           1983-----@
   1734g           1784----a       1834----a       1884------A     1934--c         1984-e
   1735-----@      1785-d          1835---------E  1885---b        1935------B     1985------A
   1736----------H 1786--------D   1836----------G 1886--------C   1936----a       1986--c
   1737----------G 1787-------C    1837-------C    1887----a       1937--------D   1987i
   1738-------C    1788--------D   1838--c         1888-----@      1938--------D   1988---b
   1739----------F 1789-----A      1839g           1889----------I 1939--c         1989---------E
   1740-------C    1790---b        1840-----@      1890-----@      1940-------C    1990---b
   1741------A     1791-----@      1841--c         1891--------D   1941-------C    1991--c
   1742-------B    1792--------D   1842---------E  1892---------E  1942------A     1992--c
   1743-----@      1793----------H 1843--------D   1893----a       1943----a       1993---------E
   1744i           1794----------F 1844-------C    1894g           1944g           1994---------D
   1745---------D  1795----a       1845-e          1895f           1945---b        1995--------D
   1746------A     1796---b        1846--c         1896-----@      1946-------B    1996---------D
   1747---b        1797f           1847-----@      1897--c         1947---b        1997f
   1748-e          1798-d          1848-d          1898----a       1948-----@      1998------A
   1749-d          1799g           1849-d          1899------A     1949--------D   1999--c
PART 5:  CORRELATION OF SERIES BY SEGMENTS: ccSTATS                                                11:12  Fri 14 Sep 2012  Page   5
------------------------------------------------------------------------------------------------------------------------------------
 Correlations of  50-year dated segments, lagged  25 years
 Flags:  A = correlation under   .3281 but highest as dated;  B = correlation higher at other than dated position

 Seq Series  Time_span   1725 1750 1775 1800 1825 1850 1875 1900 1925 1950 1975
                         1774 1799 1824 1849 1874 1899 1924 1949 1974 1999 2024
 --- -------- ---------  ---- ---- ---- ---- ---- ---- ---- ---- ---- ---- ---- ---- ---- ---- ---- ---- ---- ---- ---- ----
   1 ccrwo11  1722 2001   .44  .65  .75  .72  .74  .82  .70  .67  .68  .72  .71
   2 ccrwo10  1813 2001                  .46  .50  .65  .80  .85  .85  .86  .86
   3 ccrwo09  1826 2001                       .70  .74  .86  .72  .72  .81  .81
   4 ccrwo12  1842 2001                       .75  .79  .72  .67  .71  .63  .63
   5 ccrwo07  1778 2001             .80  .70  .60  .40  .28A .44  .49  .39  .42
   6 ccrwo08  1754 1948        .38  .48  .52  .46  .20B .28A .42
   7 ccrwo13  1826 2001                       .73  .64  .77  .87  .80  .76  .74
   8 ccrwo14  1790 2001             .74  .71  .68  .64  .77  .68  .54  .70  .69
   9 ccrwo19  1790 2001             .67  .77  .72  .65  .59  .65  .78  .67  .66
  10 ccrwo15  1830 2001                       .16B .36  .77  .78  .78  .78  .76
  11 ccrwo02  1877 2000                                 .77  .79  .71  .67  .67
  12 ccrwo01  1870 2000                            .54  .48  .40  .54  .66  .66
  13 ccrwo03  1830 2001                       .57  .48  .61  .82  .82  .73  .72
  14 ccrwo04  1828 2000                       .44  .57  .64  .68  .61  .58  .56
  15 ccrwo16  1800 2001                  .38  .57  .65  .63  .57  .59  .66  .65
  16 ccrwo17  1737 2001   .23B .29A .03B .05B .33  .50  .55  .38  .34  .25A .23A
  17 ccrwo20  1752 2001        .47  .49  .71  .74  .53  .56  .58  .53  .45  .46
  18 ccrwo05  1810 2000                  .60  .71  .57  .56  .72  .55  .39  .39
  19 ccrwo06  1862 2000                            .71  .62  .43  .40  .53  .52
  20 ccrwo18  1762 2001        .59  .63  .63  .64  .66  .64  .68  .73  .71  .70
 Av segment correlation   .34  .48  .57  .57  .59  .58  .63  .64  .64  .63  .62
PART 6:  POTENTIAL PROBLEMS: ccSTATS                                                               11:12  Fri 14 Sep 2012  Page   6
------------------------------------------------------------------------------------------------------------------------------------

 For each series with potential problems the following diagnostics may appear:

 [A] Correlations with master dating series of flagged  50-year segments of series filtered with  32-year spline,
     at every point from ten years earlier (-10) to ten years later (+10) than dated

 [B] Effect of those data values which most lower or raise correlation with master series
     Symbol following year indicates value in series is greater (>) or lesser (<) than master series value

 [C] Year-to-year changes very different from the mean change in other series

 [D] Absent rings (zero values)

 [E] Values which are statistical outliers from mean for the year
====================================================================================================================================

 ccrwo11   1722 to  2001     280 years                                                                                    Series   1

 [*] Early part of series cannot be checked from 1722 to 1736 -- not matched by another series

 [B] Entire series, effect on correlation (  .656) is:
       Lower   1744> -.018   1749> -.007   1914> -.007   1774< -.006   1738< -.006   1773> -.005  Higher   1987  .007   1925  .006

 [E] Outliers     2   3.0 SD above or -4.5 SD below mean for year
       1744 +3.1 SD;    1775 -5.9 SD
====================================================================================================================================

 ccrwo10   1813 to  2001     189 years                                                                                    Series   2

 [B] Entire series, effect on correlation (  .733) is:
       Lower   1861< -.023   1819> -.010   1844< -.009   1904< -.009   1847< -.008   1816< -.007  Higher   1914  .019   1966  .011

====================================================================================================================================

 ccrwo09   1826 to  2001     176 years                                                                                    Series   3

 [B] Entire series, effect on correlation (  .744) is:
       Lower   1947< -.036   1833> -.008   1954> -.008   1862< -.007   1851< -.006   1977< -.005  Higher   1966  .023   1914  .015

 [E] Outliers     1   3.0 SD above or -4.5 SD below mean for year
       1833 +3.1 SD
====================================================================================================================================

 ccrwo12   1842 to  2001     160 years                                                                                    Series   4

 [B] Entire series, effect on correlation (  .679) is:
       Lower   1890< -.015   1980< -.013   1982< -.012   1993< -.010   1948< -.010   1996< -.007  Higher   1966  .031   1914  .014

====================================================================================================================================

 ccrwo07   1778 to  2001     224 years                                                                                    Series   5

 [A] Segment   High   -10   -9   -8   -7   -6   -5   -4   -3   -2   -1   +0   +1   +2   +3   +4   +5   +6   +7   +8   +9  +10
    ---------  ----   ---  ---  ---  ---  ---  ---  ---  ---  ---  ---  ---  ---  ---  ---  ---  ---  ---  ---  ---  ---  ---
    1875 1924    0    .08 -.38  .12  .22 -.03  .14 -.01  .17 -.07 -.06  .28*-.03 -.19 -.01 -.18 -.22 -.06 -.06 -.01 -.09  .07

 [B] Entire series, effect on correlation (  .492) is:
       Lower   1884< -.025   1990< -.019   1894> -.013   1951< -.011   1995< -.010   1914> -.008  Higher   1823  .009   1915  .008
     1875 to 1924 segment:
       Lower   1884< -.079   1894> -.046   1911> -.018   1903< -.015   1882< -.013   1906> -.012  Higher   1915  .045   1875  .028

 [E] Outliers     2   3.0 SD above or -4.5 SD below mean for year
       1884 -4.7 SD;    1990 -4.9 SD
====================================================================================================================================

 ccrwo08   1754 to  1948     195 years                                                                                    Series   6

 [A] Segment   High   -10   -9   -8   -7   -6   -5   -4   -3   -2   -1   +0   +1   +2   +3   +4   +5   +6   +7   +8   +9  +10
    ---------  ----   ---  ---  ---  ---  ---  ---  ---  ---  ---  ---  ---  ---  ---  ---  ---  ---  ---  ---  ---  ---  ---
    1850 1899   -3    .20  .04  .02 -.12  .05 -.30 -.10  .34*-.24  .11  .20|-.09 -.11  .04  .18 -.15  .19  .01  .07 -.10  .24
    1875 1924    0    .06 -.19 -.10 -.01  .13 -.25 -.10  .28 -.31  .13  .28*-.22  .16  .05  .00  .02  .19  .09 -.02 -.17 -.06

 [B] Entire series, effect on correlation (  .375) is:
       Lower   1945< -.018   1755> -.015   1758< -.015   1894> -.010   1889< -.010   1875< -.010  Higher   1911  .014   1775  .011
     1850 to 1899 segment:
       Lower   1889< -.038   1875< -.036   1894> -.036   1863< -.035   1864> -.023   1891< -.017  Higher   1855  .044   1878  .039
     1875 to 1924 segment:
       Lower   1894> -.037   1889< -.037   1875< -.035   1906> -.019   1924< -.018   1891< -.016  Higher   1911  .076   1915  .030

 [E] Outliers     1   3.0 SD above or -4.5 SD below mean for year
       1755 +3.0 SD
====================================================================================================================================

 ccrwo13   1826 to  2001     176 years                                                                                    Series   7

 [B] Entire series, effect on correlation (  .756) is:
       Lower   1888< -.020   1871< -.012   1970< -.007   1960> -.006   1994< -.005   1833> -.005  Higher   1966  .018   1914  .017

====================================================================================================================================

 ccrwo14   1790 to  2001     212 years                                                                                    Series   8

 [B] Entire series, effect on correlation (  .682) is:
       Lower   1856< -.014   1935< -.012   1972< -.009   1886< -.007   1966> -.006   1937< -.005  Higher   1914  .017   1987  .008

====================================================================================================================================

 ccrwo19   1790 to  2001     212 years                                                                                    Series   9

 [B] Entire series, effect on correlation (  .662) is:
       Lower   1975< -.020   1908< -.016   1894> -.007   1991> -.007   1793< -.006   1911> -.006  Higher   1914  .012   1987  .011

====================================================================================================================================

 ccrwo15   1830 to  2001     172 years                                                                                    Series  10

 [A] Segment   High   -10   -9   -8   -7   -6   -5   -4   -3   -2   -1   +0   +1   +2   +3   +4   +5   +6   +7   +8   +9  +10
    ---------  ----   ---  ---  ---  ---  ---  ---  ---  ---  ---  ---  ---  ---  ---  ---  ---  ---  ---  ---  ---  ---  ---
    1830 1879   -1   -.01  .02 -.13  .01 -.12 -.28 -.09  .15 -.01  .36* .16|-.20 -.30 -.03 -.07 -.12 -.08  .16  .02  .33 -.11

 [B] Entire series, effect on correlation (  .585) is:
       Lower   1860< -.032   1830< -.017   1856> -.013   1838> -.013   1840< -.012   1855< -.012  Higher   1914  .030   1966  .028
     1830 to 1879 segment:
       Lower   1860< -.061   1830< -.042   1838> -.035   1856> -.034   1840< -.026   1867> -.019  Higher   1875  .061   1878  .022

 [C] Year-to-year changes diverging by over 4.0 std deviations:
       1855 1856   4.0 SD

 [E] Outliers     2   3.0 SD above or -4.5 SD below mean for year
       1838 +3.3 SD;    1860 -4.6 SD
====================================================================================================================================

 ccrwo02   1877 to  2000     124 years                                                                                    Series  11

 [B] Entire series, effect on correlation (  .733) is:
       Lower   1982< -.018   1966> -.014   1877> -.009   1925> -.008   1900> -.008   1987> -.007  Higher   1914  .030   1894  .010

====================================================================================================================================

 ccrwo01   1870 to  2000     131 years                                                                                    Series  12

 [B] Entire series, effect on correlation (  .529) is:
       Lower   1920< -.019   1944> -.012   1969> -.009   1947> -.009   1880> -.009   1982> -.008  Higher   1966  .060   1894  .017

====================================================================================================================================

 ccrwo03   1830 to  2001     172 years                                                                                    Series  13

 [B] Entire series, effect on correlation (  .674) is:
       Lower   1863< -.014   1953< -.010   1840< -.010   1852< -.008   1874> -.006   1887< -.006  Higher   1966  .027   1914  .013

====================================================================================================================================

 ccrwo04   1828 to  2000     173 years                                                                                    Series  14

 [B] Entire series, effect on correlation (  .562) is:
       Lower   1958< -.038   1829> -.015   1980< -.015   1941< -.011   1841> -.009   1970> -.008  Higher   1966  .042   1925  .016

 [E] Outliers     3   3.0 SD above or -4.5 SD below mean for year
       1882 +3.1 SD;    1958 -4.8 SD;    1970 +3.1 SD
====================================================================================================================================

 ccrwo16   1800 to  2001     202 years                                                                                    Series  15

 [B] Entire series, effect on correlation (  .579) is:
       Lower   1906< -.014   1802< -.012   1803> -.010   1845> -.010   1816> -.008   1929> -.008  Higher   1914  .016   1966  .009

 [E] Outliers     1   3.0 SD above or -4.5 SD below mean for year
       1803 +3.4 SD
====================================================================================================================================

 ccrwo17   1737 to  2001     265 years                                                                                    Series  16

 [A] Segment   High   -10   -9   -8   -7   -6   -5   -4   -3   -2   -1   +0   +1   +2   +3   +4   +5   +6   +7   +8   +9  +10
    ---------  ----   ---  ---  ---  ---  ---  ---  ---  ---  ---  ---  ---  ---  ---  ---  ---  ---  ---  ---  ---  ---  ---
    1737 1786    3   -.06 -.24 -.36 -.30 -.10 -.11 -.08 -.07  .00  .11  .23|-.04  .22  .24* .17  .01  .14  .15  .16  .01  .14
    1750 1799    0   -.09 -.14 -.18 -.18 -.15 -.03  .11  .01 -.03 -.03  .29* .22  .22  .16  .09  .01  .09  .00  .05 -.14  .05
    1775 1824   10    .15 -.01  .12  .09 -.18 -.03  .05  .05 -.02  .11  .03|-.04 -.08  .21 -.11  .04 -.04 -.06  .23 -.04  .24*
    1800 1849    8    .25  .03  .24  .23 -.23 -.09 -.21  .00 -.10 -.02  .05| .04 -.09  .13 -.18  .08 -.10 -.26  .37* .00  .17
    - - - - - - - - - - - - - - - - - - - - - - - - - - - - - - - - - - - - - - - - - - - - - - - - - - - - - - - - - - - - -
    1950 1999    0    .01 -.16 -.12  .07  .10  .19 -.12  .15 -.15  .08  .25*-.16  .11    -    -    -    -    -    -    -    -
    1952 2001    0    .01 -.16 -.15  .10  .10  .17 -.02  .08 -.12  .01  .23*   -    -    -    -    -    -    -    -    -    -

 [B] Entire series, effect on correlation (  .279) is:
       Lower   1758> -.028   1813< -.012   1937< -.010   1987> -.010   1837< -.009   1944> -.009  Higher   1774  .014   1855  .011
     1737 to 1786 segment:
       Lower   1758> -.153   1779< -.023   1782> -.020   1749< -.016   1738> -.016   1785> -.016  Higher   1774  .094   1760  .035
     1750 to 1799 segment:
       Lower   1758> -.173   1779< -.034   1790> -.021   1782> -.019   1763< -.019   1777< -.018  Higher   1774  .107   1760  .038
     1775 to 1824 segment:
       Lower   1808< -.022   1779< -.021   1812> -.021   1819> -.019   1806> -.019   1815< -.018  Higher   1793  .042   1775  .038
     1800 to 1849 segment:
       Lower   1837< -.032   1812> -.023   1819> -.022   1806> -.022   1816> -.021   1818> -.020  Higher   1848  .034   1835  .030
     1950 to 1999 segment:
       Lower   1987> -.051   1999> -.029   1971< -.027   1983> -.023   1998< -.019   1976< -.018  Higher   1993  .029   1984  .028
     1952 to 2001 segment:
       Lower   1987> -.052   1999> -.028   1971< -.027   1983> -.020   1998< -.019   1976< -.017  Higher   1993  .030   1984  .027

 [E] Outliers     4   3.0 SD above or -4.5 SD below mean for year
       1758 +5.0 SD;    1944 +3.0 SD;    1971 -4.6 SD;    1983 +4.0 SD
====================================================================================================================================

 ccrwo20   1752 to  2001     250 years                                                                                    Series  17

 [B] Entire series, effect on correlation (  .539) is:
       Lower   1775> -.015   1899< -.012   1997> -.009   1797> -.008   1929< -.007   1954> -.007  Higher   1914  .028   1966  .013

 [E] Outliers     1   3.0 SD above or -4.5 SD below mean for year
       1775 +3.9 SD
====================================================================================================================================

 ccrwo05   1810 to  2000     191 years                                                                                    Series  18

 [B] Entire series, effect on correlation (  .558) is:
       Lower   1973< -.026   1987> -.015   1810< -.013   1971< -.009   1910< -.008   1990> -.008  Higher   1911  .013   1894  .012

====================================================================================================================================

 ccrwo06   1862 to  2000     139 years                                                                                    Series  19

 [B] Entire series, effect on correlation (  .526) is:
       Lower   1924< -.021   1896< -.012   1964> -.010   1928< -.010   1918> -.010   1989< -.009  Higher   1914  .022   1889  .012

====================================================================================================================================

 ccrwo18   1762 to  2001     240 years                                                                                    Series  20

 [B] Entire series, effect on correlation (  .653) is:
       Lower   1774> -.014   1871> -.010   1920< -.009   1817< -.006   1792< -.005   1796> -.005  Higher   1925  .009   1911  .008

====================================================================================================================================
PART 7:  DESCRIPTIVE STATISTICS: ccSTATS                                                           11:12  Fri 14 Sep 2012  Page   7
------------------------------------------------------------------------------------------------------------------------------------

                                                Corr   //-------- Unfiltered --------\\  //---- Filtered -----\\
                           No.    No.    No.    with   Mean   Max     Std   Auto   Mean   Max     Std   Auto  AR
 Seq Series   Interval   Years  Segmt  Flags   Master  msmt   msmt    dev   corr   sens  value    dev   corr  ()
 --- -------- ---------  -----  -----  -----   ------ -----  -----  -----  -----  -----  -----  -----  -----  --
   1 ccrwo11  1722 2001    280     11      0    .656    .89   2.49   .345   .674   .248   2.64   .334   .061   1
   2 ccrwo10  1813 2001    189      8      0    .733   1.27   2.41   .501   .792   .205   2.76   .485  -.039   1
   3 ccrwo09  1826 2001    176      7      0    .744   1.34   2.96   .629   .837   .239   2.69   .422   .002   1
   4 ccrwo12  1842 2001    160      7      0    .679   1.48   4.49   .464   .672   .173   2.81   .437  -.031   1
   5 ccrwo07  1778 2001    224      9      1    .492   1.00   5.04   .755   .872   .234   2.78   .365  -.014   1
   6 ccrwo08  1754 1948    195      7      2    .375   1.04   2.80   .439   .798   .200   2.63   .418   .003   1
   7 ccrwo13  1826 2001    176      7      0    .756   1.32   3.09   .553   .718   .252   2.85   .473  -.045   1
   8 ccrwo14  1790 2001    212      9      0    .682   1.06   2.35   .327   .546   .230   2.65   .404  -.041   1
   9 ccrwo19  1790 2001    212      9      0    .662   1.11   2.72   .352   .537   .230   2.66   .402  -.009   1
  10 ccrwo15  1830 2001    172      7      1    .585   1.51   5.28  1.118   .899   .222   2.84   .522   .001   1
  11 ccrwo02  1877 2000    124      5      0    .733   1.64   3.53   .472   .610   .210   2.64   .423   .043   1
  12 ccrwo01  1870 2000    131      6      0    .529   1.45   3.36   .749   .821   .237   2.51   .377  -.050   1
  13 ccrwo03  1830 2001    172      7      0    .674   1.37   2.87   .576   .792   .203   3.09   .507   .015   1
  14 ccrwo04  1828 2000    173      7      0    .562   1.02   2.04   .366   .714   .206   2.58   .396  -.032   1
  15 ccrwo16  1800 2001    202      8      0    .579   1.03   2.28   .479   .772   .245   2.91   .466  -.022   1
  16 ccrwo17  1737 2001    265     11      6    .279    .77   5.30   .742   .926   .237   2.91   .406   .007   4
  17 ccrwo20  1752 2001    250     10      0    .539   1.23   2.77   .341   .596   .176   2.57   .347  -.020   1
  18 ccrwo05  1810 2000    191      8      0    .558   1.03   2.35   .311   .691   .192   2.77   .467  -.012   1
  19 ccrwo06  1862 2000    139      6      0    .526   1.33   2.90   .440   .710   .174   2.55   .376  -.032   1
  20 ccrwo18  1762 2001    240     10      0    .653    .78   3.16   .427   .822   .214   2.68   .369  -.031   1
 --- -------- ---------  -----  -----  -----   ------ -----  -----  -----  -----  -----  -----  -----  -----  --
 Total or mean:           3883    159     10    .592   1.14   5.30   .511   .741   .218   3.09   .415  -.011

                                              - = [  COFECHA CCSTACOF  ] = -
