[]  Dendrochronology Program Library                                        Run LHSTA  Program COF  11:08  Fri 14 Sep 2012  Page   1
[]
[]  P R O G R A M      C O F E C H A                                                                          Version 6.06P    28383
------------------------------------------------------------------------------------------------------------------------------------

 QUALITY CONTROL AND DATING CHECK OF TREE-RING MEASUREMENTS

 Title of run:           lhSTATS                                 

 File of DATED series:   lh.rwl

 CONTENTS:

    Part 1:  Title page, options selected, summary, absent rings by series
    Part 2:  Histogram of time spans
    Part 3:  Master series with sample depth and absent rings by year
    Part 4:  Bar plot of Master Dating Series
    Part 5:  Correlation by segment of each series with Master
    Part 6:  Potential problems: low correlation, divergent year-to-year changes, absent rings, outliers
    Part 7:  Descriptive statistics

 RUN CONTROL OPTIONS SELECTED                             VALUE

         1  Cubic smoothing spline 50% wavelength cutoff for filtering
                                                            32 years
         2  Segments examined are                           50 years lagged successively by  25 years
         3  Autoregressive model applied                     A  Residuals are used in master dating series and testing
         4  Series transformed to logarithms                 Y  Each series log-transformed for master dating series and testing
         5  CORRELATION is Pearson (parametric, quantitative)
            Critical correlation, 99% confidence level   .3281
         6  Master dating series saved                       N
         7  Ring measurements listed                         N
         8  Parts printed                              1234567 
         9  Absent rings are omitted from master series and segment correlations  (Y)

 Text in file: LHC    1 Lynn Hollow                                         QUPR               

 Text in file: LHC    2 Tennessee    Chestnut Oak       700M  3537-08526    __    1750 1997    

 Text in file: LHC    3 D.Stahle  M.Therrell                                                   

 Time span of Master dating series is  1750 to  1997   248 years
 Continuous time span is               1750 to  1997   248 years
 Portion with two or more series is    1751 to  1997   247 years


                                        ****************************************
                                        *C* Number of dated series        19 *C*
                                        *O* Master series 1750 1997  248 yrs *O*
                                        *F* Total rings in all series   3446 *F*
                                        *E* Total dated rings checked   3445 *E*
                                        *C* Series intercorrelation     .609 *C*
                                        *H* Average mean sensitivity    .171 *H*
                                        *A* Segments, possible problems    1 *A*
                                        *** Mean length of series      181.4 ***
                                        ****************************************

 ABSENT RINGS listed by SERIES:            (See Master Dating Series for absent rings listed by year)

               No ring measurements of zero value
PART 2:  TIME PLOT OF TREE-RING SERIES: lhSTATS                                                    11:08  Fri 14 Sep 2012  Page   2
------------------------------------------------------------------------------------------------------------------------------------
 1050 1100 1150 1200 1250 1300 1350 1400 1450 1500 1550 1600 1650 1700 1750 1800 1850 1900 1950 2000 2050 Ident   Seq Time-span  Yrs
   :    :    :    :    :    :    :    :    :    :    :    :    :    :    :    :    :    :    :    :    : -------- --- ---- ---- ----
   .    .    .    .    .    .    .    .    .    .    .    .    .    .    .    .    <=============>.    . LYN02A     1 1850 1997  148
   .    .    .    .    .    .    .    .    .    .    .    .    .    .    .    .   <==============>.    . LYN02B     2 1849 1997  149
   .    .    .    .    .    .    .    .    .    .    .    .    .    .    .    .    . <===========>.    . LYN03A     3 1875 1997  123
   .    .    .    .    .    .    .    .    .    .    .    .    .    .    .    .<=================>.    . LYN04A     4 1812 1997  186
   .    .    .    .    .    .    .    .    .    .    .    .    .    .    . <=====================>.    . LYN04B     5 1776 1997  222
   .    .    .    .    .    .    .    .    .    .    .    .    .    .    .    <==================>.    . LYN05A     6 1802 1997  196
   .    .    .    .    .    .    .    .    .    .    .    .    .    .    .  <====================>.    . LYN05B     7 1788 1997  210
   .    .    .    .    .    .    .    .    .    .    .    .    .    .    .    <==================>.    . LYN06A     8 1803 1997  195
   .    .    .    .    .    .    .    .    .    .    .    .    .    .    .    .    <=============>.    . LYN07A     9 1859 1997  139
   .    .    .    .    .    .    .    .    .    .    .    .    .    .    .    .    .  <==========>.    . LYN07B    10 1883 1997  115
   .    .    .    .    .    .    .    .    .    .    .    .    .    .    <==================>.    .    . LYN08A    11 1750 1949  200
   .    .    .    .    .    .    .    .    .    .    .    .    .    .    <=======================>.    . LYN08B    12 1751 1997  247
   .    .    .    .    .    .    .    .    .    .    .    .    .    .    .    . <================>.    . LYN09A    13 1825 1997  173
   .    .    .    .    .    .    .    .    .    .    .    .    .    .    .    <==================>.    . LYN10A    14 1802 1997  196
   .    .    .    .    .    .    .    .    .    .    .    .    .    .    .  <====================>.    . LYN10B    15 1783 1997  215
   .    .    .    .    .    .    .    .    .    .    .    .    .    .    .    .  <===============>.    . LYN12A    16 1832 1997  166
   .    .    .    .    .    .    .    .    .    .    .    .    .    .    .    .<=================>.    . LYN15A    17 1814 1997  184
   .    .    .    .    .    .    .    .    .    .    .    .    .    .    .    .  <===============>.    . LYN18A    18 1830 1997  168
   .    .    .    .    .    .    .    .    .    .    .    .    .    .    .  <====================>.    . LYN18B    19 1784 1997  214
   :    :    :    :    :    :    :    :    :    :    :    :    :    :    :    :    :    :    :    :    :
 1050 1100 1150 1200 1250 1300 1350 1400 1450 1500 1550 1600 1650 1700 1750 1800 1850 1900 1950 2000 2050
PART 3:  Master Dating Series: lhSTATS                                                             11:08  Fri 14 Sep 2012  Page   3
------------------------------------------------------------------------------------------------------------------------------------
  Year  Value  No Ab    Year  Value  No Ab    Year  Value  No Ab    Year  Value  No Ab    Year  Value  No Ab    Year  Value  No Ab
  ------------------    ------------------    ------------------    ------------------    ------------------    ------------------
  1750  1.123   1       1800  -.109   6       1850 -1.467  16       1900 -1.390  19       1950  1.537  18
  1751   .707   2       1801 -1.614   6       1851 -1.016  16       1901 -1.126  19       1951   .925  18
  1752  -.218   2       1802   .942   8       1852  1.325  16       1902   .332  19       1952   .307  18
  1753   .301   2       1803   .710   9       1853  -.831  16       1903   .476  19       1953  -.844  18
  1754 -1.930   2       1804 -1.272   9       1854 -1.067  16       1904  -.404  19       1954 -1.097  18
  1755  1.361   2       1805   .671   9       1855 -1.218  16       1905   .155  19       1955 -1.526  18
  1756  1.043   2       1806   .102   9       1856  -.165  16       1906  -.707  19       1956 -1.431  18
  1757  1.197   2       1807  -.358   9       1857   .772  16       1907   .278  19       1957  -.275  18
  1758  1.124   2       1808  -.811   9       1858  1.114  16       1908   .430  19       1958  -.044  18
  1759  -.550   2       1809  -.771   9       1859  -.193  17       1909   .951  19       1959   .602  18

  1760 -1.963   2       1810   .250   9       1860  1.538  17       1910   .462  19       1960   .230  18
  1761 -1.340   2       1811  -.587   9       1861   .699  17       1911 -2.978  19       1961   .612  18
  1762 -1.338   2       1812 -1.400  10       1862   .361  17       1912   .693  19       1962  -.480  18
  1763   .512   2       1813  -.549  10       1863   .251  17       1913  -.358  19       1963  -.157  18
  1764  -.826   2       1814   .978  11       1864   .991  17       1914 -2.425  19       1964 -1.098  18
  1765  1.185   2       1815   .876  11       1865   .420  17       1915   .403  19       1965  1.123  18
  1766 -1.086   2       1816   .049  11       1866  -.189  17       1916   .777  19       1966  -.922  18
  1767  -.364   2       1817   .893  11       1867  -.138  17       1917   .707  19       1967   .056  18
  1768  1.013   2       1818  -.004  11       1868 -1.257  17       1918   .679  19       1968   .354  18
  1769   .603   2       1819  -.949  11       1869  -.346  17       1919   .732  19       1969  -.245  18

  1770 -1.197   2       1820  1.268  11       1870  -.463  17       1920   .058  19       1970  -.478  18
  1771  1.495   2       1821 -2.762  11       1871  -.147  17       1921 -1.649  19       1971   .677  18
  1772  -.634   2       1822  -.496  11       1872 -2.210  17       1922   .962  19       1972   .650  18
  1773  -.712   2       1823   .598  11       1873  -.387  17       1923   .747  19       1973   .720  18
  1774 -3.120   2       1824  1.376  11       1874 -2.422  17       1924  1.076  19       1974   .969  18
  1775 -1.761   2       1825   .308  12       1875   .858  18       1925 -1.297  19       1975   .289  18
  1776   .540   3       1826 -1.397  12       1876  1.159  18       1926  -.017  19       1976  -.100  18
  1777   .747   3       1827  -.091  12       1877   .608  18       1927  1.074  19       1977 -2.157  18
  1778  -.487   3       1828   .479  12       1878   .624  18       1928  1.574  19       1978   .194  18
  1779   .904   3       1829  -.263  12       1879 -1.948  18       1929  1.165  19       1979   .428  18

  1780  1.403   3       1830   .233  13       1880  -.575  18       1930  -.168  19       1980  -.183  18
  1781   .017   3       1831   .135  13       1881   .540  18       1931 -1.294  19       1981   .802  18
  1782   .345   3       1832   .189  14       1882  1.524  18       1932  -.109  19       1982  -.165  18
  1783   .466   4       1833  1.584  14       1883   .582  19       1933 -1.598  19       1983  2.230  18
  1784  -.983   5       1834   .786  14       1884  1.154  19       1934  -.461  19       1984 -1.489  18
  1785   .068   5       1835   .772  14       1885  -.577  19       1935  -.237  19       1985  -.439  18
  1786  1.485   5       1836   .041  14       1886   .566  19       1936 -2.427  19       1986  -.773  18
  1787  -.243   5       1837  -.730  14       1887  -.584  19       1937   .240  19       1987  -.378  18
  1788  1.052   6       1838 -2.262  14       1888   .329  19       1938  1.268  19       1988 -1.353  18
  1789 -1.243   6       1839 -1.450  14       1889   .759  19       1939   .208  19       1989   .259  18

  1790  -.210   6       1840  1.471  14       1890  -.916  19       1940   .394  19       1990   .784  18
  1791  -.207   6       1841  -.082  14       1891   .164  19       1941  -.588  19       1991   .522  18
  1792 -2.052   6       1842   .403  14       1892  1.200  19       1942   .905  19       1992  1.310  18
  1793   .354   6       1843   .708  14       1893   .777  19       1943   .887  19       1993  -.335  18
  1794   .739   6       1844  -.195  14       1894 -1.204  19       1944  -.357  19       1994   .493  18
  1795   .668   6       1845  -.312  14       1895  -.298  19       1945   .487  19       1995  -.515  18
  1796  1.812   6       1846  -.082  14       1896   .953  19       1946   .518  19       1996   .637  18
  1797  1.582   6       1847   .985  14       1897  1.082  19       1947  -.252  19       1997  -.541  18
  1798  1.235   6       1848   .432  14       1898 -1.314  19       1948  -.318  19
  1799 -1.307   6       1849  1.325  15       1899  -.212  19       1949  1.302  19
------------------------------------------------------------------------------------------------------------------------------------
PART 4:  Master Bar Plot: lhSTATS                                                                  11:08  Fri 14 Sep 2012  Page   4
------------------------------------------------------------------------------------------------------------------------------------
   Year Rel value  Year Rel value  Year Rel value  Year Rel value  Year Rel value  Year Rel value  Year Rel value  Year Rel value
   1750---------D  1800----@       1850-f          1900-f          1950----------F
   1751--------C   1801f           1851-d          1901-e          1951--------D
   1752----a       1802---------D  1852----------E 1902------A     1952------A
   1753------A     1803--------C   1853--c         1903------B     1953--c
   1754h           1804-e          1854-d          1904---b        1954-d
   1755----------E 1805-------C    1855-e          1905-----A      1955-f
   1756---------D  1806-----@      1856----a       1906--c         1956-f
   1757---------E  1807---a        1857--------C   1907-----A      1957---a
   1758---------D  1808--c         1858---------D  1908------B     1958----@
   1759--b         1809--c         1859----a       1909---------D  1959-------B
   1760h           1810-----A      1860----------F 1910------B     1960-----A
   1761-e          1811--b         1861--------C   1911l           1961-------B
   1762-e          1812-f          1862------A     1912-------C    1962---b
   1763-------B    1813--b         1863-----A      1913---a        1963----a
   1764--c         1814---------D  1864---------D  1914j           1964-d
   1765---------E  1815--------D   1865------B     1915------B     1965---------D
   1766-d          1816-----@      1866----a       1916--------C   1966--d
   1767---a        1817--------D   1867----a       1917--------C   1967-----@
   1768---------D  1818----@       1868-e          1918-------C    1968------A
   1769-------B    1819--d         1869---a        1919--------C   1969----a
   1770-e          1820---------E  1870---b        1920-----@      1970---b
   1771----------F 1821k           1871----a       1921g           1971-------C
   1772--c         1822---b        1872i           1922---------D  1972-------C
   1773--c         1823-------B    1873---b        1923--------C   1973--------C
   1774l           1824----------F 1874j           1924---------D  1974---------D
   1775g           1825------A     1875--------C   1925-e          1975------A
   1776-------B    1826-f          1876---------E  1926----@       1976----@
   1777--------C   1827----@       1877-------B    1927---------D  1977i
   1778---b        1828------B     1878-------B    1928----------F 1978-----A
   1779--------D   1829---a        1879h           1929---------E  1979------B
   1780----------F 1830-----A      1880--b         1930----a       1980----a
   1781-----@      1831-----A      1881-------B    1931-e          1981--------C
   1782------A     1832-----A      1882----------F 1932----@       1982----a
   1783------B     1833----------F 1883-------B    1933f           1983----------I
   1784-d          1834--------C   1884---------E  1934---b        1984-f
   1785-----@      1835--------C   1885--b         1935----a       1985---b
   1786----------F 1836-----@      1886-------B    1936j           1986--c
   1787----a       1837--c         1887--b         1937-----A      1987---b
   1788---------D  1838i           1888------A     1938---------E  1988-e
   1789-e          1839-f          1889--------C   1939-----A      1989-----A
   1790----a       1840----------F 1890--d         1940------B     1990--------C
   1791----a       1841----@       1891-----A      1941--b         1991-------B
   1792h           1842------B     1892---------E  1942--------D   1992----------E
   1793------A     1843--------C   1893--------C   1943--------D   1993---a
   1794--------C   1844----a       1894-e          1944---a        1994------B
   1795-------C    1845---a        1895---a        1945------B     1995---b
   1796----------G 1846----@       1896---------D  1946-------B    1996-------C
   1797----------F 1847---------D  1897---------D  1947----a       1997--b
   1798---------E  1848------B     1898-e          1948---a
   1799-e          1849----------E 1899----a       1949----------E
PART 5:  CORRELATION OF SERIES BY SEGMENTS: lhSTATS                                                11:08  Fri 14 Sep 2012  Page   5
------------------------------------------------------------------------------------------------------------------------------------
 Correlations of  50-year dated segments, lagged  25 years
 Flags:  A = correlation under   .3281 but highest as dated;  B = correlation higher at other than dated position

 Seq Series  Time_span   1750 1775 1800 1825 1850 1875 1900 1925 1950
                         1799 1824 1849 1874 1899 1924 1949 1974 1999
 --- -------- ---------  ---- ---- ---- ---- ---- ---- ---- ---- ---- ---- ---- ---- ---- ---- ---- ---- ---- ---- ---- ----
   1 LYN02A   1850 1997                       .50  .64  .71  .46  .47
   2 LYN02B   1849 1997                  .65  .64  .85  .81  .62  .62
   3 LYN03A   1875 1997                            .71  .69  .48  .60
   4 LYN04A   1812 1997             .80  .75  .67  .68  .74  .72  .66
   5 LYN04B   1776 1997        .61  .71  .68  .65  .55  .51  .44  .48
   6 LYN05A   1802 1997             .63  .71  .63  .64  .77  .69  .59
   7 LYN05B   1788 1997        .61  .50  .39  .55  .83  .85  .56  .45
   8 LYN06A   1803 1997             .40  .49  .65  .81  .82  .51  .47
   9 LYN07A   1859 1997                       .76  .67  .69  .63  .52
  10 LYN07B   1883 1997                            .72  .79  .62  .42
  11 LYN08A   1750 1949   .58  .61  .59  .64  .69  .65  .51
  12 LYN08B   1751 1997   .61  .64  .58  .64  .58  .61  .63  .48  .38
  13 LYN09A   1825 1997                  .62  .74  .79  .74  .61  .47
  14 LYN10A   1802 1997             .70  .70  .70  .68  .75  .54  .55
  15 LYN10B   1783 1997        .60  .74  .69  .73  .73  .69  .52  .43
  16 LYN12A   1832 1997                  .62  .64  .77  .81  .76  .74
  17 LYN15A   1814 1997             .58  .54  .53  .63  .68  .51  .55
  18 LYN18A   1830 1997                  .68  .56  .47  .47  .24B .42
  19 LYN18B   1784 1997        .59  .60  .62  .62  .70  .67  .48  .36
 Av segment correlation   .59  .61  .62  .63  .64  .69  .70  .55  .51
PART 6:  POTENTIAL PROBLEMS: lhSTATS                                                               11:08  Fri 14 Sep 2012  Page   5
------------------------------------------------------------------------------------------------------------------------------------

 For each series with potential problems the following diagnostics may appear:

 [A] Correlations with master dating series of flagged  50-year segments of series filtered with  32-year spline,
     at every point from ten years earlier (-10) to ten years later (+10) than dated

 [B] Effect of those data values which most lower or raise correlation with master series
     Symbol following year indicates value in series is greater (>) or lesser (<) than master series value

 [C] Year-to-year changes very different from the mean change in other series

 [D] Absent rings (zero values)

 [E] Values which are statistical outliers from mean for the year
====================================================================================================================================

 LYN02A    1850 to  1997     148 years                                                                                    Series   1

 [B] Entire series, effect on correlation (  .557) is:
       Lower   1955> -.039   1850> -.024   1907< -.013   1898> -.010   1984> -.008   1880< -.007  Higher   1911  .033   1977  .021

 [E] Outliers     1   3.0 SD above or -4.5 SD below mean for year
       1955 +4.8 SD
====================================================================================================================================

 LYN02B    1849 to  1997     149 years                                                                                    Series   2

 [B] Entire series, effect on correlation (  .692) is:
       Lower   1984> -.018   1872> -.012   1964< -.008   1850> -.008   1858< -.007   1966> -.007  Higher   1911  .038   1977  .012

====================================================================================================================================

 LYN03A    1875 to  1997     123 years                                                                                    Series   3

 [B] Entire series, effect on correlation (  .638) is:
       Lower   1926< -.030   1903< -.018   1971< -.016   1925> -.014   1905< -.014   1893< -.012  Higher   1911  .046   1936  .021

====================================================================================================================================

 LYN04A    1812 to  1997     186 years                                                                                    Series   4

 [B] Entire series, effect on correlation (  .721) is:
       Lower   1911> -.006   1928< -.006   1875< -.006   1879> -.005   1969< -.005   1823< -.005  Higher   1821  .029   1838  .008

====================================================================================================================================

 LYN04B    1776 to  1997     222 years                                                                                    Series   5

 [B] Entire series, effect on correlation (  .566) is:
       Lower   1779< -.019   1892< -.016   1977> -.015   1776< -.012   1945< -.011   1969< -.008  Higher   1821  .026   1838  .012

====================================================================================================================================

 LYN05A    1802 to  1997     196 years                                                                                    Series   6

 [B] Entire series, effect on correlation (  .640) is:
       Lower   1887< -.033   1997> -.012   1996< -.011   1956> -.011   1821> -.007   1969> -.006  Higher   1936  .014   1874  .013

====================================================================================================================================

 LYN05B    1788 to  1997     210 years                                                                                    Series   7

 [B] Entire series, effect on correlation (  .615) is:
       Lower   1863< -.033   1970< -.015   1838> -.010   1872> -.010   1829< -.010   1804> -.007  Higher   1911  .031   1914  .015

====================================================================================================================================

 LYN06A    1803 to  1997     195 years                                                                                    Series   8

 [B] Entire series, effect on correlation (  .578) is:
       Lower   1821> -.043   1955> -.018   1831< -.010   1855> -.009   1872> -.008   1838> -.007  Higher   1911  .039   1936  .015

 [E] Outliers     3   3.0 SD above or -4.5 SD below mean for year
       1821 +3.7 SD;    1822 +3.0 SD;    1955 +3.2 SD
====================================================================================================================================

 LYN07A    1859 to  1997     139 years                                                                                    Series   9

 [B] Entire series, effect on correlation (  .623) is:
       Lower   1911> -.026   1966< -.024   1912< -.010   1990< -.009   1964> -.009   1995< -.008  Higher   1872  .019   1984  .014

 [E] Outliers     2   3.0 SD above or -4.5 SD below mean for year
       1896 +3.5 SD;    1924 +3.1 SD
====================================================================================================================================

 LYN07B    1883 to  1997     115 years                                                                                    Series  10

 [B] Entire series, effect on correlation (  .595) is:
       Lower   1894> -.031   1976< -.020   1977> -.017   1993> -.012   1958< -.011   1983< -.009  Higher   1911  .030   1984  .024

 [E] Outliers     1   3.0 SD above or -4.5 SD below mean for year
       1894 +3.7 SD
====================================================================================================================================

 LYN08A    1750 to  1949     200 years                                                                                    Series  11

 [*] Early part of series cannot be checked from 1750 to 1750 -- not matched by another series

 [B] Entire series, effect on correlation (  .578) is:
       Lower   1937< -.014   1751< -.011   1759< -.010   1921> -.010   1947> -.009   1915< -.009  Higher   1911  .036   1774  .016

 [E] Outliers     2   3.0 SD above or -4.5 SD below mean for year
       1897 +3.4 SD;    1947 +3.4 SD
====================================================================================================================================

 LYN08B    1751 to  1997     247 years                                                                                    Series  12

 [B] Entire series, effect on correlation (  .550) is:
       Lower   1878< -.018   1984> -.013   1759> -.010   1988> -.009   1991< -.009   1751> -.007  Higher   1911  .021   1872  .011

====================================================================================================================================

 LYN09A    1825 to  1997     173 years                                                                                    Series  13

 [B] Entire series, effect on correlation (  .623) is:
       Lower   1976< -.029   1831< -.016   1977> -.009   1941> -.009   1956> -.009   1887> -.007  Higher   1911  .021   1936  .015

====================================================================================================================================

 LYN10A    1802 to  1997     196 years                                                                                    Series  14

 [B] Entire series, effect on correlation (  .668) is:
       Lower   1973< -.016   1970> -.007   1949< -.006   1966> -.005   1896< -.005   1832< -.005  Higher   1821  .030   1911  .010

====================================================================================================================================

 LYN10B    1783 to  1997     215 years                                                                                    Series  15

 [B] Entire series, effect on correlation (  .630) is:
       Lower   1786< -.019   1997> -.006   1969> -.006   1949< -.005   1832< -.005   1855< -.005  Higher   1821  .033   1872  .011

====================================================================================================================================

 LYN12A    1832 to  1997     166 years                                                                                    Series  16

 [B] Entire series, effect on correlation (  .713) is:
       Lower   1873< -.013   1868> -.010   1925> -.010   1984> -.009   1834< -.007   1953> -.007  Higher   1911  .031   1936  .014

====================================================================================================================================

 LYN15A    1814 to  1997     184 years                                                                                    Series  17

 [B] Entire series, effect on correlation (  .616) is:
       Lower   1857< -.014   1971< -.014   1854> -.013   1824< -.011   1970> -.011   1929< -.010  Higher   1821  .042   1874  .015

 [E] Outliers     1   3.0 SD above or -4.5 SD below mean for year
       1854 +3.4 SD
====================================================================================================================================

 LYN18A    1830 to  1997     168 years                                                                                    Series  18

 [A] Segment   High   -10   -9   -8   -7   -6   -5   -4   -3   -2   -1   +0   +1   +2   +3   +4   +5   +6   +7   +8   +9  +10
    ---------  ----   ---  ---  ---  ---  ---  ---  ---  ---  ---  ---  ---  ---  ---  ---  ---  ---  ---  ---  ---  ---  ---
    1925 1974    9   -.01 -.08 -.10 -.26  .13 -.05  .07 -.11  .22  .03  .24| .07  .06 -.18 -.34 -.12 -.20 -.10  .25  .34* .15

 [B] Entire series, effect on correlation (  .479) is:
       Lower   1968< -.034   1889< -.023   1955> -.010   1927< -.009   1945< -.009   1918< -.009  Higher   1977  .026   1872  .016
     1925 to 1974 segment:
       Lower   1968< -.105   1927< -.031   1955> -.029   1945< -.028   1966> -.026   1930> -.019  Higher   1936  .078   1949  .040

====================================================================================================================================

 LYN18B    1784 to  1997     214 years                                                                                    Series  19

 [B] Entire series, effect on correlation (  .533) is:
       Lower   1955> -.016   1988> -.010   1997< -.010   1938< -.008   1874> -.008   1788< -.007  Higher   1911  .023   1821  .015

 [E] Outliers     2   3.0 SD above or -4.5 SD below mean for year
       1846 +3.5 SD;    1955 +3.3 SD
====================================================================================================================================
PART 7:  DESCRIPTIVE STATISTICS: lhSTATS                                                           11:08  Fri 14 Sep 2012  Page   6
------------------------------------------------------------------------------------------------------------------------------------

                                                Corr   //-------- Unfiltered --------\\  //---- Filtered -----\\
                           No.    No.    No.    with   Mean   Max     Std   Auto   Mean   Max     Std   Auto  AR
 Seq Series   Interval   Years  Segmt  Flags   Master  msmt   msmt    dev   corr   sens  value    dev   corr  ()
 --- -------- ---------  -----  -----  -----   ------ -----  -----  -----  -----  -----  -----  -----  -----  --
   1 LYN02A   1850 1997    148      5      0    .557    .93   1.85   .314   .703   .206   2.65   .400  -.013   1
   2 LYN02B   1849 1997    149      6      0    .692   1.39   2.64   .384   .528   .206   2.61   .445  -.013   1
   3 LYN03A   1875 1997    123      4      0    .638   1.26   3.24   .583   .804   .230   2.63   .520  -.034   1
   4 LYN04A   1812 1997    186      7      0    .721    .98   1.85   .251   .688   .144   2.70   .387  -.035   2
   5 LYN04B   1776 1997    222      8      0    .566    .87   2.14   .340   .860   .146   2.72   .470  -.028   1
   6 LYN05A   1802 1997    196      7      0    .640   1.22   2.66   .489   .760   .177   2.55   .400  -.038   1
   7 LYN05B   1788 1997    210      8      0    .615   1.38   2.48   .409   .671   .172   2.68   .459  -.064   1
   8 LYN06A   1803 1997    195      7      0    .578   1.09   2.51   .390   .843   .144   2.68   .432  -.027   1
   9 LYN07A   1859 1997    139      5      0    .623   1.01   2.70   .362   .659   .168   2.86   .391  -.021   1
  10 LYN07B   1883 1997    115      4      0    .595   1.01   2.18   .424   .792   .161   2.76   .493  -.041   1
  11 LYN08A   1750 1949    200      7      0    .578   1.00   2.15   .463   .816   .205   2.94   .420  -.008   1
  12 LYN08B   1751 1997    247      9      0    .550    .90   2.36   .399   .801   .181   2.67   .374  -.043   4
  13 LYN09A   1825 1997    173      6      0    .623   1.28   3.38   .564   .872   .164   2.52   .496  -.003   1
  14 LYN10A   1802 1997    196      7      0    .668    .81   1.44   .237   .716   .171   2.59   .403  -.003   1
  15 LYN10B   1783 1997    215      8      0    .630    .86   1.99   .324   .824   .168   2.52   .324  -.007   1
  16 LYN12A   1832 1997    166      6      0    .713   1.18   2.23   .278   .642   .156   2.72   .458  -.009   1
  17 LYN15A   1814 1997    184      7      0    .616   1.22   3.71   .551   .846   .161   2.55   .334  -.041   1
  18 LYN18A   1830 1997    168      6      1    .479    .76   1.82   .349   .899   .158   2.85   .475  -.016   1
  19 LYN18B   1784 1997    214      8      0    .533    .95   2.21   .411   .838   .157   2.68   .439  -.061   1
 --- -------- ---------  -----  -----  -----   ------ -----  -----  -----  -----  -----  -----  -----  -----  --
 Total or mean:           3446    125      1    .609   1.05   3.71   .393   .772   .171   2.94   .423  -.027

                                              - = [  COFECHA LHSTACOF  ] = -
