[]  Dendrochronology Program Library                                        Run NCSTA  Program COF  11:01  Fri 14 Sep 2012  Page   1
[]
[]  P R O G R A M      C O F E C H A                                                                          Version 6.06P    28383
------------------------------------------------------------------------------------------------------------------------------------

 QUALITY CONTROL AND DATING CHECK OF TREE-RING MEASUREMENTS

 Title of run:           ncSTATS                                 

 File of DATED series:   nc.rwl

 CONTENTS:

    Part 1:  Title page, options selected, summary, absent rings by series
    Part 2:  Histogram of time spans
    Part 3:  Master series with sample depth and absent rings by year
    Part 4:  Bar plot of Master Dating Series
    Part 5:  Correlation by segment of each series with Master
    Part 6:  Potential problems: low correlation, divergent year-to-year changes, absent rings, outliers
    Part 7:  Descriptive statistics

 RUN CONTROL OPTIONS SELECTED                             VALUE

         1  Cubic smoothing spline 50% wavelength cutoff for filtering
                                                            32 years
         2  Segments examined are                           50 years lagged successively by  25 years
         3  Autoregressive model applied                     A  Residuals are used in master dating series and testing
         4  Series transformed to logarithms                 Y  Each series log-transformed for master dating series and testing
         5  CORRELATION is Pearson (parametric, quantitative)
            Critical correlation, 99% confidence level   .3281
         6  Master dating series saved                       N
         7  Ring measurements listed                         N
         8  Parts printed                              1234567 
         9  Absent rings are omitted from master series and segment correlations  (Y)

 Time span of Master dating series is  1764 to  2010   247 years
 Continuous time span is               1764 to  2010   247 years
 Portion with two or more series is    1776 to  2010   235 years


                                        ****************************************
                                        *C* Number of dated series        76 *C*
                                        *O* Master series 1764 2010  247 yrs *O*
                                        *F* Total rings in all series   9753 *F*
                                        *E* Total dated rings checked   9741 *E*
                                        *C* Series intercorrelation     .556 *C*
                                        *H* Average mean sensitivity    .208 *H*
                                        *A* Segments, possible problems   41 *A*
                                        *** Mean length of series      128.3 ***
                                        ****************************************

 ABSENT RINGS listed by SERIES:            (See Master Dating Series for absent rings listed by year)

               No ring measurements of zero value
PART 2:  TIME PLOT OF TREE-RING SERIES: ncSTATS                                                    11:01  Fri 14 Sep 2012  Page   2
------------------------------------------------------------------------------------------------------------------------------------
 1050 1100 1150 1200 1250 1300 1350 1400 1450 1500 1550 1600 1650 1700 1750 1800 1850 1900 1950 2000 2050 Ident   Seq Time-span  Yrs
   :    :    :    :    :    :    :    :    :    :    :    :    :    :    :    :    :    :    :    :    : -------- --- ---- ---- ----
   .    .    .    .    .    .    .    .    .    .    .    .    .    .    .    .    .    .    <=====>   . BRC01b     1 1950 2010   61
   .    .    .    .    .    .    .    .    .    .    .    .    .    .    .    .    .    . <========>   . BRC06b     2 1920 2010   91
   .    .    .    .    .    .    .    .    .    .    .    .    .    .    .    .    .    .    <=====>   . BRC10a     3 1954 2010   57
   .    .    .    .    .    .    .    .    .    .    .    .    .    .    .    .    .    .  <=======>   . BRC19b     4 1930 2010   81
   .    .    .    .    .    .    .    .    .    .    .    .    .    .    .    .    .    <==========>   . BRC21a     5 1909 2010  102
   .    .    .    .    .    .    .    .    .    .    .    .    .    .    .    .    .    . <========>   . BRC23b     6 1925 2010   86
   .    .    .    .    .    .    .    .    .    .    .    .    .    .    .    .    .    .   <======>   . BRC24a     7 1945 2010   66
   .    .    .    .    .    .    .    .    .    .    .    .    .    .    .    . <==================>   . BRM02a     8 1828 2010  183
   .    .    .    .    .    .    .    .    .    .    .    .    .    .    .    .    .<=============>    . BRM02b     9 1868 2009  142
   .    .    .    .    .    .    .    .    .    .    .    .    .    .    . <======================>    . BRM03a    10 1776 2009  234
   .    .    .    .    .    .    .    .    .    .    .    .    .    .    .    .    .    <==========>   . BRM04a    11 1902 2010  109
   .    .    .    .    .    .    .    .    .    .    .    .    .    .    .    .    <===============>   . BRM04b    12 1855 2010  156
   .    .    .    .    .    .    .    .    .    .    .    .    .    .    .    .    . <============>    . BRM05b    13 1875 2009  135
   .    .    .    .    .    .    .    .    .    .    .    .    .    .    .    .    <===============>   . BRM06a    14 1851 2010  160
   .    .    .    .    .    .    .    .    .    .    .    .    .    .    .    .   <================>   . BRM06b    15 1844 2010  167
   .    .    .    .    .    .    .    .    .    .    .    .    .    .    .  <======================>   . BRM07a    16 1780 2010  231
   .    .    .    .    .    .    .    .    .    .    .    .    .    .    .    .    .   <==========>    . BRM08     17 1899 2002  104
   .    .    .    .    .    .    .    .    .    .    .    .    .    .    .    .    .    .<=========>   . BRM08a    18 1910 2010  101
   .    .    .    .    .    .    .    .    .    .    .    .    .    .    .    .   <================>   . BRM09a    19 1845 2010  166
   .    .    .    .    .    .    .    .    .    .    .    .    .    .    .    .    .    .    <=====>   . BRM09b    20 1957 2010   54
   .    .    .    .    .    .    .    .    .    .    .    .    .    .    .    .    .    .  <=======>   . BRM11a    21 1937 2010   74
   .    .    .    .    .    .    .    .    .    .    .    .    .    .    .    .    .    .    <=====>   . BRM11b    22 1953 2010   58
   .    .    .    .    .    .    .    .    .    .    .    .    .    .    .    .   <===============>    . BRM12a    23 1848 2009  162
   .    .    .    .    .    .    .    .    .    .    .    .    .    .    .    .    .<==============>   . BRM12b    24 1867 2010  144
   .    .    .    .    .    .    .    .    .    .    .    .    .    .    .    .   <================>   . BRM13a    25 1847 2010  164
   .    .    .    .    .    .    .    .    .    .    .    .    .    .    .    .    .  <============>   . BRM13b    26 1880 2010  131
   .    .    .    .    .    .    .    .    .    .    .    .    .    .    .    .   <================>   . BRM14a    27 1845 2010  166
   .    .    .    .    .    .    .    .    .    .    .    .    .    .    .    .    . <=============>   . BRM14b    28 1879 2010  132
   .    .    .    .    .    .    .    .    .    .    .    .    .    .    .    .    .    .    <====>    . BRM15a    29 1951 2009   59
   .    .    .    .    .    .    .    .    .    .    .    .    .    .    .    .    .    .    <=====>   . BRM15b    30 1950 2010   61
   .    .    .    .    .    .    .    .    .    .    .    .    .    .    .    .    .    .   <======>   . BRM16a    31 1944 2010   67
   .    .    .    .    .    .    .    .    .    .    .    .    .    .    . <=======================>   . BRM17a    32 1778 2010  233
   .    .    .    .    .    .    .    .    .    .    .    .    .    .    .    .    <===============>   . BRM18a    33 1853 2010  158
   .    .    .    .    .    .    .    .    .    .    .    .    .    .    .    .   <================>   . BRM18b    34 1847 2010  164
   .    .    .    .    .    .    .    .    .    .    .    .    .    .    .    .  <=================>   . BRM20a    35 1830 2010  181
   .    .    .    .    .    .    .    .    .    .    .    .    .    .    .    .<===================>   . BRM20b    36 1818 2010  193
   .    .    .    .    .    .    .    .    .    .    .    .    .    .    .    .    . <=============>   . BRM21a    37 1871 2010  140
   .    .    .    .    .    .    .    .    .    .    .    .    .    .    .    .    . <=============>   . BRM21b    38 1877 2010  134
   .    .    .    .    .    .    .    .    .    .    .    .    .    .    .<========================>   . BRM22a    39 1764 2010  247
   .    .    .    .    .    .    .    .    .    .    .    .    .    .    .    .    .  <===========>    . BRM23a    40 1881 2009  129
   .    .    .    .    .    .    .    .    .    .    .    .    .    .    .    .    .  <============>   . BRM23b    41 1884 2010  127
   .    .    .    .    .    .    .    .    .    .    .    .    .    .    .    .    .   <===========>   . BRM24a    42 1898 2010  113
   .    .    .    .    .    .    .    .    .    .    .    .    .    .    .    .    . <============>    . BRM24b    43 1870 2009  140
   .    .    .    .    .    .    .    .    .    .    .    .    .    .    .    .    .    .    .<====>   . BRM25     44 1962 2010   49
   .    .    .    .    .    .    .    .    .    .    .    .    .    .    .    .    .<==============>   . BRM26a    45 1863 2010  148
   .    .    .    .    .    .    .    .    .    .    .    .    .    .    .    .    <===============>   . BRM26b    46 1854 2010  157
   .    .    .    .    .    .    .    .    .    .    .    .    .    .    .    .    .    .    <=====>   . BRM27b    47 1950 2010   61
   .    .    .    .    .    .    .    .    .    .    .    .    .    .    .  <======================>   . BRM29a    48 1780 2010  231
   .    .    .    .    .    .    .    .    .    .    .    .    .    .    .    <====================>   . BRM29b    49 1802 2010  209
   .    .    .    .    .    .    .    .    .    .    .    .    .    .    .    .    <==============>    . BRM31a    50 1855 2009  155
   :    :    :    :    :    :    :    :    :    :    :    :    :    :    :    :    :    :    :    :    :
 1050 1100 1150 1200 1250 1300 1350 1400 1450 1500 1550 1600 1650 1700 1750 1800 1850 1900 1950 2000 2050
PART 2:  TIME PLOT OF TREE-RING SERIES: ncSTATS                                                    11:01  Fri 14 Sep 2012  Page   3
------------------------------------------------------------------------------------------------------------------------------------
 1050 1100 1150 1200 1250 1300 1350 1400 1450 1500 1550 1600 1650 1700 1750 1800 1850 1900 1950 2000 2050 Ident   Seq Time-span  Yrs
   :    :    :    :    :    :    :    :    :    :    :    :    :    :    :    :    :    :    :    :    : -------- --- ---- ---- ----
   .    .    .    .    .    .    .    .    .    .    .    .    .    .    .    .    <==============>    . BRM31b    51 1853 2009  157
   .    .    .    .    .    .    .    .    .    .    .    .    .    .    .    .    .    .<========>    . BRM32a    52 1911 2009   99
   .    .    .    .    .    .    .    .    .    .    .    .    .    .    .    .    .    .<========>    . BRM32b    53 1911 2009   99
   .    .    .    .    .    .    .    .    .    .    .    .    .    .    .    .    .    .<=========>   . BRM33a    54 1910 2010  101
   .    .    .    .    .    .    .    .    .    .    .    .    .    .    .    .    .<=============>    . BRM33b    55 1869 2008  140
   .    .    .    .    .    .    .    .    .    .    .    .    .    .    .    .    <==============>    . BRM35a    56 1852 2009  158
   .    .    .    .    .    .    .    .    .    .    .    .    .    .    .    .    . <=============>   . BRM35b    57 1872 2010  139
   .    .    .    .    .    .    .    .    .    .    .    .    .    .    . <======================>    . BRM36a    58 1779 2009  231
   .    .    .    .    .    .    .    .    .    .    .    .    .    .    .    .    .<==============>   . BRM37a    59 1863 2010  148
   .    .    .    .    .    .    .    .    .    .    .    .    .    .    .    .    . <============>    . BRM37b    60 1876 2009  134
   .    .    .    .    .    .    .    .    .    .    .    .    .    .    .    .   <================>   . SCC01b    61 1847 2010  164
   .    .    .    .    .    .    .    .    .    .    .    .    .    .    .    .    .  <============>   . SCC03a    62 1880 2010  131
   .    .    .    .    .    .    .    .    .    .    .    .    .    .    .    .   <================>   . SCC07b    63 1844 2010  167
   .    .    .    .    .    .    .    .    .    .    .    .    .    .    .    .    .  <============>   . SCC08b    64 1883 2010  128
   .    .    .    .    .    .    .    .    .    .    .    .    .    .    .    .    .  <==========>.    . SCC09b    65 1883 1993  111
   .    .    .    .    .    .    .    .    .    .    .    .    .    .    .    .    .    . <========>   . SCC10a    66 1925 2010   86
   .    .    .    .    .    .    .    .    .    .    .    .    .    .    .    .    .    . <========>   . SCC10b    67 1925 2010   86
   .    .    .    .    .    .    .    .    .    .    .    .    .    .    .    .    .    <=========>    . SCC11b    68 1901 2009  109
   .    .    .    .    .    .    .    .    .    .    .    .    .    .    .    .    .    .   <======>   . SCC13a    69 1940 2010   71
   .    .    .    .    .    .    .    .    .    .    .    .    .    .    .    .    .    .  <=======>   . SCC15b    70 1935 2010   76
   .    .    .    .    .    .    .    .    .    .    .    .    .    .    .    .    .    .    <=====>   . SCC16b    71 1950 2010   61
   .    .    .    .    .    .    .    .    .    .    .    .    .    .    .    .    . <=============>   . SCC18b    72 1872 2010  139
   .    .    .    .    .    .    .    .    .    .    .    .    .    .    .    .    .    .    <=====>   . SCC19a    73 1959 2010   52
   .    .    .    .    .    .    .    .    .    .    .    .    .    .    .    .    .    <==========>   . SCC20b    74 1906 2010  105
   .    .    .    .    .    .    .    .    .    .    .    .    .    .    .    .    .    .   <======>   . SMC12a    75 1944 2010   67
   .    .    .    .    .    .    .    .    .    .    .    .    .    .    .    .    .   <===========>   . SMC20a    76 1890 2010  121
   :    :    :    :    :    :    :    :    :    :    :    :    :    :    :    :    :    :    :    :    :
 1050 1100 1150 1200 1250 1300 1350 1400 1450 1500 1550 1600 1650 1700 1750 1800 1850 1900 1950 2000 2050
PART 3:  Master Dating Series: ncSTATS                                                             11:01  Fri 14 Sep 2012  Page   4
------------------------------------------------------------------------------------------------------------------------------------
  Year  Value  No Ab    Year  Value  No Ab    Year  Value  No Ab    Year  Value  No Ab    Year  Value  No Ab    Year  Value  No Ab
  ------------------    ------------------    ------------------    ------------------    ------------------    ------------------
                        1800  -.753   6       1850 -1.224  18       1900  -.371  47       1950  2.004  70       2000   .205  75
                        1801   .846   6       1851   .318  19       1901   .515  48       1951  1.029  71       2001   .254  75
                        1802   .590   7       1852   .222  20       1902  -.494  49       1952   .380  71       2002 -2.178  75
                        1803   .370   7       1853  -.612  22       1903   .113  49       1953   .906  72       2003   .761  74
                        1804   .790   7       1854  -.857  23       1904  1.379  49       1954 -1.359  73       2004   .585  74
                        1805   .777   7       1855  1.547  25       1905  -.862  49       1955 -1.631  73       2005  1.604  74
                        1806  -.779   7       1856   .800  25       1906 -1.021  50       1956  -.691  73       2006  -.146  74
                        1807  -.186   7       1857  -.172  25       1907  1.094  50       1957   .351  74       2007 -1.409  74
                        1808  -.737   7       1858   .422  25       1908  1.051  50       1958   .201  74       2008  -.194  74
                        1809  -.943   7       1859  -.709  25       1909  1.040  51       1959  -.729  75       2009  1.200  73

                        1810  -.312   7       1860   .278  25       1910  1.123  53       1960 -1.100  75       2010  -.517  58
                        1811   .028   7       1861   .194  25       1911 -1.318  55       1961  -.138  75
                        1812   .125   7       1862   .626  25       1912 -1.464  55       1962   .480  76
                        1813  -.613   7       1863  1.381  27       1913  -.833  55       1963 -1.037  76
  1764  1.807   1       1814   .639   7       1864   .130  27       1914 -2.693  55       1964  -.558  76
  1765   .743   1       1815   .800   7       1865  -.015  27       1915   .532  55       1965   .424  76
  1766 -2.822   1       1816   .079   7       1866 -1.007  27       1916  1.202  55       1966 -1.837  76
  1767 -2.328   1       1817  -.313   7       1867 -1.738  28       1917   .214  55       1967  -.350  76
  1768  1.169   1       1818 -1.665   8       1868 -1.333  29       1918  -.559  55       1968   .271  76
  1769   .263   1       1819  -.273   8       1869  -.356  30       1919  1.177  55       1969  -.580  76

  1770  -.547   1       1820   .345   8       1870   .596  31       1920  -.345  56       1970 -1.650  76
  1771 -1.227   1       1821  -.304   8       1871 -1.119  32       1921  -.148  56       1971   .611  76
  1772  1.383   1       1822  -.262   8       1872   .806  34       1922  1.773  56       1972  1.381  76
  1773  1.366   1       1823  -.128   8       1873   .075  34       1923  -.162  56       1973  1.974  76
  1774   .163   1       1824  -.075   8       1874 -1.511  34       1924  1.890  56       1974  1.597  76
  1775   .211   1       1825   .998   8       1875   .534  35       1925  -.768  59       1975  1.274  76
  1776  2.903   2       1826  1.687   8       1876  1.226  36       1926  -.996  59       1976   .949  76
  1777 -1.208   2       1827  1.859   8       1877   .025  37       1927   .964  59       1977 -1.010  76
  1778  1.687   3       1828   .191   9       1878  1.472  37       1928  1.484  59       1978  -.146  76
  1779  -.391   4       1829   .068   9       1879  -.280  38       1929  1.455  59       1979  -.580  76

  1780   .416   6       1830  -.189  10       1880  -.634  40       1930 -1.864  60       1980  -.893  76
  1781  -.926   6       1831  -.138  10       1881  -.990  41       1931 -1.141  60       1981  -.101  76
  1782   .061   6       1832   .483  10       1882   .458  41       1932  -.532  60       1982   .354  76
  1783  -.198   6       1833  -.329  10       1883  -.015  43       1933 -1.259  60       1983  1.102  76
  1784  -.272   6       1834 -1.272  10       1884   .242  44       1934 -1.318  60       1984 -1.136  76
  1785   .175   6       1835  -.896  10       1885 -1.591  44       1935 -1.013  61       1985  -.385  76
  1786  -.341   6       1836   .165  10       1886  1.306  44       1936 -1.361  61       1986  -.939  76
  1787  -.242   6       1837   .698  10       1887   .012  44       1937  -.994  62       1987  -.938  76
  1788 -1.096   6       1838  -.637  10       1888  -.948  44       1938  1.569  62       1988  -.852  76
  1789 -1.275   6       1839 -2.196  10       1889  1.234  44       1939   .910  62       1989  1.400  76

  1790   .011   6       1840 -1.328  10       1890  -.503  45       1940  1.957  63       1990   .001  76
  1791  -.664   6       1841 -1.230  10       1891  1.213  45       1941  1.025  63       1991  -.251  76
  1792   .514   6       1842  -.875  10       1892  1.175  45       1942  1.493  63       1992   .997  76
  1793   .451   6       1843   .453  10       1893  1.072  45       1943   .888  63       1993  -.376  76
  1794  1.227   6       1844   .696  12       1894   .039  45       1944  -.318  65       1994  -.502  75
  1795  1.791   6       1845  -.344  14       1895  -.083  45       1945  -.878  66       1995  1.173  75
  1796  -.084   6       1846  1.484  14       1896  -.861  45       1946  -.209  66       1996   .841  75
  1797   .302   6       1847   .518  17       1897  -.720  45       1947 -1.699  66       1997  -.046  75
  1798 -1.591   6       1848   .059  18       1898  -.951  46       1948   .167  66       1998   .349  75
  1799   .276   6       1849   .709  18       1899   .056  47       1949   .886  66       1999 -1.305  75
------------------------------------------------------------------------------------------------------------------------------------
PART 4:  Master Bar Plot: ncSTATS                                                                  11:01  Fri 14 Sep 2012  Page   5
------------------------------------------------------------------------------------------------------------------------------------
   Year Rel value  Year Rel value  Year Rel value  Year Rel value  Year Rel value  Year Rel value  Year Rel value  Year Rel value
                   1800--c         1850-e          1900----a       1950----------H 2000------A
                   1801--------C   1851------A     1901-------B    1951---------D  2001------A
                   1802-------B    1852------A     1902---b        1952-------B    2002i
                   1803-------A    1853---b        1903------@     1953--------D   2003--------C
                   1804--------C   1854--c         1904---------F  1954-e          2004-------B
                   1805--------C   1855----------F 1905--c         1955g           2005----------F
                   1806--c         1856--------C   1906-d          1956--c         2006----a
                   1807----a       1857----a       1907---------D  1957-------A    2007f
                   1808--c         1858-------B    1908---------D  1958------A     2008----a
                   1809--d         1859--c         1909---------D  1959--c         2009---------E
                   1810----a       1860------A     1910---------D  1960-d          2010---b
                   1811-----@      1861------A     1911-e          1961----a
                   1812------@     1862-------C    1912f           1962-------B
                   1813---b        1863---------F  1913--c         1963-d
   1764----------G 1814-------C    1864------A     1914k           1964---b
   1765--------C   1815--------C   1865-----@      1915-------B    1965-------B
   1766k           1816-----@      1866-d          1916---------E  1966g
   1767i           1817----a       1867g           1917------A     1967----a
   1768---------E  1818g           1868-e          1918---b        1968------A
   1769------A     1819----a       1869----a       1919---------E  1969---b
   1770---b        1820------A     1870-------B    1920----a       1970g
   1771-e          1821----a       1871-d          1921----a       1971-------B
   1772---------F  1822----a       1872--------C   1922----------G 1972---------F
   1773---------E  1823----a       1873-----@      1923----a       1973----------H
   1774------A     1824-----@      1874f           1924----------H 1974----------F
   1775------A     1825--------D   1875-------B    1925--c         1975---------E
   1776----------L 1826----------G 1876---------E  1926-d          1976--------D
   1777-e          1827----------G 1877-----@      1927--------D   1977-d
   1778----------G 1828------A     1878----------F 1928----------F 1978----a
   1779---b        1829-----@      1879----a       1929----------F 1979---b
   1780-------B    1830----a       1880---c        1930g           1980--d
   1781--d         1831----a       1881-d          1931-e          1981-----@
   1782-----@      1832-------B    1882-------B    1932---b        1982-------A
   1783----a       1833----a       1883-----@      1933-e          1983---------D
   1784----a       1834-e          1884------A     1934-e          1984-e
   1785------A     1835--d         1885f           1935-d          1985---b
   1786----a       1836------A     1886---------E  1936-e          1986--d
   1787----a       1837--------C   1887-----@      1937-d          1987--d
   1788-d          1838---c        1888--d         1938----------F 1988--c
   1789-e          1839i           1889---------E  1939--------D   1989---------F
   1790-----@      1840-e          1890---b        1940----------H 1990-----@
   1791---c        1841-e          1891---------E  1941---------D  1991----a
   1792-------B    1842--c         1892---------E  1942----------F 1992--------D
   1793-------B    1843-------B    1893---------D  1943--------D   1993---b
   1794---------E  1844--------C   1894-----@      1944----a       1994---b
   1795----------G 1845----a       1895-----@      1945--d         1995---------E
   1796-----@      1846----------F 1896--c         1946----a       1996--------C
   1797------A     1847-------B    1897--c         1947g           1997-----@
   1798f           1848-----@      1898--d         1948------A     1998-------A
   1799------A     1849--------C   1899-----@      1949--------D   1999-e
PART 5:  CORRELATION OF SERIES BY SEGMENTS: ncSTATS                                                11:01  Fri 14 Sep 2012  Page   5
------------------------------------------------------------------------------------------------------------------------------------
 Correlations of  50-year dated segments, lagged  25 years
 Flags:  A = correlation under   .3281 but highest as dated;  B = correlation higher at other than dated position

 Seq Series  Time_span   1775 1800 1825 1850 1875 1900 1925 1950 1975
                         1824 1849 1874 1899 1924 1949 1974 1999 2024
 --- -------- ---------  ---- ---- ---- ---- ---- ---- ---- ---- ---- ---- ---- ---- ---- ---- ---- ---- ---- ---- ---- ----
   1 BRC01b   1950 2010                                      .60  .49
   2 BRC06b   1920 2010                            .49  .47  .47  .44
   3 BRC10a   1954 2010                                      .49  .50
   4 BRC19b   1930 2010                                 .59  .39  .50
   5 BRC21a   1909 2010                            .52  .67  .61  .53
   6 BRC23b   1925 2010                                 .55  .62  .44
   7 BRC24a   1945 2010                                 .54  .54  .41
   8 BRM02a   1828 2010             .66  .74  .67  .78  .69  .53  .49
   9 BRM02b   1868 2009                  .47  .59  .79  .80  .71  .66
  10 BRM03a   1776 2009   .27B .10B .26A .23B .27B .56  .81  .81  .78
  11 BRM04a   1902 2010                            .59  .55  .56  .49
  12 BRM04b   1855 2010                  .34  .46  .60  .70  .64  .56
  13 BRM05b   1875 2009                       .51  .58  .71  .57  .62
  14 BRM06a   1851 2010                  .33  .58  .60  .76  .60  .42
  15 BRM06b   1844 2010             .48  .50  .61  .74  .80  .82  .82
  16 BRM07a   1780 2010   .26A .19B .51  .66  .72  .73  .58  .38  .22A
  17 BRM08    1899 2002                       .52  .52  .62  .41  .45
  18 BRM08a   1910 2010                            .60  .61  .55  .54
  19 BRM09a   1845 2010             .69  .64  .49  .56  .68  .44  .44
  20 BRM09b   1957 2010                                      .59  .63
  21 BRM11a   1937 2010                                 .43  .34  .55
  22 BRM11b   1953 2010                                      .54  .60
  23 BRM12a   1848 2009             .67  .64  .47  .49  .77  .57  .60
  24 BRM12b   1867 2010                  .59  .61  .66  .71  .45  .42
  25 BRM13a   1847 2010             .49  .46  .49  .62  .55  .43  .68
  26 BRM13b   1880 2010                       .56  .61  .67  .50  .52
  27 BRM14a   1845 2010             .46  .45  .66  .75  .74  .72  .68
  28 BRM14b   1879 2010                       .66  .66  .56  .49  .47
  29 BRM15a   1951 2009                                      .73  .80
  30 BRM15b   1950 2010                                      .57  .60
  31 BRM16a   1944 2010                                 .63  .63  .71
  32 BRM17a   1778 2010   .24A .18B .31A .42  .44  .51  .32B .23B .24A
  33 BRM18a   1853 2010                  .36  .49  .70  .64  .48  .67
  34 BRM18b   1847 2010             .39  .40  .60  .80  .72  .60  .66
  35 BRM20a   1830 2010             .74  .76  .74  .65  .61  .42  .50
  36 BRM20b   1818 2010        .53  .59  .69  .58  .54  .50  .49  .54
  37 BRM21a   1871 2010                  .42  .44  .73  .77  .61  .55
  38 BRM21b   1877 2010                       .56  .79  .76  .60  .57
  39 BRM22a   1764 2010   .03B .12B .13B .01B .19B .29A .33A .29B .24A
  40 BRM23a   1881 2009                       .69  .84  .52  .47  .51
  41 BRM23b   1884 2010                       .78  .83  .80  .71  .73
  42 BRM24a   1898 2010                       .84  .87  .77  .67  .68
  43 BRM24b   1870 2009                  .56  .63  .74  .66  .45B .50
  44 BRM25    1962 2010                                      .63
  45 BRM26a   1863 2010                  .30A .43  .64  .62  .53  .54
  46 BRM26b   1854 2010                  .14B .29B .62  .56  .45  .59
  47 BRM27b   1950 2010                                      .55  .52
  48 BRM29a   1780 2010   .02B .28A .49  .55  .47  .56  .57  .42  .52
  49 BRM29b   1802 2010        .10B .51  .51  .58  .85  .71  .52  .58
  50 BRM31a   1855 2009                  .45  .72  .74  .71  .59  .68
  51 BRM31b   1853 2009                  .19B .48  .68  .71  .67  .68
  52 BRM32a   1911 2009                            .80  .72  .54  .54
  53 BRM32b   1911 2009                            .74  .60  .28B .48
  54 BRM33a   1910 2010                            .88  .84  .66  .71
  55 BRM33b   1869 2008                  .59  .60  .77  .86  .57  .62
  56 BRM35a   1852 2009                  .30B .53  .71  .74  .69  .69
  57 BRM35b   1872 2010                  .68  .66  .80  .80  .75  .76
  58 BRM36a   1779 2009   .19B .33B .55  .56  .61  .72  .74  .67  .67
  59 BRM37a   1863 2010                  .75  .81  .85  .82  .81  .79
  60 BRM37b   1876 2009                       .77  .86  .78  .81  .78
  61 SCC01b   1847 2010             .31A .30A .43  .63  .47  .41  .26B
  62 SCC03a   1880 2010                       .76  .84  .82  .65  .58
  63 SCC07b   1844 2010             .43  .52  .70  .67  .35B .20B .16A
  64 SCC08b   1883 2010                       .51  .76  .71  .63  .50
  65 SCC09b   1883 1993                       .72  .82  .81  .80
  66 SCC10a   1925 2010                                 .74  .65  .75
  67 SCC10b   1925 2010                                 .77  .62  .54
  68 SCC11b   1901 2009                            .49  .69  .72  .64
  69 SCC13a   1940 2010                                 .58  .54  .55
  70 SCC15b   1935 2010                                 .49  .47  .52
  71 SCC16b   1950 2010                                      .57  .60
  72 SCC18b   1872 2010                  .66  .70  .68  .63  .54  .43
  73 SCC19a   1959 2010                                      .56  .61
  74 SCC20b   1906 2010                            .77  .74  .71  .65
  75 SMC12a   1944 2010                                 .44  .44  .50
  76 SMC20a   1890 2010                       .64  .77  .53  .46  .54
 Av segment correlation   .17  .23  .48  .48  .58  .69  .65  .56  .56
PART 6:  POTENTIAL PROBLEMS: ncSTATS                                                               11:01  Fri 14 Sep 2012  Page   6
------------------------------------------------------------------------------------------------------------------------------------

 For each series with potential problems the following diagnostics may appear:

 [A] Correlations with master dating series of flagged  50-year segments of series filtered with  32-year spline,
     at every point from ten years earlier (-10) to ten years later (+10) than dated

 [B] Effect of those data values which most lower or raise correlation with master series
     Symbol following year indicates value in series is greater (>) or lesser (<) than master series value

 [C] Year-to-year changes very different from the mean change in other series

 [D] Absent rings (zero values)

 [E] Values which are statistical outliers from mean for the year
====================================================================================================================================

 BRC01b    1950 to  2010      61 years                                                                                    Series   1

 [B] Entire series, effect on correlation (  .544) is:
       Lower   2002> -.040   1977> -.025   1980> -.022   2003< -.017   2006> -.016   1972< -.016  Higher   1966  .058   2007  .024

====================================================================================================================================

 BRC06b    1920 to  2010      91 years                                                                                    Series   2

 [B] Entire series, effect on correlation (  .435) is:
       Lower   1976< -.039   1969> -.016   1929< -.014   1928< -.014   1937> -.013   1994> -.011  Higher   1966  .051   1954  .022

====================================================================================================================================

 BRC10a    1954 to  2010      57 years                                                                                    Series   3

 [B] Entire series, effect on correlation (  .478) is:
       Lower   1977> -.036   2005< -.019   1976< -.019   2002> -.019   1960> -.018   2008< -.015  Higher   1984  .025   1963  .019

====================================================================================================================================

 BRC19b    1930 to  2010      81 years                                                                                    Series   4

 [B] Entire series, effect on correlation (  .508) is:
       Lower   1983< -.061   1950< -.030   1960> -.019   1993< -.015   2006> -.014   1948< -.011  Higher   2002  .030   1966  .022

====================================================================================================================================

 BRC21a    1909 to  2010     102 years                                                                                    Series   5

 [B] Entire series, effect on correlation (  .513) is:
       Lower   1911> -.028   2002> -.018   2003< -.016   1919< -.013   1977> -.012   2010> -.011  Higher   1966  .030   1999  .014

====================================================================================================================================

 BRC23b    1925 to  2010      86 years                                                                                    Series   6

 [B] Entire series, effect on correlation (  .451) is:
       Lower   2010> -.022   1977> -.020   1941< -.018   1925> -.016   1937> -.016   2009< -.015  Higher   1966  .051   1930  .048

====================================================================================================================================

 BRC24a    1945 to  2010      66 years                                                                                    Series   7

 [B] Entire series, effect on correlation (  .461) is:
       Lower   2003< -.105   1969> -.022   1955> -.022   2010> -.015   1980> -.014   1976< -.013  Higher   1966  .072   1947  .022

 [E] Outliers     1   3.0 SD above or -4.5 SD below mean for year
       2003 -4.6 SD
====================================================================================================================================

 BRM02a    1828 to  2010     183 years                                                                                    Series   8

 [B] Entire series, effect on correlation (  .612) is:
       Lower   1901< -.015   1970< -.013   1984> -.011   1977> -.010   1834> -.010   1828> -.009  Higher   1966  .012   1930  .011

====================================================================================================================================

 BRM02b    1868 to  2009     142 years                                                                                    Series   9

 [B] Entire series, effect on correlation (  .639) is:
       Lower   1871> -.025   1875< -.020   1879> -.013   2007> -.011   1872< -.009   1877> -.009  Higher   2002  .022   1984  .008

====================================================================================================================================

 BRM03a    1776 to  2009     234 years                                                                                    Series  10

 [A] Segment   High   -10   -9   -8   -7   -6   -5   -4   -3   -2   -1   +0   +1   +2   +3   +4   +5   +6   +7   +8   +9  +10
    ---------  ----   ---  ---  ---  ---  ---  ---  ---  ---  ---  ---  ---  ---  ---  ---  ---  ---  ---  ---  ---  ---  ---
    1776 1825    2    .14 -.04 -.13  .05  .09 -.40  .19 -.13  .15 -.16  .27| .10  .41*-.06 -.19  .01 -.25 -.02  .01  .01  .05
    1800 1849    1    .16 -.02  .13 -.03 -.05 -.03  .08 -.20  .15  .17  .10| .33* .04  .00 -.17  .09 -.21 -.13 -.19 -.08  .11
    1825 1874    0   -.03 -.04  .17 -.04 -.11  .16  .21 -.18  .12  .10  .26* .14 -.20  .21 -.20 -.18  .01 -.13 -.08  .15  .15
    1850 1899    3   -.03 -.20  .18 -.17  .05  .25 -.08  .01 -.16 -.02  .23|-.04 -.10  .27*-.25 -.10  .23 -.25  .10  .25 -.18
    1875 1924   -3   -.03 -.02  .03 -.09 -.07  .01 -.14  .29*-.16  .18  .27|-.29  .02 -.06 -.02  .17 -.03 -.20  .03  .16 -.27

 [B] Entire series, effect on correlation (  .429) is:
       Lower   1891< -.022   1911> -.019   1849< -.018   1858< -.015   1867> -.013   1781< -.010  Higher   1914  .020   1954  .011
     1776 to 1825 segment:
       Lower   1804< -.034   1781< -.025   1779> -.022   1805< -.021   1818> -.016   1816< -.010  Higher   1798  .027   1778  .026
     1800 to 1849 segment:
       Lower   1849< -.085   1804< -.042   1805< -.027   1826< -.022   1845> -.019   1843< -.015  Higher   1846  .064   1827  .053
     1825 to 1874 segment:
       Lower   1849< -.083   1858< -.066   1867> -.056   1826< -.026   1845> -.016   1843< -.016  Higher   1871  .068   1846  .042
     1850 to 1899 segment:
       Lower   1891< -.090   1858< -.057   1867> -.055   1887> -.018   1890> -.014   1894> -.014  Higher   1871  .070   1885  .035
     1875 to 1924 segment:
       Lower   1891< -.077   1911> -.075   1887> -.021   1903< -.018   1894> -.016   1890> -.014  Higher   1914  .123   1922  .033

 [E] Outliers     2   3.0 SD above or -4.5 SD below mean for year
       1867 +3.1 SD;    1911 +3.4 SD
====================================================================================================================================

 BRM04a    1902 to  2010     109 years                                                                                    Series  11

 [B] Entire series, effect on correlation (  .533) is:
       Lower   2002> -.025   1947< -.021   1911> -.020   1905> -.015   1966> -.013   1999> -.012  Higher   1930  .036   1914  .022

 [E] Outliers     1   3.0 SD above or -4.5 SD below mean for year
       1947 -6.2 SD
====================================================================================================================================

 BRM04b    1855 to  2010     156 years                                                                                    Series  12

 [B] Entire series, effect on correlation (  .524) is:
       Lower   1886< -.024   1930> -.018   1871> -.015   1855< -.013   2002> -.013   1921< -.010  Higher   1914  .011   1885  .010

====================================================================================================================================

 BRM05b    1875 to  2009     135 years                                                                                    Series  13

 [B] Entire series, effect on correlation (  .587) is:
       Lower   1992< -.015   1908< -.013   1949< -.013   1907< -.013   1944> -.011   1951< -.010  Higher   1930  .016   1954  .011

====================================================================================================================================

 BRM06a    1851 to  2010     160 years                                                                                    Series  14

 [B] Entire series, effect on correlation (  .433) is:
       Lower   1867< -.046   1866> -.019   2005< -.018   1989< -.014   1870< -.013   2006> -.009  Higher   1966  .012   1940  .010

 [C] Year-to-year changes diverging by over 4.0 std deviations:
       1866 1867  -6.3 SD    1867 1868   4.9 SD

 [E] Outliers     2   3.0 SD above or -4.5 SD below mean for year
       1866 +3.1 SD;    1867 -6.7 SD
====================================================================================================================================

 BRM06b    1844 to  2010     167 years                                                                                    Series  15

 [B] Entire series, effect on correlation (  .641) is:
       Lower   1885< -.064   1942< -.009   1867> -.008   1873< -.007   1851< -.006   1848< -.006  Higher   2002  .011   1855  .006

 [C] Year-to-year changes diverging by over 4.0 std deviations:
       1884 1885  -4.3 SD    1885 1886   4.3 SD

 [E] Outliers     1   3.0 SD above or -4.5 SD below mean for year
       1885 -8.7 SD
====================================================================================================================================

 BRM07a    1780 to  2010     231 years                                                                                    Series  16

 [A] Segment   High   -10   -9   -8   -7   -6   -5   -4   -3   -2   -1   +0   +1   +2   +3   +4   +5   +6   +7   +8   +9  +10
    ---------  ----   ---  ---  ---  ---  ---  ---  ---  ---  ---  ---  ---  ---  ---  ---  ---  ---  ---  ---  ---  ---  ---
    1780 1829    0    .02  .13 -.09  .22  .01 -.10 -.12 -.19  .17  .07  .26* .14  .24  .06 -.15 -.30 -.12 -.26 -.09 -.02  .16
    1800 1849    3   -.26  .13 -.03  .13  .22 -.04 -.09 -.22  .16  .01  .19| .27  .12  .28*-.06 -.21  .07 -.16 -.42 -.01  .02
    - - - - - - - - - - - - - - - - - - - - - - - - - - - - - - - - - - - - - - - - - - - - - - - - - - - - - - - - - - - - -
    1961 2010    0    .15  .09  .03  .11 -.02 -.11 -.18 -.02 -.23  .18  .22*   -    -    -    -    -    -    -    -    -    -

 [B] Entire series, effect on correlation (  .451) is:
       Lower   1984> -.015   1815< -.015   1847< -.013   2003< -.010   2009< -.009   2005< -.009  Higher   1914  .020   1911  .011
     1780 to 1829 segment:
       Lower   1815< -.091   1784> -.050   1820< -.025   1783> -.022   1805< -.022   1825< -.017  Higher   1798  .066   1826  .063
     1800 to 1849 segment:
       Lower   1815< -.085   1847< -.063   1842> -.041   1820< -.023   1834> -.019   1805< -.019  Higher   1826  .073   1839  .051
     1961 to 2010 segment:
       Lower   1984> -.049   2003< -.028   2009< -.027   2005< -.025   2006> -.018   2010> -.018  Higher   1977  .080   1973  .022

 [E] Outliers     1   3.0 SD above or -4.5 SD below mean for year
       1984 +3.1 SD
====================================================================================================================================

 BRM08     1899 to  2002     104 years                                                                                    Series  17

 [B] Entire series, effect on correlation (  .481) is:
       Lower   1990< -.024   1914> -.020   1909< -.017   1955> -.016   1910< -.013   1905< -.010  Higher   1930  .037   1966  .015

====================================================================================================================================

 BRM08a    1910 to  2010     101 years                                                                                    Series  18

 [B] Entire series, effect on correlation (  .576) is:
       Lower   1924< -.028   2000< -.016   1941< -.015   1984> -.012   1968< -.011   1934> -.008  Higher   1930  .019   1914  .015

====================================================================================================================================

 BRM09a    1845 to  2010     166 years                                                                                    Series  19

 [B] Entire series, effect on correlation (  .547) is:
       Lower   1996< -.020   2002> -.014   1979< -.014   1910< -.012   1911> -.011   1886< -.010  Higher   1930  .022   1874  .009

====================================================================================================================================

 BRM09b    1957 to  2010      54 years                                                                                    Series  20

 [B] Entire series, effect on correlation (  .597) is:
       Lower   2004< -.042   1993> -.017   1966> -.016   1999> -.015   1959> -.012   1991< -.010  Higher   2002  .037   1984  .024

 [E] Outliers     1   3.0 SD above or -4.5 SD below mean for year
       1957 +3.2 SD
====================================================================================================================================

 BRM11a    1937 to  2010      74 years                                                                                    Series  21

 [B] Entire series, effect on correlation (  .557) is:
       Lower   1980> -.032   1951< -.026   1966> -.022   1971< -.014   1963> -.012   1960> -.012  Higher   2002  .065   1954  .025

====================================================================================================================================

 BRM11b    1953 to  2010      58 years                                                                                    Series  22

 [B] Entire series, effect on correlation (  .590) is:
       Lower   1990> -.033   1980> -.029   1979> -.026   1971< -.020   1992< -.016   2001< -.016  Higher   2002  .073   1970  .019

====================================================================================================================================

 BRM12a    1848 to  2009     162 years                                                                                    Series  23

 [B] Entire series, effect on correlation (  .543) is:
       Lower   1905< -.131   1914> -.011   1963> -.010   1983< -.006   1906> -.005   1957< -.005  Higher   1885  .009   2002  .009

 [C] Year-to-year changes diverging by over 4.0 std deviations:
       1904 1905  -5.6 SD    1905 1906   6.2 SD

 [E] Outliers     1   3.0 SD above or -4.5 SD below mean for year
       1905 -9.7 SD
====================================================================================================================================

 BRM12b    1867 to  2010     144 years                                                                                    Series  24

 [B] Entire series, effect on correlation (  .563) is:
       Lower   1995< -.027   1990< -.012   1910< -.011   1867> -.010   1896< -.009   1888< -.008  Higher   1885  .013   1911  .010

====================================================================================================================================

 BRM13a    1847 to  2010     164 years                                                                                    Series  25

 [B] Entire series, effect on correlation (  .548) is:
       Lower   1953< -.041   1911> -.024   1894> -.013   1992< -.012   1980> -.011   1871> -.011  Higher   2002  .028   1914  .026

 [E] Outliers     1   3.0 SD above or -4.5 SD below mean for year
       1894 +3.1 SD
====================================================================================================================================

 BRM13b    1880 to  2010     131 years                                                                                    Series  26

 [B] Entire series, effect on correlation (  .554) is:
       Lower   1979< -.065   1910< -.013   1914> -.011   1894> -.009   1947> -.008   1924< -.007  Higher   2002  .018   1984  .010

 [C] Year-to-year changes diverging by over 4.0 std deviations:
       1979 1980   4.3 SD

 [E] Outliers     1   3.0 SD above or -4.5 SD below mean for year
       1979 -6.3 SD
====================================================================================================================================

 BRM14a    1845 to  2010     166 years                                                                                    Series  27

 [B] Entire series, effect on correlation (  .631) is:
       Lower   1859< -.021   1885> -.012   1845< -.012   1874> -.010   2002> -.010   1865< -.007  Higher   1947  .008   1914  .007

====================================================================================================================================

 BRM14b    1879 to  2010     132 years                                                                                    Series  28

 [B] Entire series, effect on correlation (  .551) is:
       Lower   1937< -.018   1999> -.014   1879> -.011   1912> -.009   1885> -.009   1969> -.008  Higher   1911  .016   1914  .014

====================================================================================================================================

 BRM15a    1951 to  2009      59 years                                                                                    Series  29

 [B] Entire series, effect on correlation (  .778) is:
       Lower   1987< -.043   1954> -.018   1989< -.010   1994> -.009   2004< -.009   1958< -.008  Higher   2002  .025   1966  .018

====================================================================================================================================

 BRM15b    1950 to  2010      61 years                                                                                    Series  30

 [B] Entire series, effect on correlation (  .608) is:
       Lower   1997< -.045   1961< -.031   2004< -.014   1993> -.012   1966> -.011   1987> -.010  Higher   2002  .023   1950  .020

====================================================================================================================================

 BRM16a    1944 to  2010      67 years                                                                                    Series  31

 [B] Entire series, effect on correlation (  .704) is:
       Lower   1963> -.035   2008< -.022   1950< -.021   1988> -.013   1978< -.010   1970> -.010  Higher   2002  .041   1989  .014

====================================================================================================================================

 BRM17a    1778 to  2010     233 years                                                                                    Series  32

 [A] Segment   High   -10   -9   -8   -7   -6   -5   -4   -3   -2   -1   +0   +1   +2   +3   +4   +5   +6   +7   +8   +9  +10
    ---------  ----   ---  ---  ---  ---  ---  ---  ---  ---  ---  ---  ---  ---  ---  ---  ---  ---  ---  ---  ---  ---  ---
    1778 1827    0    .13 -.11 -.01 -.07 -.12  .01  .13  .01  .13 -.04  .24* .14  .11 -.04 -.15 -.29 -.10 -.01  .04  .00  .19
    1800 1849   -1    .04 -.09 -.03 -.01 -.08 -.01  .11  .12 -.01  .20* .18| .09 -.13  .15 -.13 -.14 -.04 -.20  .09 -.20  .08
    1825 1874    0   -.15  .09 -.03  .06  .06 -.16 -.04 -.04 -.03  .31  .31* .07 -.07  .19 -.10 -.09  .12 -.25  .14 -.07  .03
    - - - - - - - - - - - - - - - - - - - - - - - - - - - - - - - - - - - - - - - - - - - - - - - - - - - - - - - - - - - - -
    1925 1974   10    .10  .09 -.10 -.28  .04 -.05 -.27 -.07  .15  .37  .32| .29  .10  .07 -.21 -.20 -.31 -.25  .06  .28  .41*
    1950 1999   -1    .16  .18 -.12 -.07  .00 -.23 -.11  .16  .19  .26* .23| .02 -.07 -.04 -.27 -.17  .07 -.09  .08  .22  .15
    1961 2010    0    .20  .18  .01  .13 -.02 -.12 -.19  .16  .02  .04  .24*   -    -    -    -    -    -    -    -    -    -

 [B] Entire series, effect on correlation (  .314) is:
       Lower   2002> -.015   1821< -.015   1803< -.013   1966> -.012   1914> -.011   1874> -.011  Higher   1839  .013   1855  .008
     1778 to 1827 segment:
       Lower   1803< -.057   1821< -.052   1785< -.042   1784> -.038   1817> -.025   1780< -.022  Higher   1818  .047   1795  .038
     1800 to 1849 segment:
       Lower   1803< -.049   1821< -.038   1833> -.026   1817> -.025   1809> -.019   1849< -.015  Higher   1839  .078   1818  .043
     1825 to 1874 segment:
       Lower   1874> -.052   1842< -.048   1833> -.023   1871> -.023   1846< -.021   1865< -.020  Higher   1839  .063   1855  .040
     1925 to 1974 segment:
       Lower   1966> -.055   1963> -.040   1954> -.030   1972< -.021   1942< -.016   1937> -.015  Higher   1973  .029   1974  .022
     1950 to 1999 segment:
       Lower   1966> -.063   1963> -.044   1954> -.035   1972< -.020   1986> -.019   1959> -.016  Higher   1973  .039   1983  .033
     1961 to 2010 segment:
       Lower   2002> -.068   1966> -.052   1963> -.038   2009< -.032   1972< -.023   1968< -.016  Higher   1973  .033   1983  .029

====================================================================================================================================

 BRM18a    1853 to  2010     158 years                                                                                    Series  33

 [B] Entire series, effect on correlation (  .543) is:
       Lower   1856< -.028   1878< -.022   1880> -.011   1872< -.009   1960> -.009   1983< -.008  Higher   2002  .018   1947  .009

====================================================================================================================================

 BRM18b    1847 to  2010     164 years                                                                                    Series  34

 [B] Entire series, effect on correlation (  .591) is:
       Lower   1874< -.029   1860< -.019   1966> -.018   1859> -.015   1892< -.008   1881> -.007  Higher   2002  .016   1855  .007

 [E] Outliers     1   3.0 SD above or -4.5 SD below mean for year
       1874 -6.6 SD
====================================================================================================================================

 BRM20a    1830 to  2010     181 years                                                                                    Series  35

 [B] Entire series, effect on correlation (  .614) is:
       Lower   1994< -.028   1979< -.017   1925> -.010   1980> -.010   1976< -.009   1977> -.009  Higher   1930  .018   2002  .013

====================================================================================================================================

 BRM20b    1818 to  2010     193 years                                                                                    Series  36

 [B] Entire series, effect on correlation (  .556) is:
       Lower   1925> -.033   1844< -.016   2007> -.012   1980> -.010   1894> -.009   1965< -.007  Higher   2002  .024   1885  .008

 [E] Outliers     1   3.0 SD above or -4.5 SD below mean for year
       1925 +4.7 SD
====================================================================================================================================

 BRM21a    1871 to  2010     140 years                                                                                    Series  37

 [B] Entire series, effect on correlation (  .556) is:
       Lower   1894< -.052   1871> -.014   1910< -.012   2002> -.011   2007> -.010   2008< -.009  Higher   1930  .017   1874  .010

====================================================================================================================================

 BRM21b    1877 to  2010     134 years                                                                                    Series  38

 [B] Entire series, effect on correlation (  .619) is:
       Lower   1889< -.023   1985< -.022   1881> -.009   1879< -.009   1970> -.008   1966> -.008  Higher   1930  .011   1911  .008

====================================================================================================================================

 BRM22a    1764 to  2010     247 years                                                                                    Series  39

 [*] Early part of series cannot be checked from 1764 to 1775 -- not matched by another series

 [A] Segment   High   -10   -9   -8   -7   -6   -5   -4   -3   -2   -1   +0   +1   +2   +3   +4   +5   +6   +7   +8   +9  +10
    ---------  ----   ---  ---  ---  ---  ---  ---  ---  ---  ---  ---  ---  ---  ---  ---  ---  ---  ---  ---  ---  ---  ---
    1776 1825   -2    .16  .00  .12  .06 -.09 -.40  .02 -.10  .20*-.14  .03|-.23  .16  .04  .14  .17  .01  .07 -.03  .14 -.01
    1800 1849  -10    .34* .15  .08 -.03  .09 -.20  .02 -.13  .14  .13  .12| .01 -.13  .03  .00  .11  .16 -.19 -.04  .13  .07
    1825 1874    5    .10  .04  .05  .06 -.08  .06  .01  .01 -.02  .04  .13| .03 -.17 -.13 -.02  .31* .09 -.09  .15  .16 -.01
    1850 1899    3    .04 -.19  .18  .01 -.03 -.13 -.01  .12 -.05 -.03  .01|-.16 -.12  .24*-.04  .16  .09  .04  .03  .07 -.14
    1875 1924    3    .14 -.14  .06  .11 -.09 -.31 -.10  .08 -.03  .02  .19|-.08 -.02  .22*-.12  .08  .02  .08 -.10  .21 -.16
    1900 1949    0    .23  .05  .02  .10 -.08 -.18 -.17 -.18 -.12  .07  .29*-.03  .00  .12 -.08  .04 -.03 -.07 -.12  .28 -.02
    1925 1974    0    .20  .02  .15 -.12  .08 -.13 -.25 -.07 -.07  .13  .33* .18 -.11  .05  .01 -.25 -.07 -.18  .05 -.01  .09
    1950 1999    1    .19 -.18 -.03 -.22 -.04 -.21 -.18  .13  .03  .16  .29| .29*-.15 -.10  .14 -.17 -.08  .08  .27 -.17  .08
    1961 2010    0    .16 -.22 -.08 -.19 -.11 -.15 -.11  .15 -.06  .06  .24*   -    -    -    -    -    -    -    -    -    -

 [B] Entire series, effect on correlation (  .188) is:
       Lower   1891< -.021   1784< -.020   1821> -.018   1882< -.011   1962< -.008   1797< -.007  Higher   1776  .011   1950  .011
     1776 to 1825 segment:
       Lower   1821> -.084   1784< -.080   1797< -.028   1815< -.021   1788> -.014   1789> -.014  Higher   1776  .071   1777  .051
     1800 to 1849 segment:
       Lower   1821> -.140   1815< -.035   1835> -.025   1825< -.021   1844< -.019   1846< -.019  Higher   1826  .058   1827  .043
     1825 to 1874 segment:
       Lower   1850> -.035   1825< -.021   1835> -.020   1844< -.020   1846< -.019   1867> -.018  Higher   1826  .053   1866  .041
     1850 to 1899 segment:
       Lower   1891< -.103   1882< -.052   1878< -.023   1850> -.019   1890> -.014   1879> -.013  Higher   1886  .062   1866  .041
     1875 to 1924 segment:
       Lower   1891< -.087   1882< -.043   1914> -.029   1924< -.022   1878< -.019   1890> -.017  Higher   1886  .037   1911  .036
     1900 to 1949 segment:
       Lower   1914> -.036   1947> -.031   1942< -.029   1924< -.022   1927< -.019   1935> -.015  Higher   1911  .030   1919  .029
     1925 to 1974 segment:
       Lower   1962< -.052   1942< -.038   1947> -.031   1963> -.027   1927< -.026   1970> -.025  Higher   1950  .042   1930  .029
     1950 to 1999 segment:
       Lower   1962< -.041   1992< -.027   1963> -.026   1987> -.026   1970> -.025   1986> -.020  Higher   1950  .043   1973  .026
     1961 to 2010 segment:
       Lower   1962< -.035   1992< -.024   1963> -.023   1987> -.023   2003< -.023   1970> -.022  Higher   2005  .039   2002  .033

 [E] Outliers     5   3.0 SD above or -4.5 SD below mean for year
       1784 -5.0 SD;    1805 +3.2 SD;    1821 +4.2 SD;    1851 +3.4 SD;    1987 +3.1 SD
====================================================================================================================================

 BRM23a    1881 to  2009     129 years                                                                                    Series  40

 [B] Entire series, effect on correlation (  .634) is:
       Lower   1967< -.070   1885< -.019   1966> -.012   1970> -.008   1987> -.006   1998< -.006  Higher   1914  .016   2002  .012

 [C] Year-to-year changes diverging by over 4.0 std deviations:
       1966 1967  -5.1 SD

 [E] Outliers     2   3.0 SD above or -4.5 SD below mean for year
       1885 -4.9 SD;    1967 -6.6 SD
====================================================================================================================================

 BRM23b    1884 to  2010     127 years                                                                                    Series  41

 [B] Entire series, effect on correlation (  .755) is:
       Lower   2007> -.013   1980> -.010   1897< -.010   1998< -.008   1888> -.007   1951< -.006  Higher   2002  .015   1966  .011

====================================================================================================================================

 BRM24a    1898 to  2010     113 years                                                                                    Series  42

 [B] Entire series, effect on correlation (  .743) is:
       Lower   1979> -.013   1898> -.008   1980> -.008   1960> -.008   1989< -.006   1963< -.006  Higher   1966  .013   1914  .009

====================================================================================================================================

 BRM24b    1870 to  2009     140 years                                                                                    Series  43

 [A] Segment   High   -10   -9   -8   -7   -6   -5   -4   -3   -2   -1   +0   +1   +2   +3   +4   +5   +6   +7   +8   +9  +10
    ---------  ----   ---  ---  ---  ---  ---  ---  ---  ---  ---  ---  ---  ---  ---  ---  ---  ---  ---  ---  ---  ---  ---
    1950 1999   -7   -.03  .15  .09  .49*-.03 -.15 -.15 -.01 -.13 -.05  .45|-.06  .06 -.11 -.12 -.08 -.17 -.22 -.01  .14  .15

 [B] Entire series, effect on correlation (  .584) is:
       Lower   1878< -.027   1979> -.015   1990> -.013   1933> -.012   1874> -.012   1905> -.010  Higher   2002  .027   1954  .012
     1950 to 1999 segment:
       Lower   1979> -.043   1990> -.037   1974< -.029   1999> -.026   1968< -.022   1959> -.022  Higher   1954  .065   1966  .050

====================================================================================================================================

 BRM25     1962 to  2010      49 years                                                                                    Series  44

 [B] Entire series, effect on correlation (  .630) is:
       Lower   1990< -.033   1980< -.021   2002> -.021   1977> -.017   1986> -.016   1987> -.012  Higher   1966  .023   1973  .022

====================================================================================================================================

 BRM26a    1863 to  2010     148 years                                                                                    Series  45

 [A] Segment   High   -10   -9   -8   -7   -6   -5   -4   -3   -2   -1   +0   +1   +2   +3   +4   +5   +6   +7   +8   +9  +10
    ---------  ----   ---  ---  ---  ---  ---  ---  ---  ---  ---  ---  ---  ---  ---  ---  ---  ---  ---  ---  ---  ---  ---
    1863 1912    0    .16  .06 -.07  .14 -.02  .06  .12  .05  .05 -.19  .30*-.22 -.22  .19 -.17 -.14  .19 -.07  .21  .23 -.07

 [B] Entire series, effect on correlation (  .470) is:
       Lower   1871< -.027   1885> -.017   1889< -.012   1867> -.011   1962< -.009   1952< -.008  Higher   1984  .011   1930  .011
     1863 to 1912 segment:
       Lower   1885> -.044   1889< -.029   1867> -.028   1896> -.016   1907< -.015   1904< -.013  Higher   1871  .034   1878  .032

 [E] Outliers     2   3.0 SD above or -4.5 SD below mean for year
       1871 -6.6 SD;    1901 +4.0 SD
====================================================================================================================================

 BRM26b    1854 to  2010     157 years                                                                                    Series  46

 [A] Segment   High   -10   -9   -8   -7   -6   -5   -4   -3   -2   -1   +0   +1   +2   +3   +4   +5   +6   +7   +8   +9  +10
    ---------  ----   ---  ---  ---  ---  ---  ---  ---  ---  ---  ---  ---  ---  ---  ---  ---  ---  ---  ---  ---  ---  ---
    1854 1903    3    .18  .32  .12 -.04 -.01 -.12 -.16 -.11  .27 -.18  .14|-.10 -.21  .36*-.16  .11  .19  .04  .09  .15 -.43
    1875 1924   -9    .01  .40* .18 -.07  .11  .00 -.30  .00  .29 -.29  .29|-.14 -.21  .20 -.14  .16  .07  .11  .08  .11 -.33

 [B] Entire series, effect on correlation (  .409) is:
       Lower   1876< -.094   1954> -.020   1857> -.009   1930> -.009   1955> -.008   1885> -.007  Higher   1966  .019   2002  .019
     1854 to 1903 segment:
       Lower   1876< -.211   1857> -.019   1885> -.015   1863< -.015   1856< -.013   1902> -.010  Higher   1886  .057   1855  .039
     1875 to 1924 segment:
       Lower   1876< -.270   1885> -.020   1902> -.013   1896> -.009   1888> -.009   1904< -.009  Higher   1886  .040   1924  .036

 [E] Outliers     2   3.0 SD above or -4.5 SD below mean for year
       1876 -5.9 SD;    1901 +3.5 SD
====================================================================================================================================

 BRM27b    1950 to  2010      61 years                                                                                    Series  47

 [B] Entire series, effect on correlation (  .569) is:
       Lower   1997< -.067   1996< -.039   2002> -.034   1980> -.016   1970> -.015   1987> -.013  Higher   1966  .026   1973  .022

====================================================================================================================================

 BRM29a    1780 to  2010     231 years                                                                                    Series  48

 [A] Segment   High   -10   -9   -8   -7   -6   -5   -4   -3   -2   -1   +0   +1   +2   +3   +4   +5   +6   +7   +8   +9  +10
    ---------  ----   ---  ---  ---  ---  ---  ---  ---  ---  ---  ---  ---  ---  ---  ---  ---  ---  ---  ---  ---  ---  ---
    1780 1829   -5    .11  .04  .02 -.04 -.17  .28*-.01  .14 -.02 -.01  .02|-.12 -.10 -.20 -.10  .12  .17  .23 -.12 -.20  .11
    1800 1849    0    .25  .05 -.13 -.25 -.09  .04 -.20  .09 -.18  .16  .28* .23 -.01 -.02 -.21  .14  .05  .05  .00  .11  .11

 [B] Entire series, effect on correlation (  .433) is:
       Lower   1905< -.031   1801< -.010   1794< -.008   1792< -.008   1798> -.008   1958< -.008  Higher   1839  .010   1914  .009
     1780 to 1829 segment:
       Lower   1801< -.049   1792< -.037   1794< -.035   1800> -.032   1793< -.030   1798> -.022  Higher   1818  .073   1826  .053
     1800 to 1849 segment:
       Lower   1801< -.065   1800> -.041   1832< -.033   1828< -.032   1830< -.025   1835> -.022  Higher   1839  .094   1818  .053

 [C] Year-to-year changes diverging by over 4.0 std deviations:
       1904 1905  -4.5 SD    1905 1906   6.5 SD

 [E] Outliers     1   3.0 SD above or -4.5 SD below mean for year
       1905 -9.1 SD
====================================================================================================================================

 BRM29b    1802 to  2010     209 years                                                                                    Series  49

 [A] Segment   High   -10   -9   -8   -7   -6   -5   -4   -3   -2   -1   +0   +1   +2   +3   +4   +5   +6   +7   +8   +9  +10
    ---------  ----   ---  ---  ---  ---  ---  ---  ---  ---  ---  ---  ---  ---  ---  ---  ---  ---  ---  ---  ---  ---  ---
    1802 1851    5   -.09 -.28 -.27 -.16 -.01  .06 -.09  .10 -.26  .02  .10| .12 -.05 -.06  .00  .18* .17  .01 -.05  .08 -.05

 [B] Entire series, effect on correlation (  .537) is:
       Lower   1998< -.021   1966> -.012   1815> -.010   1879> -.010   1896< -.009   1850> -.009  Higher   1930  .010   1867  .007
     1802 to 1851 segment:
       Lower   1803< -.034   1814< -.031   1850> -.030   1824< -.026   1808> -.022   1818> -.022  Higher   1839  .069   1846  .054

 [C] Year-to-year changes diverging by over 4.0 std deviations:
       1814 1815   4.2 SD

 [E] Outliers     1   3.0 SD above or -4.5 SD below mean for year
       1815 +3.8 SD
====================================================================================================================================

 BRM31a    1855 to  2009     155 years                                                                                    Series  50

 [B] Entire series, effect on correlation (  .636) is:
       Lower   1855< -.018   1861> -.011   1867> -.008   1909< -.008   1863< -.008   1963> -.007  Higher   2002  .016   1914  .013

 [E] Outliers     1   3.0 SD above or -4.5 SD below mean for year
       1861 +3.3 SD
====================================================================================================================================

 BRM31b    1853 to  2009     157 years                                                                                    Series  51

 [A] Segment   High   -10   -9   -8   -7   -6   -5   -4   -3   -2   -1   +0   +1   +2   +3   +4   +5   +6   +7   +8   +9  +10
    ---------  ----   ---  ---  ---  ---  ---  ---  ---  ---  ---  ---  ---  ---  ---  ---  ---  ---  ---  ---  ---  ---  ---
    1853 1902   -3   -.06  .08  .05  .05  .15  .02 -.16  .32*-.23 -.04  .19|-.39 -.04 -.13 -.06  .16  .32 -.09  .15 -.01  .01

 [B] Entire series, effect on correlation (  .522) is:
       Lower   1891< -.045   1885> -.021   1862< -.019   1898> -.010   1905> -.009   1859> -.009  Higher   1914  .024   1911  .015
     1853 to 1902 segment:
       Lower   1891< -.107   1885> -.056   1862< -.042   1898> -.025   1859> -.023   1868> -.014  Higher   1871  .053   1888  .043

 [E] Outliers     1   3.0 SD above or -4.5 SD below mean for year
       1891 -5.5 SD
====================================================================================================================================

 BRM32a    1911 to  2009      99 years                                                                                    Series  52

 [B] Entire series, effect on correlation (  .668) is:
       Lower   2006< -.033   1990> -.018   1965< -.016   1980> -.012   1999> -.010   1958< -.009  Higher   1914  .020   2002  .016

====================================================================================================================================

 BRM32b    1911 to  2009      99 years                                                                                    Series  53

 [A] Segment   High   -10   -9   -8   -7   -6   -5   -4   -3   -2   -1   +0   +1   +2   +3   +4   +5   +6   +7   +8   +9  +10
    ---------  ----   ---  ---  ---  ---  ---  ---  ---  ---  ---  ---  ---  ---  ---  ---  ---  ---  ---  ---  ---  ---  ---
    1950 1999   -7    .06  .12  .33  .40*-.03 -.19  .10 -.03 -.03 -.01  .28| .03  .02  .05  .02 -.04 -.07 -.07  .13 -.20 -.35

 [B] Entire series, effect on correlation (  .629) is:
       Lower   1962< -.025   1980> -.023   1954> -.014   1960> -.014   1990> -.014   1999> -.012  Higher   2002  .031   1930  .026
     1950 to 1999 segment:
       Lower   1962< -.058   1980> -.047   1960> -.027   1974< -.025   1990> -.025   1954> -.019  Higher   1970  .046   1963  .036

====================================================================================================================================

 BRM33a    1910 to  2010     101 years                                                                                    Series  54

 [B] Entire series, effect on correlation (  .782) is:
       Lower   1989< -.016   1977> -.008   1997> -.007   1946> -.006   1981< -.005   1961> -.005  Higher   1930  .010   1911  .006

====================================================================================================================================

 BRM33b    1869 to  2008     140 years                                                                                    Series  55

 [B] Entire series, effect on correlation (  .655) is:
       Lower   1999> -.014   1875< -.012   1885> -.011   1992< -.011   1977> -.010   1898> -.008  Higher   1914  .020   2002  .016

 [E] Outliers     1   3.0 SD above or -4.5 SD below mean for year
       2002 -5.1 SD
====================================================================================================================================

 BRM35a    1852 to  2009     158 years                                                                                    Series  56

 [A] Segment   High   -10   -9   -8   -7   -6   -5   -4   -3   -2   -1   +0   +1   +2   +3   +4   +5   +6   +7   +8   +9  +10
    ---------  ----   ---  ---  ---  ---  ---  ---  ---  ---  ---  ---  ---  ---  ---  ---  ---  ---  ---  ---  ---  ---  ---
    1852 1901   -7   -.03  .03 -.05  .33*-.13  .13 -.27  .19 -.02  .05  .30| .01 -.19 -.12  .12 -.30  .03 -.03  .02  .06  .06

 [B] Entire series, effect on correlation (  .593) is:
       Lower   1855< -.024   1885> -.018   1925> -.011   1854> -.010   1871> -.008   1903< -.007  Higher   1966  .017   1914  .017
     1852 to 1901 segment:
       Lower   1855< -.079   1885> -.053   1854> -.029   1871> -.022   1884< -.019   1896> -.017  Higher   1874  .042   1878  .040

====================================================================================================================================

 BRM35b    1872 to  2010     139 years                                                                                    Series  57

 [B] Entire series, effect on correlation (  .732) is:
       Lower   1896> -.013   1925> -.012   1884< -.010   1958< -.010   1979> -.009   1903< -.007  Higher   1914  .016   2002  .006

====================================================================================================================================

 BRM36a    1779 to  2009     231 years                                                                                    Series  58

 [A] Segment   High   -10   -9   -8   -7   -6   -5   -4   -3   -2   -1   +0   +1   +2   +3   +4   +5   +6   +7   +8   +9  +10
    ---------  ----   ---  ---  ---  ---  ---  ---  ---  ---  ---  ---  ---  ---  ---  ---  ---  ---  ---  ---  ---  ---  ---
    1779 1828    1   -.05  .13  .09 -.14 -.12 -.03  .02 -.15  .18  .10  .19| .23* .11 -.05  .12 -.09 -.13 -.12 -.23 -.13  .03
    1800 1849    1    .19  .05 -.17 -.27 -.05 -.12 -.16 -.06  .00  .21  .33| .33* .08 -.24  .08  .11 -.16 -.05 -.09 -.03  .03

 [B] Entire series, effect on correlation (  .555) is:
       Lower   1781> -.018   1791> -.013   2004< -.010   1817< -.009   1884< -.008   1839> -.008  Higher   2002  .021   1914  .008
     1779 to 1828 segment:
       Lower   1781> -.086   1791> -.063   1802< -.036   1810> -.032   1817< -.028   1797< -.014  Higher   1798  .038   1795  .037
     1800 to 1849 segment:
       Lower   1839> -.040   1810> -.034   1802< -.033   1817< -.028   1835> -.021   1842> -.018  Higher   1834  .029   1825  .022

 [E] Outliers     1   3.0 SD above or -4.5 SD below mean for year
       1781 +3.0 SD
====================================================================================================================================

 BRM37a    1863 to  2010     148 years                                                                                    Series  59

 [B] Entire series, effect on correlation (  .784) is:
       Lower   1866> -.009   2002> -.009   1880< -.008   1919< -.007   1956< -.006   1994< -.006  Higher   1914  .011   1966  .006

====================================================================================================================================

 BRM37b    1876 to  2009     134 years                                                                                    Series  60

 [B] Entire series, effect on correlation (  .788) is:
       Lower   1970< -.020   1897< -.015   1963> -.009   2002> -.006   1902> -.006   1885> -.004  Higher   1966  .009   1914  .007

====================================================================================================================================

 SCC01b    1847 to  2010     164 years                                                                                    Series  61

 [A] Segment   High   -10   -9   -8   -7   -6   -5   -4   -3   -2   -1   +0   +1   +2   +3   +4   +5   +6   +7   +8   +9  +10
    ---------  ----   ---  ---  ---  ---  ---  ---  ---  ---  ---  ---  ---  ---  ---  ---  ---  ---  ---  ---  ---  ---  ---
    1847 1896    0    .02  .19 -.14 -.09  .17 -.29 -.01  .06 -.09 -.08  .31* .00  .00  .03  .11  .00  .02 -.07 -.03  .06 -.25
    1850 1899    0   -.02  .23 -.13 -.06  .17 -.27 -.04  .05 -.08 -.11  .30* .02 -.03  .08  .08 -.01  .05 -.07 -.06  .06 -.25
    - - - - - - - - - - - - - - - - - - - - - - - - - - - - - - - - - - - - - - - - - - - - - - - - - - - - - - - - - - - - -
    1961 2010   -4   -.03 -.17  .06  .05 -.08 -.17  .38*-.07  .09  .06  .26|   -    -    -    -    -    -    -    -    -    -

 [B] Entire series, effect on correlation (  .395) is:
       Lower   2002> -.037   1885> -.020   1905> -.015   1876< -.013   1966> -.010   1870< -.010  Higher   1914  .025   1930  .015
     1847 to 1896 segment:
       Lower   1885> -.077   1876< -.052   1870< -.036   1891< -.030   1888> -.017   1865< -.015  Higher   1855  .052   1878  .029
     1850 to 1899 segment:
       Lower   1885> -.077   1876< -.052   1870< -.037   1891< -.030   1888> -.017   1865< -.016  Higher   1855  .054   1878  .031
     1961 to 2010 segment:
       Lower   2002> -.108   1966> -.026   1965< -.021   2005< -.021   1968< -.019   1998< -.016  Higher   1970  .072   1977  .036

 [C] Year-to-year changes diverging by over 4.0 std deviations:
       2001 2002   4.3 SD

 [E] Outliers     1   3.0 SD above or -4.5 SD below mean for year
       2002 +3.3 SD
====================================================================================================================================

 SCC03a    1880 to  2010     131 years                                                                                    Series  62

 [B] Entire series, effect on correlation (  .710) is:
       Lower   2002> -.022   1980< -.015   1994> -.014   1905> -.012   1968< -.008   1969> -.007  Higher   1930  .014   1966  .012

 [E] Outliers     1   3.0 SD above or -4.5 SD below mean for year
       1994 +3.2 SD
====================================================================================================================================

 SCC07b    1844 to  2010     167 years                                                                                    Series  63

 [A] Segment   High   -10   -9   -8   -7   -6   -5   -4   -3   -2   -1   +0   +1   +2   +3   +4   +5   +6   +7   +8   +9  +10
    ---------  ----   ---  ---  ---  ---  ---  ---  ---  ---  ---  ---  ---  ---  ---  ---  ---  ---  ---  ---  ---  ---  ---
    1925 1974    1    .03 -.13  .27  .07 -.03 -.21  .00  .01  .03  .14  .35| .35* .08 -.04  .09 -.22 -.17 -.06  .01 -.09  .02
    1950 1999    4    .08  .11  .16  .05 -.02 -.22 -.15  .06 -.02 -.05  .20| .20  .03 -.08  .21*-.09  .00  .08  .04 -.10 -.15
    1961 2010    0    .02  .10  .13 -.01 -.12 -.21 -.07  .06  .01 -.16  .16*   -    -    -    -    -    -    -    -    -    -

 [B] Entire series, effect on correlation (  .415) is:
       Lower   1962< -.082   1975< -.026   1984> -.012   1947> -.012   1867> -.011   1868> -.009  Higher   1914  .011   1922  .010
     1925 to 1974 segment:
       Lower   1962< -.258   1947> -.032   1966> -.017   1926> -.012   1938< -.011   1956> -.008  Higher   1950  .021   1930  .019
     1950 to 1999 segment:
       Lower   1962< -.181   1975< -.060   1984> -.032   1966> -.013   1995< -.011   1994> -.009  Higher   1989  .035   1950  .029
     1961 to 2010 segment:
       Lower   1962< -.163   1975< -.054   1984> -.030   2007> -.014   1966> -.011   1995< -.009  Higher   2005  .036   1989  .036

 [C] Year-to-year changes diverging by over 4.0 std deviations:
       1961 1962  -4.4 SD    1962 1963   4.1 SD

 [E] Outliers     1   3.0 SD above or -4.5 SD below mean for year
       1962 -5.8 SD
====================================================================================================================================

 SCC08b    1883 to  2010     128 years                                                                                    Series  64

 [B] Entire series, effect on correlation (  .514) is:
       Lower   2001< -.022   1885> -.020   2010> -.019   1891< -.014   1889< -.013   1997< -.011  Higher   1966  .026   1914  .014

====================================================================================================================================

 SCC09b    1883 to  1993     111 years                                                                                    Series  65

 [B] Entire series, effect on correlation (  .759) is:
       Lower   1885> -.021   1893< -.014   1929< -.007   1894< -.006   1912> -.006   1964> -.006  Higher   1930  .010   1914  .010

====================================================================================================================================

 SCC10a    1925 to  2010      86 years                                                                                    Series  66

 [B] Entire series, effect on correlation (  .725) is:
       Lower   2005< -.021   1958> -.018   1969> -.014   1950< -.013   1990> -.011   1954> -.009  Higher   2002  .025   1938  .010

 [E] Outliers     1   3.0 SD above or -4.5 SD below mean for year
       1958 +3.3 SD
====================================================================================================================================

 SCC10b    1925 to  2010      86 years                                                                                    Series  67

 [B] Entire series, effect on correlation (  .581) is:
       Lower   1988< -.028   2001< -.027   1999> -.018   1925> -.014   2005< -.013   2002> -.012  Higher   1966  .026   1930  .022

====================================================================================================================================

 SCC11b    1901 to  2009     109 years                                                                                    Series  68

 [B] Entire series, effect on correlation (  .573) is:
       Lower   1904< -.038   1909< -.010   1905> -.010   1969> -.010   1945> -.010   2008< -.009  Higher   1966  .025   1930  .012

====================================================================================================================================

 SCC13a    1940 to  2010      71 years                                                                                    Series  69

 [B] Entire series, effect on correlation (  .575) is:
       Lower   2005< -.026   1986> -.021   1976< -.019   1970> -.017   1960> -.015   1943< -.015  Higher   2002  .039   1966  .035

====================================================================================================================================

 SCC15b    1935 to  2010      76 years                                                                                    Series  70

 [B] Entire series, effect on correlation (  .503) is:
       Lower   1943< -.021   1979> -.021   2010> -.019   1975< -.019   1954> -.018   1969< -.014  Higher   1984  .022   1977  .019

====================================================================================================================================

 SCC16b    1950 to  2010      61 years                                                                                    Series  71

 [B] Entire series, effect on correlation (  .620) is:
       Lower   1977> -.022   1990> -.021   1981< -.019   1957< -.018   1983< -.014   1971< -.014  Higher   2002  .027   1954  .020

====================================================================================================================================

 SCC18b    1872 to  2010     139 years                                                                                    Series  72

 [B] Entire series, effect on correlation (  .553) is:
       Lower   1990< -.056   2010> -.015   1947> -.015   2007> -.012   2002> -.008   1905> -.008  Higher   1954  .014   1924  .012

 [E] Outliers     1   3.0 SD above or -4.5 SD below mean for year
       1989 +3.1 SD
====================================================================================================================================

 SCC19a    1959 to  2010      52 years                                                                                    Series  73

 [B] Entire series, effect on correlation (  .566) is:
       Lower   2002> -.031   1959> -.031   1965< -.016   1960> -.014   1985> -.013   1995< -.013  Higher   1984  .028   1989  .026

====================================================================================================================================

 SCC20b    1906 to  2010     105 years                                                                                    Series  74

 [B] Entire series, effect on correlation (  .691) is:
       Lower   2005< -.053   1954> -.009   2002> -.009   1958> -.006   1916< -.006   1961> -.005  Higher   1914  .021   1966  .013

====================================================================================================================================

 SMC12a    1944 to  2010      67 years                                                                                    Series  75

 [B] Entire series, effect on correlation (  .484) is:
       Lower   1960> -.038   1972< -.025   1988< -.017   2002> -.016   1979> -.016   1953< -.015  Higher   2007  .023   1970  .020

 [E] Outliers     1   3.0 SD above or -4.5 SD below mean for year
       1960 +3.4 SD
====================================================================================================================================

 SMC20a    1890 to  2010     121 years                                                                                    Series  76

 [B] Entire series, effect on correlation (  .555) is:
       Lower   1894< -.042   1955> -.035   1963> -.026   1908< -.011   1902> -.010   1918> -.009  Higher   1930  .018   1911  .016

 [E] Outliers     2   3.0 SD above or -4.5 SD below mean for year
       1955 +4.3 SD;    1963 +3.2 SD
====================================================================================================================================
PART 7:  DESCRIPTIVE STATISTICS: ncSTATS                                                           11:01  Fri 14 Sep 2012  Page   7
------------------------------------------------------------------------------------------------------------------------------------

                                                Corr   //-------- Unfiltered --------\\  //---- Filtered -----\\
                           No.    No.    No.    with   Mean   Max     Std   Auto   Mean   Max     Std   Auto  AR
 Seq Series   Interval   Years  Segmt  Flags   Master  msmt   msmt    dev   corr   sens  value    dev   corr  ()
 --- -------- ---------  -----  -----  -----   ------ -----  -----  -----  -----  -----  -----  -----  -----  --
   1 BRC01b   1950 2010     61      2      0    .544   1.80   3.38   .596   .764   .181   2.52   .449  -.016   1
   2 BRC06b   1920 2010     91      4      0    .435   1.32   2.51   .428   .634   .214   2.52   .398  -.044   2
   3 BRC10a   1954 2010     57      2      0    .478    .88   2.18   .387   .786   .215   2.56   .418  -.068   1
   4 BRC19b   1930 2010     81      3      0    .508    .95   2.17   .474   .803   .257   2.79   .585  -.041   2
   5 BRC21a   1909 2010    102      4      0    .513   1.42   2.59   .423   .640   .214   2.63   .402  -.007   2
   6 BRC23b   1925 2010     86      3      0    .451   1.18   2.31   .474   .780   .222   2.62   .422  -.025   1
   7 BRC24a   1945 2010     66      3      0    .461   1.79   2.68   .398   .498   .188   2.46   .421   .002   1
   8 BRM02a   1828 2010    183      7      0    .612    .89   1.52   .204   .478   .177   2.51   .348   .018   2
   9 BRM02b   1868 2009    142      6      0    .639   1.00   1.62   .234   .418   .190   2.73   .467   .025   1
  10 BRM03a   1776 2009    234      9      5    .429    .54   1.23   .216   .763   .213   2.76   .470  -.052   1
  11 BRM04a   1902 2010    109      4      0    .533    .62   1.14   .172   .176   .302   2.48   .333   .014   1
  12 BRM04b   1855 2010    156      6      0    .524    .73   1.41   .182   .506   .183   2.65   .458  -.008   1
  13 BRM05b   1875 2009    135      5      0    .587    .79   1.69   .279   .527   .263   2.80   .419  -.043   1
  14 BRM06a   1851 2010    160      6      0    .433    .21    .62   .084   .706   .248   2.39   .250  -.072   1
  15 BRM06b   1844 2010    167      7      0    .641    .19    .48   .082   .688   .246   2.43   .254  -.029   1
  16 BRM07a   1780 2010    231      9      3    .451    .80   2.64   .248   .562   .183   2.87   .357  -.067   2
  17 BRM08    1899 2002    104      5      0    .481    .79   1.46   .243   .757   .158   2.67   .397  -.082   1
  18 BRM08a   1910 2010    101      4      0    .576    .20    .33   .050   .647   .161   2.56   .379  -.049   1
  19 BRM09a   1845 2010    166      7      0    .547   1.06   2.23   .357   .740   .187   2.69   .496  -.005   1
  20 BRM09b   1957 2010     54      2      0    .597   1.13   1.76   .267   .529   .171   2.96   .609  -.148   1
  21 BRM11a   1937 2010     74      3      0    .557   1.45   2.80   .641   .757   .224   2.77   .465  -.035   1
  22 BRM11b   1953 2010     58      2      0    .590   2.31   6.41  1.458   .893   .209   2.73   .464   .030   1
  23 BRM12a   1848 2009    162      7      0    .543    .87   2.17   .409   .898   .178   2.27   .222  -.056   1
  24 BRM12b   1867 2010    144      6      0    .563   1.11   2.95   .438   .816   .191   2.79   .487  -.029   1
  25 BRM13a   1847 2010    164      7      0    .548    .17    .40   .077   .799   .248   2.76   .425  -.036   1
  26 BRM13b   1880 2010    131      5      0    .554    .99   3.78   .542   .745   .246   2.63   .335  -.039   1
  27 BRM14a   1845 2010    166      7      0    .631   1.10   2.03   .349   .763   .171   2.62   .447  -.057   1
  28 BRM14b   1879 2010    132      5      0    .551   1.28   2.25   .261   .419   .160   2.81   .497  -.014   1
  29 BRM15a   1951 2009     59      2      0    .778   1.23   2.24   .398   .627   .193   2.79   .601  -.049   1
  30 BRM15b   1950 2010     61      2      0    .608   1.26   2.10   .403   .589   .215   2.78   .574  -.103   2
  31 BRM16a   1944 2010     67      3      0    .704   1.15   4.03   .540   .716   .184   3.03   .506   .033   1
  32 BRM17a   1778 2010    233      9      6    .314    .76   1.52   .184   .656   .154   2.72   .469  -.030   1
  33 BRM18a   1853 2010    158      6      0    .543    .24    .89   .154   .842   .265   2.97   .557  -.001   1
  34 BRM18b   1847 2010    164      7      0    .591    .18    .46   .080   .743   .269   2.54   .310  -.022   1
  35 BRM20a   1830 2010    181      7      0    .614    .96   2.03   .271   .616   .186   2.71   .424  -.056   1
  36 BRM20b   1818 2010    193      8      0    .556    .80   2.24   .235   .581   .187   2.87   .401  -.068   1
  37 BRM21a   1871 2010    140      6      0    .556   1.19   3.26   .492   .741   .223   2.57   .383  -.027   1
  38 BRM21b   1877 2010    134      5      0    .619   1.50   3.75   .652   .779   .197   2.85   .451  -.045   2
  39 BRM22a   1764 2010    247      9      9    .188    .61   1.54   .219   .645   .189   2.81   .386  -.011   1
  40 BRM23a   1881 2009    129      5      0    .634    .89   2.00   .365   .608   .302   2.47   .340  -.048   1
  41 BRM23b   1884 2010    127      5      0    .755    .97   2.44   .381   .742   .220   2.70   .569  -.045   1
  42 BRM24a   1898 2010    113      5      0    .743   1.18   3.46   .696   .812   .271   2.72   .542  -.046   1
  43 BRM24b   1870 2009    140      6      1    .584   1.05   6.15   .833   .765   .232   2.74   .406   .064   1
  44 BRM25    1962 2010     49      1      0    .630    .91   1.63   .252   .431   .210   2.78   .587   .078   1
  45 BRM26a   1863 2010    148      6      1    .470    .89   2.26   .266   .448   .211   2.85   .302  -.006   1
  46 BRM26b   1854 2010    157      6      2    .409   1.07   3.48   .372   .610   .176   2.89   .360  -.020   1
  47 BRM27b   1950 2010     61      2      0    .569    .88   1.72   .266   .750   .169   2.73   .506   .044   1
  48 BRM29a   1780 2010    231      9      2    .433    .13    .35   .049   .733   .217   2.35   .246  -.041   1
PART 7:  DESCRIPTIVE STATISTICS: ncSTATS                                                           11:01  Fri 14 Sep 2012  Page   8
------------------------------------------------------------------------------------------------------------------------------------

                                                Corr   //-------- Unfiltered --------\\  //---- Filtered -----\\
                           No.    No.    No.    with   Mean   Max     Std   Auto   Mean   Max     Std   Auto  AR
 Seq Series   Interval   Years  Segmt  Flags   Master  msmt   msmt    dev   corr   sens  value    dev   corr  ()
 --- -------- ---------  -----  -----  -----   ------ -----  -----  -----  -----  -----  -----  -----  -----  --
  49 BRM29b   1802 2010    209      8      1    .537    .17    .36   .060   .720   .192   2.90   .375  -.004   2
  50 BRM31a   1855 2009    155      6      0    .636    .97   3.00   .637   .899   .228   2.74   .356  -.027   2
  51 BRM31b   1853 2009    157      6      1    .522    .83   2.44   .500   .876   .255   2.87   .565  -.026   1
  52 BRM32a   1911 2009     99      4      0    .668   1.20   2.25   .392   .746   .171   2.82   .492  -.078   1
  53 BRM32b   1911 2009     99      4      1    .629   1.31   2.50   .380   .654   .164   2.70   .466   .004   1
  54 BRM33a   1910 2010    101      4      0    .782    .22    .41   .070   .493   .236   2.55   .400  -.049   1
  55 BRM33b   1869 2008    140      6      0    .655    .83   2.22   .375   .686   .299   2.42   .372  -.013   1
  56 BRM35a   1852 2009    158      6      1    .593   1.03   2.02   .283   .735   .163   2.63   .455  -.043   1
  57 BRM35b   1872 2010    139      6      0    .732   1.63   3.63   .551   .622   .224   2.69   .537  -.035   1
  58 BRM36a   1779 2009    231      9      2    .555    .84   1.93   .254   .665   .178   2.94   .449  -.018   1
  59 BRM37a   1863 2010    148      6      0    .784   1.05   2.62   .327   .403   .238   2.99   .570   .019   1
  60 BRM37b   1876 2009    134      5      0    .788    .12    .21   .035   .603   .200   2.54   .423   .041   1
  61 SCC01b   1847 2010    164      7      3    .395    .86   1.93   .377   .781   .218   2.78   .486  -.021   2
  62 SCC03a   1880 2010    131      5      0    .710   1.32   2.32   .285   .385   .187   2.74   .526  -.012   1
  63 SCC07b   1844 2010    167      7      3    .415    .62   1.26   .179   .704   .181   2.47   .318  -.020   2
  64 SCC08b   1883 2010    128      5      0    .514   1.06   2.20   .306   .509   .223   2.64   .446  -.065   1
  65 SCC09b   1883 1993    111      4      0    .759   1.12   1.91   .295   .633   .181   2.55   .433  -.026   2
  66 SCC10a   1925 2010     86      3      0    .725   1.68   3.65   .503   .432   .201   2.88   .474  -.059   1
  67 SCC10b   1925 2010     86      3      0    .581   1.35   2.39   .367   .614   .194   2.68   .517  -.019   1
  68 SCC11b   1901 2009    109      4      0    .573   1.24   3.09   .574   .668   .280   2.56   .458  -.080   1
  69 SCC13a   1940 2010     71      3      0    .575   1.04   1.76   .251   .648   .160   2.53   .533  -.044   1
  70 SCC15b   1935 2010     76      3      0    .503    .90   1.73   .304   .633   .215   2.84   .555   .008   1
  71 SCC16b   1950 2010     61      2      0    .620   1.25   2.83   .572   .782   .199   2.67   .532   .009   1
  72 SCC18b   1872 2010    139      6      0    .553    .90   1.86   .285   .629   .180   2.84   .355  -.048   1
  73 SCC19a   1959 2010     52      2      0    .566   1.04   1.90   .322   .534   .224   2.73   .466  -.063   1
  74 SCC20b   1906 2010    105      4      0    .691   1.41   3.08   .510   .663   .216   2.73   .450  -.052   1
  75 SMC12a   1944 2010     67      3      0    .484   1.42   2.29   .377   .449   .213   2.87   .622   .020   1
  76 SMC20a   1890 2010    121      5      0    .555   1.01   1.94   .274   .657   .167   2.75   .439  -.011   2
 --- -------- ---------  -----  -----  -----   ------ -----  -----  -----  -----  -----  -----  -----  -----  --
 Total or mean:           9753    385     41    .556    .89   6.41   .320   .660   .208   3.03   .427  -.027

                                              - = [  COFECHA NCSTACOF  ] = -
