[]  Dendrochronology Program Library                                        Run OCSTA  Program COF  11:14  Fri 14 Sep 2012  Page   1
[]
[]  P R O G R A M      C O F E C H A                                                                          Version 6.06P    28383
------------------------------------------------------------------------------------------------------------------------------------

 QUALITY CONTROL AND DATING CHECK OF TREE-RING MEASUREMENTS

 Title of run:           ocSTATS                                 

 File of DATED series:   oc.rwl

 CONTENTS:

    Part 1:  Title page, options selected, summary, absent rings by series
    Part 2:  Histogram of time spans
    Part 3:  Master series with sample depth and absent rings by year
    Part 4:  Bar plot of Master Dating Series
    Part 5:  Correlation by segment of each series with Master
    Part 6:  Potential problems: low correlation, divergent year-to-year changes, absent rings, outliers
    Part 7:  Descriptive statistics

 RUN CONTROL OPTIONS SELECTED                             VALUE

         1  Cubic smoothing spline 50% wavelength cutoff for filtering
                                                            32 years
         2  Segments examined are                           50 years lagged successively by  25 years
         3  Autoregressive model applied                     A  Residuals are used in master dating series and testing
         4  Series transformed to logarithms                 Y  Each series log-transformed for master dating series and testing
         5  CORRELATION is Pearson (parametric, quantitative)
            Critical correlation, 99% confidence level   .3281
         6  Master dating series saved                       N
         7  Ring measurements listed                         N
         8  Parts printed                              1234567 
         9  Absent rings are omitted from master series and segment correlations  (Y)

 Time span of Master dating series is  1631 to  1981   351 years
 Continuous time span is               1631 to  1981   351 years
 Portion with two or more series is    1640 to  1981   342 years


                                        ****************************************
                                        *C* Number of dated series        18 *C*
                                        *O* Master series 1631 1981  351 yrs *O*
                                        *F* Total rings in all series   4684 *F*
                                        *E* Total dated rings checked   4675 *E*
                                        *C* Series intercorrelation     .575 *C*
                                        *H* Average mean sensitivity    .169 *H*
                                        *A* Segments, possible problems   22 *A*
                                        *** Mean length of series      260.2 ***
                                        ****************************************

 ABSENT RINGS listed by SERIES:            (See Master Dating Series for absent rings listed by year)

               No ring measurements of zero value
PART 2:  TIME PLOT OF TREE-RING SERIES: ocSTATS                                                    11:14  Fri 14 Sep 2012  Page   2
------------------------------------------------------------------------------------------------------------------------------------
 1050 1100 1150 1200 1250 1300 1350 1400 1450 1500 1550 1600 1650 1700 1750 1800 1850 1900 1950 2000 2050 Ident   Seq Time-span  Yrs
   :    :    :    :    :    :    :    :    :    :    :    :    :    :    :    :    :    :    :    :    : -------- --- ---- ---- ----
   .    .    .    .    .    .    .    .    .    .    .    .    .    .  <=================>   .    .    . 060041     1 1738 1911  174
   .    .    .    .    .    .    .    .    .    .    .    .   <=================================> .    . 060051     2 1640 1981  342
   .    .    .    .    .    .    .    .    .    .    .    .  <==================================> .    . 060052     3 1631 1981  351
   .    .    .    .    .    .    .    .    .    .    .    .    .    .    .  <===================> .    . 060071     4 1780 1981  202
   .    .    .    .    .    .    .    .    .    .    .    .    .    .   <=======================> .    . 060081     5 1743 1981  239
   .    .    .    .    .    .    .    .    .    .    .    .    .    .    .<=====================> .    . 060082     6 1761 1981  221
   .    .    .    .    .    .    .    .    .    .    .    .    .    . <=========================> .    . 060091     7 1720 1981  262
   .    .    .    .    .    .    .    .    .    .    .    .    .   <============================> .    . 060092     8 1699 1981  283
   .    .    .    .    .    .    .    .    .    .    .    .    .    <===========================> .    . 060101     9 1705 1981  277
   .    .    .    .    .    .    .    .    .    .    .    .    .    .  <========================> .    . 060111    10 1731 1981  251
   .    .    .    .    .    .    .    .    .    .    .    .    .    .  <========================> .    . 060112    11 1734 1981  248
   .    .    .    .    .    .    .    .    .    .    .    .    .    .   <=======================> .    . 060121    12 1740 1981  242
   .    .    .    .    .    .    .    .    .    .    .    .    .    . <=========================> .    . 060122    13 1722 1981  260
   .    .    .    .    .    .    .    .    .    .    .    .    .    .    .<=====================> .    . 060131    14 1760 1981  222
   .    .    .    .    .    .    .    .    .    .    .    .    .   <============================> .    . 060151    15 1692 1981  290
   .    .    .    .    .    .    .    .    .    .    .    .    .<===============================> .    . 060152    16 1669 1981  313
   .    .    .    .    .    .    .    .    .    .    .    .    .    .    .<=====================> .    . 060161    17 1764 1981  218
   .    .    .    .    .    .    .    .    .    .    .    .    .   <============================> .    . 060171    18 1693 1981  289
   :    :    :    :    :    :    :    :    :    :    :    :    :    :    :    :    :    :    :    :    :
 1050 1100 1150 1200 1250 1300 1350 1400 1450 1500 1550 1600 1650 1700 1750 1800 1850 1900 1950 2000 2050
PART 3:  Master Dating Series: ocSTATS                                                             11:14  Fri 14 Sep 2012  Page   3
------------------------------------------------------------------------------------------------------------------------------------
  Year  Value  No Ab    Year  Value  No Ab    Year  Value  No Ab    Year  Value  No Ab    Year  Value  No Ab    Year  Value  No Ab
  ------------------    ------------------    ------------------    ------------------    ------------------    ------------------
                        1650   .721   2       1700  -.283   6       1750 -1.308  14       1800  -.563  18       1850   .741  18
                        1651  1.022   2       1701   .904   6       1751 -1.752  14       1801   .677  18       1851   .894  18
                        1652 -1.000   2       1702  -.831   6       1752 -1.198  14       1802   .346  18       1852   .711  18
                        1653  1.597   2       1703   .547   6       1753   .500  14       1803 -3.338  18       1853   .956  18
                        1654 -1.349   2       1704 -2.379   6       1754   .933  14       1804  -.010  18       1854   .646  18
                        1655   .225   2       1705   .520   7       1755  -.705  14       1805  -.458  18       1855 -1.424  18
                        1656  1.140   2       1706  -.120   7       1756  1.035  14       1806 -1.184  18       1856 -1.338  18
                        1657   .483   2       1707 -1.145   7       1757   .968  14       1807   .366  18       1857   .479  18
                        1658  2.299   2       1708  -.116   7       1758   .684  14       1808   .756  18       1858 -2.009  18
                        1659  -.100   2       1709  -.126   7       1759  -.460  14       1809   .139  18       1859  1.121  18

                        1660  -.342   2       1710   .025   7       1760   .182  15       1810  1.110  18       1860   .545  18
                        1661 -1.027   2       1711   .119   7       1761  -.641  16       1811   .635  18       1861 -1.496  18
                        1662 -1.655   2       1712  -.654   7       1762  -.224  16       1812  1.582  18       1862   .401  18
                        1663 -1.406   2       1713  -.567   7       1763  -.308  16       1813   .201  18       1863  -.842  18
                        1664  1.160   2       1714  -.481   7       1764   .476  17       1814   .391  18       1864   .579  18
                        1665 -1.038   2       1715  -.691   7       1765  -.925  17       1815   .565  18       1865  -.346  18
                        1666 -1.357   2       1716   .852   7       1766  1.023  17       1816   .202  18       1866   .701  18
                        1667  -.912   2       1717   .655   7       1767  -.455  17       1817   .073  18       1867 -1.140  18
                        1668  -.497   2       1718   .601   7       1768  1.515  17       1818  -.138  18       1868 -1.034  18
                        1669  1.086   3       1719   .871   7       1769   .239  17       1819 -1.945  18       1869   .471  18

                        1670  -.388   3       1720  1.324   8       1770 -1.029  17       1820  -.609  18       1870   .684  18
                        1671  -.174   3       1721  -.436   8       1771  1.438  17       1821  -.633  18       1871 -1.694  18
                        1672  -.608   3       1722  -.845   9       1772   .914  17       1822 -1.273  18       1872  -.482  18
                        1673  1.202   3       1723  -.256   9       1773   .524  17       1823 -1.715  18       1873 -1.361  18
                        1674   .148   3       1724   .791   9       1774 -2.928  17       1824   .703  18       1874   .934  18
                        1675  1.450   3       1725  1.182   9       1775  -.309  17       1825  -.516  18       1875  -.108  18
                        1676   .418   3       1726   .201   9       1776 -1.005  17       1826   .081  18       1876  1.235  18
                        1677  2.385   3       1727   .358   9       1777  -.194  17       1827  1.202  18       1877   .208  18
                        1678   .996   3       1728 -1.246   9       1778   .187  17       1828  1.615  18       1878  1.583  18
                        1679  -.708   3       1729   .647   9       1779  -.995  17       1829  -.550  18       1879  -.173  18

                        1680  1.762   3       1730   .176   9       1780  1.042  18       1830  1.663  18       1880  1.335  18
  1631  -.537   1       1681  -.689   3       1731   .372  10       1781   .787  18       1831   .109  18       1881  -.188  18
  1632 -1.213   1       1682  -.856   3       1732  -.867  10       1782   .259  18       1832   .228  18       1882   .008  18
  1633   .491   1       1683 -1.548   3       1733  -.588  10       1783   .564  18       1833   .041  18       1883  -.343  18
  1634  2.431   1       1684  -.047   3       1734  -.581  11       1784 -2.001  18       1834 -1.436  18       1884  1.261  18
  1635 -1.695   1       1685 -1.297   3       1735   .809  11       1785 -1.138  18       1835  -.189  18       1885 -3.411  18
  1636  3.411   1       1686 -1.893   3       1736   .444  11       1786  -.068  18       1836  -.722  18       1886   .314  18
  1637  -.053   1       1687 -3.051   3       1737   .207  11       1787   .304  18       1837 -1.654  18       1887  -.338  18
  1638  -.834   1       1688   .067   3       1738   .508  12       1788  1.388  18       1838  -.565  18       1888  -.104  18
  1639  -.044   1       1689  -.064   3       1739   .551  12       1789   .517  18       1839  -.798  18       1889  1.520  18

  1640  -.523   2       1690  1.004   3       1740   .259  13       1790   .533  18       1840  1.415  18       1890   .099  18
  1641  -.724   2       1691   .147   3       1741 -1.552  13       1791  -.657  18       1841   .437  18       1891  -.468  18
  1642  -.309   2       1692  1.384   4       1742  -.406  13       1792   .369  18       1842  1.366  18       1892   .585  18
  1643  -.078   2       1693   .596   5       1743  -.097  14       1793   .994  18       1843  -.298  18       1893   .357  18
  1644 -1.452   2       1694   .995   5       1744   .218  14       1794   .564  18       1844   .169  18       1894   .234  18
  1645  -.456   2       1695   .906   5       1745   .044  14       1795   .587  18       1845   .228  18       1895  -.216  18
  1646   .495   2       1696   .800   5       1746  -.904  14       1796   .147  18       1846   .536  18       1896  -.287  18
  1647  -.441   2       1697   .215   5       1747   .546  14       1797  1.145  18       1847   .185  18       1897   .426  18
  1648  -.441   2       1698   .351   5       1748  1.976  14       1798  -.275  18       1848   .366  18       1898 -1.055  18
  1649  1.165   2       1699  -.497   6       1749   .172  14       1799 -1.193  18       1849  -.735  18       1899  -.775  18
PART 3:  Master Dating Series: ocSTATS                                                             11:14  Fri 14 Sep 2012  Page   4
------------------------------------------------------------------------------------------------------------------------------------
  Year  Value  No Ab    Year  Value  No Ab    Year  Value  No Ab    Year  Value  No Ab    Year  Value  No Ab    Year  Value  No Ab
  ------------------    ------------------    ------------------    ------------------    ------------------    ------------------
  1900   .172  18       1950   .024  17
  1901   .243  18       1951  -.313  17
  1902 -1.647  18       1952  -.717  17
  1903  1.052  18       1953  -.217  17
  1904  1.100  18       1954 -1.180  17
  1905   .543  18       1955  -.630  17
  1906  1.749  18       1956   .927  17
  1907   .060  18       1957  1.723  17
  1908 -2.303  18       1958  1.040  17
  1909  -.770  18       1959  -.378  17

  1910 -1.545  18       1960  -.866  17
  1911   .105  18       1961  -.303  17
  1912   .691  17       1962  -.807  17
  1913   .593  17       1963  -.430  17
  1914  -.170  17       1964   .750  17
  1915   .771  17       1965   .375  17
  1916  1.374  17       1966 -1.041  17
  1917   .840  17       1967 -1.264  17
  1918 -1.404  17       1968 -1.563  17
  1919 -1.542  17       1969  -.027  17

  1920   .480  17       1970  -.008  17
  1921   .258  17       1971  1.914  17
  1922   .195  17       1972   .268  17
  1923  -.100  17       1973   .509  17
  1924  1.695  17       1974   .499  17
  1925  -.635  17       1975  1.526  17
  1926  -.116  17       1976  1.194  17
  1927   .748  17       1977  -.989  17
  1928   .627  17       1978   .863  17
  1929 -1.166  17       1979   .758  17

  1930  -.151  17       1980   .132  17
  1931  -.879  17       1981 -2.744  17
  1932 -1.148  17
  1933   .159  17
  1934   .875  17
  1935  1.408  17
  1936 -2.306  17
  1937   .441  17
  1938   .426  17
  1939   .391  17

  1940  -.241  17
  1941  -.868  17
  1942   .355  17
  1943  1.612  17
  1944   .850  17
  1945   .578  17
  1946   .864  17
  1947   .459  17
  1948 -1.544  17
  1949  -.666  17
------------------------------------------------------------------------------------------------------------------------------------
PART 4:  Master Bar Plot: ocSTATS                                                                  11:14  Fri 14 Sep 2012  Page   5
------------------------------------------------------------------------------------------------------------------------------------
   Year Rel value  Year Rel value  Year Rel value  Year Rel value  Year Rel value  Year Rel value  Year Rel value  Year Rel value
                   1650--------C   1700----a       1750-e          1800---b        1850--------C   1900-----A      1950-----@
                   1651---------D  1701---------D  1751g           1801--------C   1851---------D  1901------A     1951---a
                   1652-d          1702--c         1752-e          1802------A     1852--------C   1902g           1952--c
                   1653----------F 1703-------B    1753-------B    1803m           1853---------D  1903---------D  1953----a
                   1654-e          1704j           1754---------D  1804----@       1854--------C   1904---------D  1954-e
                   1655------A     1705-------B    1755--c         1805---b        1855f           1905-------B    1955--c
                   1656---------E  1706----@       1756---------D  1806-e          1856-e          1906----------G 1956---------D
                   1657-------B    1707-e          1757---------D  1807------A     1857-------B    1907-----@      1957----------G
                   1658----------I 1708----@       1758--------C   1808--------C   1858h           1908i           1958---------D
                   1659----@       1709----a       1759---b        1809-----A      1859---------D  1909--c         1959---b
                   1660---a        1710-----@      1760-----A      1810---------D  1860-------B    1910f           1960--c
                   1661-d          1711-----@      1761--c         1811--------C   1861f           1911-----@      1961---a
                   1662g           1712--c         1762----a       1812----------F 1862------B     1912--------C   1962--c
                   1663f           1713---b        1763---a        1813-----A      1863--c         1913-------B    1963---b
                   1664---------E  1714---b        1764-------B    1814------B     1864-------B    1914----a       1964--------C
                   1665-d          1715--c         1765-d          1815-------B    1865---a        1915--------C   1965------A
                   1666-e          1716--------C   1766---------D  1816-----A      1866--------C   1916----------E 1966-d
                   1667--d         1717--------C   1767---b        1817-----@      1867-e          1917--------C   1967-e
                   1668---b        1718-------B    1768----------F 1818----a       1868-d          1918f           1968f
                   1669---------D  1719--------C   1769------A     1819h           1869-------B    1919f           1969----@
                   1670---b        1720----------E 1770-d          1820--b         1870--------C   1920-------B    1970----@
                   1671----a       1721---b        1771----------F 1821--c         1871g           1921------A     1971----------H
                   1672--b         1722--c         1772---------D  1822-e          1872---b        1922-----A      1972------A
                   1673---------E  1723----a       1773-------B    1823g           1873-e          1923----@       1973-------B
                   1674-----A      1724--------C   1774l           1824--------C   1874---------D  1924----------G 1974-------B
                   1675----------F 1725---------E  1775---a        1825---b        1875----@       1925--c         1975----------F
                   1676-------B    1726-----A      1776-d          1826-----@      1876---------E  1926----@       1976---------E
                   1677----------J 1727------A     1777----a       1827---------E  1877-----A      1927--------C   1977-d
                   1678---------D  1728-e          1778-----A      1828----------F 1878----------F 1928--------C   1978--------C
                   1679--c         1729--------C   1779-d          1829---b        1879----a       1929-e          1979--------C
                   1680----------G 1730-----A      1780---------D  1830----------G 1880----------E 1930----a       1980-----A
   1631---b        1681--c         1731------A     1781--------C   1831-----@      1881----a       1931--d         1981k
   1632-e          1682--c         1732--c         1782------A     1832------A     1882-----@      1932-e
   1633-------B    1683f           1733--b         1783-------B    1833-----@      1883---a        1933-----A
   1634----------J 1684----@       1734--b         1784h           1834f           1884---------E  1934---------C
   1635g           1685-e          1735--------C   1785-e          1835----a       1885n           1935----------F
   1636----------N 1686h           1736-------B    1786----@       1836--c         1886------A     1936i
   1637----@       1687l           1737-----A      1787------A     1837g           1887---a        1937-------B
   1638--c         1688-----@      1738-------B    1788----------F 1838---b        1888----@       1938-------B
   1639----@       1689----@       1739-------B    1789-------B    1839--c         1889----------F 1939------B
   1640---b        1690---------D  1740------A     1790-------B    1840----------F 1890-----@      1940----a
   1641--c         1691-----A      1741f           1791--c         1841-------B    1891---b        1941--c
   1642---a        1692----------F 1742---b        1792------A     1842----------E 1892-------B    1942------A
   1643----@       1693-------B    1743----@       1793---------D  1843---a        1893------A     1943----------F
   1644f           1694---------D  1744-----A      1794-------B    1844-----A      1894------A     1944--------C
   1645---b        1695---------D  1745-----@      1795-------B    1845------A     1895----a       1945-------B
   1646-------B    1696--------C   1746--d         1796-----A      1846-------B    1896---a        1946--------C
   1647---b        1697-----A      1747-------B    1797---------E  1847-----A      1897-------B    1947-------B
   1648---b        1698------A     1748----------H 1798----a       1848------A     1898-d          1948f
   1649---------E  1699---b        1749-----A      1799-e          1849--c         1899--c         1949--c
PART 5:  CORRELATION OF SERIES BY SEGMENTS: ocSTATS                                                11:14  Fri 14 Sep 2012  Page   5
------------------------------------------------------------------------------------------------------------------------------------
 Correlations of  50-year dated segments, lagged  25 years
 Flags:  A = correlation under   .3281 but highest as dated;  B = correlation higher at other than dated position

 Seq Series  Time_span   1625 1650 1675 1700 1725 1750 1775 1800 1825 1850 1875 1900 1925 1950
                         1674 1699 1724 1749 1774 1799 1824 1849 1874 1899 1924 1949 1974 1999
 --- -------- ---------  ---- ---- ---- ---- ---- ---- ---- ---- ---- ---- ---- ---- ---- ---- ---- ---- ---- ---- ---- ----
   1 060041   1738 1911                       .71  .74  .50  .59  .71  .75  .68
   2 060051   1640 1981   .31A .51  .53  .15B .23B .28B .32A .31A .28B .54  .65  .55  .36B .46
   3 060052   1631 1981   .22B .42  .68  .43  .32A .45  .28B .15B .38  .62  .68  .68  .45  .54
   4 060071   1780 1981                                 .57  .65  .66  .67  .69  .76  .64  .71
   5 060081   1743 1981                       .59  .61  .70  .64  .59  .80  .84  .73  .62  .65
   6 060082   1761 1981                            .49  .62  .61  .69  .67  .37  .26A .37  .55
   7 060091   1720 1981                  .37  .61  .77  .64  .60  .64  .77  .73  .51  .46  .49
   8 060092   1699 1981             .24B .25B .59  .71  .85  .81  .49  .50  .67  .63  .43  .56
   9 060101   1705 1981                  .23B .33A .39  .46  .45  .62  .51B .52B .68  .59  .59
  10 060111   1731 1981                       .34  .50  .70  .86  .64  .55  .63  .61  .54  .70
  11 060112   1734 1981                       .65  .76  .73  .72  .66  .79  .83  .81  .64  .67
  12 060121   1740 1981                       .78  .80  .70  .69  .64  .76  .78  .73  .68  .70
  13 060122   1722 1981                  .72  .81  .82  .70  .67  .67  .59  .57  .56  .55  .60
  14 060131   1760 1981                            .68  .59  .60  .53  .52  .60  .51  .21A .19A
  15 060151   1692 1981             .45  .47  .47  .44  .60  .75  .73  .79  .78  .69  .54  .65
  16 060152   1669 1981        .39  .46  .50  .50  .44  .63  .75  .73  .80  .76  .63  .57  .65
  17 060161   1764 1981                            .70  .72  .69  .64  .77  .81  .79  .56  .65
  18 060171   1693 1981             .30A .38  .49  .51  .49  .51  .38  .42  .53  .47  .39  .53
 Av segment correlation   .26  .44  .44  .39  .53  .59  .60  .61  .59  .66  .67  .62  .51  .58
PART 6:  POTENTIAL PROBLEMS: ocSTATS                                                               11:14  Fri 14 Sep 2012  Page   6
------------------------------------------------------------------------------------------------------------------------------------

 For each series with potential problems the following diagnostics may appear:

 [A] Correlations with master dating series of flagged  50-year segments of series filtered with  32-year spline,
     at every point from ten years earlier (-10) to ten years later (+10) than dated

 [B] Effect of those data values which most lower or raise correlation with master series
     Symbol following year indicates value in series is greater (>) or lesser (<) than master series value

 [C] Year-to-year changes very different from the mean change in other series

 [D] Absent rings (zero values)

 [E] Values which are statistical outliers from mean for the year
====================================================================================================================================

 060041    1738 to  1911     174 years                                                                                    Series   1

 [B] Entire series, effect on correlation (  .666) is:
       Lower   1748< -.012   1787< -.010   1911< -.007   1788< -.007   1873> -.006   1838> -.006  Higher   1774  .031   1885  .022

====================================================================================================================================

 060051    1640 to  1981     342 years                                                                                    Series   2

 [A] Segment   High   -10   -9   -8   -7   -6   -5   -4   -3   -2   -1   +0   +1   +2   +3   +4   +5   +6   +7   +8   +9  +10
    ---------  ----   ---  ---  ---  ---  ---  ---  ---  ---  ---  ---  ---  ---  ---  ---  ---  ---  ---  ---  ---  ---  ---
    1640 1689    0      -  .01 -.23  .02  .02  .19  .22  .01 -.01 -.12  .31*-.12  .26  .00  .09 -.18  .01 -.13 -.03 -.12 -.03
    - - - - - - - - - - - - - - - - - - - - - - - - - - - - - - - - - - - - - - - - - - - - - - - - - - - - - - - - - - - - -
    1700 1749   -5   -.12  .27  .04  .14  .12  .29* .17 -.07  .14 -.08  .15|-.31  .01 -.01  .13  .05 -.13 -.02  .00  .08 -.18
    1725 1774   -9    .28  .39* .01  .01 -.02  .18 -.04 -.41  .05 -.07  .23|-.20  .04  .05  .15  .10 -.26 -.07 -.16  .05  .06
    1750 1799   -9    .19  .37* .07  .08  .02  .17 -.08 -.26 -.05 -.12  .28|-.01  .20 -.09 -.28  .15 -.17 -.04 -.15 -.20  .00
    1775 1824    0    .03  .11  .10 -.10  .08  .08 -.12  .07 -.08 -.17  .32*-.07  .13  .05 -.20 -.02  .01  .00 -.09 -.22  .05
    1800 1849    0    .18 -.19  .06 -.17  .01 -.07 -.02  .09  .07 -.06  .31*-.23  .15 -.08  .15 -.15 -.01  .06  .03 -.13  .29
    1825 1874   -4    .27 -.20 -.14  .03  .19 -.05  .33* .04  .05  .16  .28|-.25  .04 -.23 -.08 -.14 -.11 -.15  .18  .05  .14
    - - - - - - - - - - - - - - - - - - - - - - - - - - - - - - - - - - - - - - - - - - - - - - - - - - - - - - - - - - - - -
    1925 1974    6   -.08 -.11  .07  .29 -.16 -.38 -.22 -.18 -.07  .22  .36| .03  .01  .02  .11  .01  .39* .16    -    -    -

 [B] Entire series, effect on correlation (  .364) is:
       Lower   1961< -.017   1652< -.011   1648> -.011   1760< -.010   1799> -.008   1823> -.008  Higher   1885  .017   1981  .011
     1640 to 1689 segment:
       Lower   1652< -.077   1648> -.064   1647> -.038   1660> -.032   1646> -.026   1667> -.023  Higher   1687  .069   1677  .043
     1700 to 1749 segment:
       Lower   1725< -.042   1722> -.036   1748< -.032   1711< -.025   1737< -.020   1708< -.019  Higher   1704  .067   1746  .026
     1725 to 1774 segment:
       Lower   1760< -.069   1770> -.033   1725< -.031   1772< -.023   1748< -.022   1745> -.018  Higher   1774  .104   1768  .027
     1750 to 1799 segment:
       Lower   1760< -.068   1799> -.054   1770> -.029   1772< -.024   1788< -.018   1776> -.014  Higher   1774  .085   1784  .042
     1775 to 1824 segment:
       Lower   1799> -.051   1823> -.051   1812< -.025   1801< -.019   1788< -.018   1824< -.015  Higher   1819  .097   1803  .079
     1800 to 1849 segment:
       Lower   1823> -.055   1834> -.026   1812< -.022   1827< -.021   1801< -.017   1824< -.013  Higher   1819  .097   1803  .075
     1825 to 1874 segment:
       Lower   1856> -.048   1862< -.046   1834> -.029   1827< -.025   1855> -.024   1859< -.016  Higher   1871  .045   1840  .031
     1925 to 1974 segment:
       Lower   1961< -.100   1968> -.027   1954> -.026   1931> -.023   1951> -.016   1941> -.014  Higher   1948  .066   1935  .025

 [E] Outliers     7   3.0 SD above or -4.5 SD below mean for year
       1647 +3.2 SD;    1648 +4.2 SD;    1745 +3.4 SD;    1799 +3.5 SD;    1823 +3.6 SD;    1856 +3.3 SD;    1961 -4.6 SD
====================================================================================================================================

 060052    1631 to  1981     351 years                                                                                    Series   3

 [*] Early part of series cannot be checked from 1631 to 1639 -- not matched by another series

 [A] Segment   High   -10   -9   -8   -7   -6   -5   -4   -3   -2   -1   +0   +1   +2   +3   +4   +5   +6   +7   +8   +9  +10
    ---------  ----   ---  ---  ---  ---  ---  ---  ---  ---  ---  ---  ---  ---  ---  ---  ---  ---  ---  ---  ---  ---  ---
    1640 1689   -2      -  .07  .07 -.05  .00 -.02  .15  .15  .31*-.04  .22|-.21 -.02 -.14  .10  .10 -.07 -.12 -.16 -.15 -.26
    - - - - - - - - - - - - - - - - - - - - - - - - - - - - - - - - - - - - - - - - - - - - - - - - - - - - - - - - - - - - -
    1725 1774    0    .11  .15  .08 -.12  .00  .27  .19 -.43  .05 -.19  .32*-.04 -.07 -.04  .15 -.04 -.26 -.03 -.06  .16  .08
    - - - - - - - - - - - - - - - - - - - - - - - - - - - - - - - - - - - - - - - - - - - - - - - - - - - - - - - - - - - - -
    1775 1824   -3    .07  .03  .16  .09 -.11  .04  .12  .30*-.13 -.07  .28|-.04  .04 -.16 -.06  .18 -.05 -.11  .07 -.20 -.19
    1800 1849   -3    .00 -.22  .27  .23 -.06 -.03  .12  .31*-.12 -.12  .15|-.20 -.04 -.19 -.14  .01  .01 -.03  .06 -.05  .03

 [B] Entire series, effect on correlation (  .423) is:
       Lower   1652> -.016   1955< -.010   1648< -.010   1835> -.007   1748< -.007   1774> -.006  Higher   1885  .019   1908  .015
     1640 to 1689 segment:
       Lower   1652> -.070   1648< -.055   1647< -.032   1660< -.027   1688< -.026   1646< -.024  Higher   1687  .072   1677  .043
     1725 to 1774 segment:
       Lower   1748< -.054   1770> -.044   1774> -.037   1738< -.019   1730< -.012   1742< -.011  Higher   1768  .034   1771  .024
     1775 to 1824 segment:
       Lower   1803> -.040   1819> -.027   1783< -.025   1822> -.021   1805> -.018   1811< -.014  Higher   1784  .040   1779  .020
     1800 to 1849 segment:
       Lower   1835> -.034   1819> -.023   1822> -.022   1805> -.018   1811< -.014   1810< -.009  Higher   1806  .041   1837  .022

 [E] Outliers     3   3.0 SD above or -4.5 SD below mean for year
       1652 +3.8 SD;    1835 +5.5 SD;    1951 +3.4 SD
====================================================================================================================================

 060071    1780 to  1981     202 years                                                                                    Series   4

 [B] Entire series, effect on correlation (  .663) is:
       Lower   1785< -.013   1811< -.010   1962> -.009   1829> -.007   1798> -.007   1839> -.006  Higher   1803  .024   1981  .018

====================================================================================================================================

 060081    1743 to  1981     239 years                                                                                    Series   5

 [B] Entire series, effect on correlation (  .684) is:
       Lower   1951< -.010   1912< -.006   1845> -.006   1949> -.005   1798> -.005   1857< -.004  Higher   1885  .034   1936  .012

 [E] Outliers     1   3.0 SD above or -4.5 SD below mean for year
       1764 +3.1 SD
====================================================================================================================================

 060082    1761 to  1981     221 years                                                                                    Series   6

 [A] Segment   High   -10   -9   -8   -7   -6   -5   -4   -3   -2   -1   +0   +1   +2   +3   +4   +5   +6   +7   +8   +9  +10
    ---------  ----   ---  ---  ---  ---  ---  ---  ---  ---  ---  ---  ---  ---  ---  ---  ---  ---  ---  ---  ---  ---  ---
    1900 1949    0   -.05 -.01 -.10 -.11  .11  .16  .06 -.14  .01  .07  .26*-.23 -.51  .00  .11 -.01 -.03  .18 -.06  .12  .07

 [B] Entire series, effect on correlation (  .511) is:
       Lower   1908> -.015   1929> -.014   1767< -.012   1869< -.010   1958< -.009   1948> -.009  Higher   1981  .021   1858  .011
     1900 to 1949 segment:
       Lower   1929> -.051   1908> -.044   1948> -.028   1920< -.027   1949> -.022   1922< -.018  Higher   1936  .076   1919  .038

 [E] Outliers     5   3.0 SD above or -4.5 SD below mean for year
       1812 +3.3 SD;    1838 +3.3 SD;    1908 +3.3 SD;    1929 +3.5 SD;    1949 +3.2 SD
====================================================================================================================================

 060091    1720 to  1981     262 years                                                                                    Series   7

 [B] Entire series, effect on correlation (  .619) is:
       Lower   1727< -.014   1934< -.013   1861> -.008   1915< -.007   1729< -.007   1806> -.006  Higher   1885  .038   1774  .022

====================================================================================================================================

 060092    1699 to  1981     283 years                                                                                    Series   8

 [A] Segment   High   -10   -9   -8   -7   -6   -5   -4   -3   -2   -1   +0   +1   +2   +3   +4   +5   +6   +7   +8   +9  +10
    ---------  ----   ---  ---  ---  ---  ---  ---  ---  ---  ---  ---  ---  ---  ---  ---  ---  ---  ---  ---  ---  ---  ---
    1699 1748    5   -.19  .02 -.08  .01  .00  .28 -.05  .17 -.16  .11  .24|-.05 -.10 -.05  .05  .32* .16 -.27 -.09 -.04  .16
    1700 1749    5   -.19  .01 -.07 -.01  .00  .27 -.06  .16 -.16  .10  .25|-.05 -.11 -.04  .04  .40* .15 -.26 -.08 -.04  .16

 [B] Entire series, effect on correlation (  .581) is:
       Lower   1861> -.013   1705< -.011   1729< -.008   1855> -.008   1928< -.007   1759> -.006  Higher   1803  .033   1774  .018
     1699 to 1748 segment:
       Lower   1705< -.070   1729< -.053   1714> -.025   1722> -.023   1721> -.022   1718< -.021  Higher   1704  .117   1748  .068
     1700 to 1749 segment:
       Lower   1705< -.070   1729< -.053   1714> -.026   1722> -.024   1721> -.023   1700> -.021  Higher   1704  .116   1748  .067

====================================================================================================================================

 060101    1705 to  1981     277 years                                                                                    Series   9

 [A] Segment   High   -10   -9   -8   -7   -6   -5   -4   -3   -2   -1   +0   +1   +2   +3   +4   +5   +6   +7   +8   +9  +10
    ---------  ----   ---  ---  ---  ---  ---  ---  ---  ---  ---  ---  ---  ---  ---  ---  ---  ---  ---  ---  ---  ---  ---
    1705 1754  -10    .28* .14  .22 -.17 -.10  .05 -.08  .00 -.21  .10  .23| .12 -.29 -.16 -.16  .14  .09 -.17  .06  .04  .07
    1725 1774    0    .27  .19 -.08 -.34 -.08  .00 -.04  .00 -.05  .03  .33*-.10 -.22 -.15  .14  .26 -.11 -.20 -.12  .27  .00
    - - - - - - - - - - - - - - - - - - - - - - - - - - - - - - - - - - - - - - - - - - - - - - - - - - - - - - - - - - - - -
    1850 1899  -10    .63*-.24  .05 -.15  .01 -.11  .03 -.12  .20 -.33  .51|-.22 -.02  .01  .23 -.30  .21  .05 -.05 -.24  .17
    1875 1924  -10    .53*-.12  .10 -.15 -.06 -.19 -.09 -.12  .12 -.16  .52|-.12 -.09  .00  .15 -.30  .17  .04 -.07 -.15  .14

 [B] Entire series, effect on correlation (  .493) is:
       Lower   1895< -.033   1774> -.020   1734> -.009   1814> -.008   1848> -.007   1747< -.006  Higher   1803  .009   1981  .009
     1705 to 1754 segment:
       Lower   1734> -.062   1747< -.042   1716< -.037   1732> -.032   1754< -.027   1720< -.018  Higher   1748  .108   1707  .028
     1725 to 1774 segment:
       Lower   1774> -.094   1734> -.053   1747< -.043   1754< -.026   1732> -.025   1764< -.013  Higher   1748  .069   1766  .027
     1850 to 1899 segment:
       Lower   1895< -.191   1899> -.017   1857< -.011   1878< -.011   1872> -.005   1868> -.005  Higher   1858  .026   1871  .024
     1875 to 1924 segment:
       Lower   1895< -.153   1899> -.017   1921< -.015   1878< -.010   1914> -.006   1890> -.004  Higher   1902  .026   1908  .021

 [C] Year-to-year changes diverging by over 4.0 std deviations:
       1894 1895  -4.2 SD

 [E] Outliers     4   3.0 SD above or -4.5 SD below mean for year
       1774 +3.0 SD;    1814 +4.0 SD;    1848 +3.9 SD;    1895 -5.9 SD
====================================================================================================================================

 060111    1731 to  1981     251 years                                                                                    Series  10

 [B] Entire series, effect on correlation (  .594) is:
       Lower   1734< -.049   1929> -.010   1893< -.009   1779> -.009   1870< -.008   1780< -.008  Higher   1803  .035   1981  .012

 [E] Outliers     1   3.0 SD above or -4.5 SD below mean for year
       1734 -5.3 SD
====================================================================================================================================

 060112    1734 to  1981     248 years                                                                                    Series  11

 [B] Entire series, effect on correlation (  .711) is:
       Lower   1736< -.015   1847> -.010   1872> -.009   1965< -.008   1812< -.005   1819> -.005  Higher   1803  .024   1885  .017

 [E] Outliers     3   3.0 SD above or -4.5 SD below mean for year
       1847 +3.9 SD;    1848 +3.1 SD;    1872 +3.4 SD
====================================================================================================================================

 060121    1740 to  1981     242 years                                                                                    Series  12

 [B] Entire series, effect on correlation (  .725) is:
       Lower   1779> -.006   1918> -.005   1876< -.005   1953> -.005   1901< -.005   1927< -.005  Higher   1885  .020   1774  .018

====================================================================================================================================

 060122    1722 to  1981     260 years                                                                                    Series  13

 [B] Entire series, effect on correlation (  .655) is:
       Lower   1897< -.006   1936> -.005   1937< -.005   1979< -.005   1878< -.005   1812< -.004  Higher   1774  .022   1803  .015

 [E] Outliers     1   3.0 SD above or -4.5 SD below mean for year
       1880 +3.8 SD
====================================================================================================================================

 060131    1760 to  1981     222 years                                                                                    Series  14

 [A] Segment   High   -10   -9   -8   -7   -6   -5   -4   -3   -2   -1   +0   +1   +2   +3   +4   +5   +6   +7   +8   +9  +10
    ---------  ----   ---  ---  ---  ---  ---  ---  ---  ---  ---  ---  ---  ---  ---  ---  ---  ---  ---  ---  ---  ---  ---
    1925 1974    0    .17  .05 -.33 -.16  .14  .05  .07  .04  .01 -.25  .21* .13 -.07 -.02 -.09  .08 -.36  .03    -    -    -
    1932 1981    0    .03  .02 -.33 -.08  .10  .16  .11  .08 -.02 -.18  .19*   -    -    -    -    -    -    -    -    -    -

 [B] Entire series, effect on correlation (  .468) is:
       Lower   1972< -.036   1951< -.029   1981> -.011   1966> -.009   1945< -.008   1935< -.007  Higher   1803  .026   1885  .014
     1925 to 1974 segment:
       Lower   1972< -.066   1951< -.040   1966> -.034   1945< -.021   1935< -.019   1948> -.019  Higher   1936  .043   1929  .039
     1932 to 1981 segment:
       Lower   1972< -.068   1951< -.042   1966> -.028   1981> -.025   1945< -.020   1935< -.019  Higher   1936  .051   1971  .031

 [E] Outliers     2   3.0 SD above or -4.5 SD below mean for year
       1832 +3.7 SD;    1972 -4.9 SD
====================================================================================================================================

 060151    1692 to  1981     290 years                                                                                    Series  15

 [B] Entire series, effect on correlation (  .632) is:
       Lower   1894< -.010   1750> -.009   1757< -.008   1784> -.005   1955> -.005   1727> -.005  Higher   1885  .037   1981  .014

 [E] Outliers     1   3.0 SD above or -4.5 SD below mean for year
       1850 +3.3 SD
====================================================================================================================================

 060152    1669 to  1981     313 years                                                                                    Series  16

 [B] Entire series, effect on correlation (  .614) is:
       Lower   1750> -.007   1795< -.007   1799> -.006   1674> -.006   1678< -.005   1921< -.005  Higher   1885  .032   1936  .013

====================================================================================================================================

 060161    1764 to  1981     218 years                                                                                    Series  17

 [B] Entire series, effect on correlation (  .692) is:
       Lower   1771< -.011   1974< -.011   1765> -.007   1783< -.007   1791> -.006   1766< -.006  Higher   1803  .023   1885  .023

====================================================================================================================================

 060171    1693 to  1981     289 years                                                                                    Series  18

 [A] Segment   High   -10   -9   -8   -7   -6   -5   -4   -3   -2   -1   +0   +1   +2   +3   +4   +5   +6   +7   +8   +9  +10
    ---------  ----   ---  ---  ---  ---  ---  ---  ---  ---  ---  ---  ---  ---  ---  ---  ---  ---  ---  ---  ---  ---  ---
    1693 1742    0   -.02 -.12 -.09 -.13 -.10 -.04  .00 -.25  .08 -.14  .30*-.11  .15  .11  .08  .15 -.08 -.08  .00  .26 -.05

 [B] Entire series, effect on correlation (  .444) is:
       Lower   1695< -.011   1861< -.009   1895> -.009   1971< -.006   1750> -.006   1955> -.006  Higher   1885  .018   1704  .012
     1693 to 1742 segment:
       Lower   1695< -.074   1701< -.040   1707> -.034   1725< -.032   1706> -.029   1734> -.023  Higher   1704  .139   1741  .073

 [E] Outliers     2   3.0 SD above or -4.5 SD below mean for year
       1861 -5.1 SD;    1895 +3.7 SD
====================================================================================================================================
PART 7:  DESCRIPTIVE STATISTICS: ocSTATS                                                           11:14  Fri 14 Sep 2012  Page   7
------------------------------------------------------------------------------------------------------------------------------------

                                                Corr   //-------- Unfiltered --------\\  //---- Filtered -----\\
                           No.    No.    No.    with   Mean   Max     Std   Auto   Mean   Max     Std   Auto  AR
 Seq Series   Interval   Years  Segmt  Flags   Master  msmt   msmt    dev   corr   sens  value    dev   corr  ()
 --- -------- ---------  -----  -----  -----   ------ -----  -----  -----  -----  -----  -----  -----  -----  --
   1 060041   1738 1911    174      7      0    .666   1.29   2.24   .331   .719   .161   2.50   .425  -.049   2
   2 060051   1640 1981    342     14      8    .364    .66   1.74   .219   .739   .156   2.59   .374   .030   1
   3 060052   1631 1981    351     14      4    .423    .84   2.84   .274   .681   .152   3.13   .431  -.016   1
   4 060071   1780 1981    202      8      0    .663    .94   2.18   .336   .708   .206   2.75   .518  -.028   1
   5 060081   1743 1981    239     10      0    .684   1.03   2.59   .385   .763   .186   2.81   .358  -.022   1
   6 060082   1761 1981    221      9      1    .511    .90   4.28   .390   .712   .166   3.05   .474  -.057   1
   7 060091   1720 1981    262     11      0    .619    .85   2.26   .320   .820   .180   2.54   .366  -.044   1
   8 060092   1699 1981    283     12      2    .581    .87   2.45   .337   .754   .179   2.47   .299   .002   1
   9 060101   1705 1981    277     11      4    .493    .86   4.21   .415   .610   .185   2.97   .346  -.002   1
  10 060111   1731 1981    251     10      0    .594   1.24   2.10   .341   .739   .154   2.59   .329  -.026   1
  11 060112   1734 1981    248     10      0    .711    .87   1.91   .246   .694   .169   2.73   .348  -.056   1
  12 060121   1740 1981    242     10      0    .725    .99   1.76   .268   .707   .156   2.58   .425  -.008   1
  13 060122   1722 1981    260     11      0    .655    .85   3.35   .269   .541   .180   2.94   .331  -.015   1
  14 060131   1760 1981    222      9      2    .468    .82   1.73   .257   .778   .156   2.69   .365  -.036   2
  15 060151   1692 1981    290     12      0    .632    .79   1.79   .230   .708   .168   2.69   .323  -.036   1
  16 060152   1669 1981    313     13      0    .614    .82   1.55   .235   .745   .162   2.73   .353  -.006   1
  17 060161   1764 1981    218      9      0    .692   1.33   3.05   .390   .674   .180   2.62   .400   .001   1
  18 060171   1693 1981    289     12      1    .444    .74   2.06   .244   .787   .162   2.64   .279  -.033   2
 --- -------- ---------  -----  -----  -----   ------ -----  -----  -----  -----  -----  -----  -----  -----  --
 Total or mean:           4684    192     22    .575    .91   4.28   .300   .716   .169   3.13   .370  -.020

                                              - = [  COFECHA OCSTACOF  ] = -
