 >>>  RECON PRECIP  <<< 
Dry spells
(False, 4, 1763) 1759 1762 recon   -89.290231
(False, 4, 1776) 1772 1775 recon   -103.358088
(False, 4, 1793) 1789 1792 recon   -44.139973
(False, 3, 1802) 1799 1801 recon   -23.411411
(False, 8, 1814) 1806 1813 recon   -58.72063
(False, 3, 1824) 1821 1823 recon   -31.071837
(False, 4, 1840) 1836 1839 recon   -34.587155
(False, 3, 1860) 1857 1859 recon   -19.438649
(False, 8, 1872) 1864 1871 recon   -83.867579
(False, 3, 1882) 1879 1881 recon   -22.272148
(False, 9, 1903) 1894 1902 recon   -79.393841
(False, 4, 1915) 1911 1914 recon   -88.768305
(False, 7, 1937) 1930 1936 recon   -133.166342
(False, 3, 1957) 1954 1956 recon   -46.638247
(False, 9, 1971) 1962 1970 recon   -100.70781
Wet spells
(True, 4, 1759) 1755 1758 recon    70.358575
(True, 8, 1784) 1776 1783 recon    116.269393
(True, 6, 1799) 1793 1798 recon    88.287074
(True, 6, 1836) 1830 1835 recon    32.478798
(True, 4, 1844) 1840 1843 recon    24.386095
(True, 3, 1885) 1882 1884 recon    17.700794
(True, 3, 1894) 1891 1893 recon    30.628444
(True, 4, 1911) 1907 1910 recon    52.99191
(True, 3, 1918) 1915 1917 recon    25.789721
(True, 3, 1930) 1927 1929 recon    50.26024
(True, 7, 1944) 1937 1943 recon    95.207329
(True, 5, 1954) 1949 1953 recon    92.374368
(True, 6, 1977) 1971 1976 recon    116.600063
 >>>  NADA  <<< 
Dry spells
(False, 4, 1766) 1762 1765 pdsi   -8.547
(False, 3, 1775) 1772 1774 pdsi   -5.037
(False, 3, 1785) 1782 1784 pdsi   -4.773
(False, 4, 1793) 1789 1792 pdsi   -6.858
(False, 3, 1800) 1797 1799 pdsi   -5.243
(False, 4, 1814) 1810 1813 pdsi   -5.107
(False, 6, 1824) 1818 1823 pdsi   -16.544
(False, 3, 1840) 1837 1839 pdsi   -9.619
(False, 3, 1846) 1843 1845 pdsi   -7.565
(False, 4, 1860) 1856 1859 pdsi   -5.977
(False, 4, 1875) 1871 1874 pdsi   -7.696
(False, 3, 1882) 1879 1881 pdsi   -8.15
(False, 3, 1896) 1893 1895 pdsi   -7.106
(False, 3, 1901) 1898 1900 pdsi   -5.687
(False, 5, 1935) 1930 1934 pdsi   -8.444
(False, 5, 1945) 1940 1944 pdsi   -4.418
(False, 4, 1956) 1952 1955 pdsi   -3.734
(False, 8, 1971) 1963 1970 pdsi   -8.445
Wet spells
(True, 4, 1772) 1768 1771 pdsi    1.456
(True, 3, 1778) 1775 1777 pdsi    1.193
(True, 4, 1789) 1785 1788 pdsi    2.448
(True, 4, 1797) 1793 1796 pdsi    6.018
(True, 3, 1810) 1807 1809 pdsi    0.96
(True, 10, 1837) 1827 1836 pdsi    8.152
(True, 6, 1871) 1865 1870 pdsi    0.355
(True, 3, 1885) 1882 1884 pdsi    3.456
(True, 4, 1905) 1901 1904 pdsi    2.783
(True, 4, 1910) 1906 1909 pdsi    2.932
(True, 3, 1918) 1915 1917 pdsi    5.154
(True, 3, 1930) 1927 1929 pdsi    3.418
(True, 3, 1940) 1937 1939 pdsi    3.247
(True, 7, 1952) 1945 1951 pdsi    4.893
(True, 3, 1959) 1956 1958 pdsi    2.482
(True, 6, 1977) 1971 1976 pdsi    6.714
 >>>  JT  <<< 
Dry spells
(False, 3, 1770) 1767 1769 drought   -2.015
(False, 4, 1783) 1779 1782 drought   -4.698
(False, 15, 1817) 1802 1816 drought   -8.693
(False, 6, 1825) 1819 1824 drought   -5.106
(False, 5, 1839) 1834 1838 drought   -3.483
(False, 6, 1853) 1847 1852 drought   -4.848
(False, 4, 1860) 1856 1859 drought   -4.442
(False, 3, 1867) 1864 1866 drought   -1.456
(False, 4, 1882) 1878 1881 drought   -2.793
(False, 3, 1896) 1893 1895 drought   -1.085
(False, 3, 1903) 1900 1902 drought   -3.769
(False, 6, 1917) 1911 1916 drought   -6.057
(False, 4, 1935) 1931 1934 drought   -3.468
(False, 6, 1945) 1939 1944 drought   -8.845
(False, 3, 1950) 1947 1949 drought   -1.256
Wet spells
(True, 4, 1755) 1751 1754 drought    11.853
(True, 4, 1764) 1760 1763 drought    6.905
(True, 3, 1779) 1776 1778 drought    2.008
(True, 5, 1844) 1839 1843 drought    5.564
(True, 3, 1856) 1853 1855 drought    2.479
(True, 5, 1887) 1882 1886 drought    7.993
(True, 5, 1893) 1888 1892 drought    8.55
(True, 8, 1911) 1903 1910 drought    11.7
(True, 4, 1931) 1927 1930 drought    2.941
(True, 9, 1976) 1967 1975 drought    13.695
 >>>  NC  <<< 
Dry spells
(False, 3, 1780) 1777 1779 805.91
(False, 3, 1790) 1787 1789 907.79
(False, 3, 1808) 1805 1807 864.79
(False, 3, 1821) 1818 1820 821.5
(False, 3, 1866) 1863 1865 858.52
(False, 7, 1883) 1876 1882 2011.54
(False, 3, 1895) 1892 1894 824.86
(False, 3, 1905) 1902 1904 810.57
(False, 3, 1928) 1925 1927 733.17
(False, 6, 1936) 1930 1935 1723.61
(False, 6, 1946) 1940 1945 1776.53
(False, 6, 1956) 1950 1955 1662.54
Wet spells
(True, 3, 1835) 1832 1834 1037.81
(True, 3, 1856) 1853 1855 1086.64
(True, 3, 1869) 1866 1868 1052.24
(True, 4, 1887) 1883 1886 1433.46
(True, 3, 1902) 1899 1901 1083.29
(True, 3, 1908) 1905 1907 1043.65
(True, 7, 1963) 1956 1962 2501.15
(True, 5, 1977) 1972 1976 1733.77
 >>>  WV  <<< 
Dry spells
(False, 6, 1776) 1770 1775 375.4
(False, 3, 1781) 1778 1780 205.0
(False, 4, 1807) 1803 1806 206.1
(False, 5, 1815) 1810 1814 307.9
(False, 6, 1824) 1818 1823 389.1
(False, 3, 1846) 1843 1845 171.4
(False, 4, 1864) 1860 1863 302.4
(False, 5, 1876) 1871 1875 224.1
(False, 3, 1882) 1879 1881 78.2
(False, 4, 1889) 1885 1888 205.2
(False, 5, 1897) 1892 1896 217.3
(False, 3, 1903) 1900 1902 211.9
(False, 3, 1907) 1904 1906 204.7
(False, 14, 1924) 1910 1923 800.7
(False, 7, 1932) 1925 1931 347.0
(False, 4, 1944) 1940 1943 211.9
(False, 3, 1950) 1947 1949 161.5
(False, 5, 1961) 1956 1960 285.8
(False, 5, 1967) 1962 1966 193.1
(False, 3, 1979) 1976 1978 142.9
Wet spells
(True, 4, 1797) 1793 1796 503.4
(True, 4, 1803) 1799 1802 486.9
(True, 3, 1810) 1807 1809 470.7
(True, 3, 1818) 1815 1817 338.1
(True, 3, 1833) 1830 1832 362.4
(True, 3, 1843) 1840 1842 395.1
(True, 9, 1855) 1846 1854 1148.3
(True, 3, 1860) 1857 1859 465.6
(True, 4, 1868) 1864 1867 497.2
(True, 3, 1879) 1876 1878 314.4
(True, 3, 1885) 1882 1884 321.6
(True, 3, 1892) 1889 1891 362.0
(True, 3, 1900) 1897 1899 330.7
(True, 3, 1910) 1907 1909 311.2
(True, 4, 1936) 1932 1935 622.7
(True, 3, 1947) 1944 1946 282.1
(True, 6, 1956) 1950 1955 765.5
(True, 5, 1976) 1971 1975 652.7
 >>>  PR  <<< 
Dry spells
(False, 5, 1768) 1763 1767 548.2
(False, 5, 1792) 1787 1791 464.5
(False, 3, 1799) 1796 1798 317.1
(False, 5, 1814) 1809 1813 540.0
(False, 6, 1823) 1817 1822 586.6
(False, 3, 1839) 1836 1838 299.6
(False, 12, 1853) 1841 1852 1292.8
(False, 6, 1869) 1863 1868 630.0
(False, 4, 1875) 1871 1874 403.1
(False, 4, 1883) 1879 1882 416.2
(False, 4, 1888) 1884 1887 454.5
(False, 4, 1901) 1897 1900 407.6
(False, 3, 1960) 1957 1959 327.8
(False, 10, 1971) 1961 1970 957.8
Wet spells
(True, 3, 1763) 1760 1762 482.3
(True, 4, 1796) 1792 1795 789.0
(True, 3, 1802) 1799 1801 422.6
(True, 4, 1879) 1875 1878 596.2
(True, 3, 1904) 1901 1903 524.0
(True, 5, 1910) 1905 1909 788.6
(True, 3, 1951) 1948 1950 771.8
 >>>  MP  <<< 
Dry spells
(False, 3, 1824) 1821 1823 -1.6133
(False, 4, 1830) 1826 1829 -5.4183
(False, 5, 1878) 1873 1877 -4.7459
(False, 5, 1901) 1896 1900 -4.5735
(False, 3, 1935) 1932 1934 -3.7932
(False, 3, 1945) 1942 1944 -4.3029
(False, 4, 1951) 1947 1950 -4.0617
Wet spells
(True, 4, 1812) 1808 1811 4.6891
(True, 8, 1873) 1865 1872 8.0608
(True, 3, 1918) 1915 1917 5.5144
(True, 6, 1932) 1926 1931 5.7909
(True, 3, 1954) 1951 1953 5.3575
