This is pdfTeX, Version 3.1415926-1.40.10 (TeX Live 2009/Debian) (format=pdflatex 2014.1.9)  6 OCT 2014 16:14
entering extended mode
 %&-line parsing enabled.
**oakReconPaper.tex
(./oakReconPaper.tex
LaTeX2e <2009/09/24>
Babel <v3.8l> and hyphenation patterns for english, usenglishmax, dumylang, noh
yphenation, loaded.
(/usr/share/texmf-texlive/tex/latex/base/article.cls
Document Class: article 2007/10/19 v1.4h Standard LaTeX document class
(/usr/share/texmf-texlive/tex/latex/base/size11.clo
File: size11.clo 2007/10/19 v1.4h Standard LaTeX file (size option)
)
\c@part=\count79
\c@section=\count80
\c@subsection=\count81
\c@subsubsection=\count82
\c@paragraph=\count83
\c@subparagraph=\count84
\c@figure=\count85
\c@table=\count86
\abovecaptionskip=\skip41
\belowcaptionskip=\skip42
\bibindent=\dimen102
)
(/usr/share/texmf-texlive/tex/latex/amsmath/amsmath.sty
Package: amsmath 2000/07/18 v2.13 AMS math features
\@mathmargin=\skip43

For additional information on amsmath, use the `?' option.
(/usr/share/texmf-texlive/tex/latex/amsmath/amstext.sty
Package: amstext 2000/06/29 v2.01

(/usr/share/texmf-texlive/tex/latex/amsmath/amsgen.sty
File: amsgen.sty 1999/11/30 v2.0
\@emptytoks=\toks14
\ex@=\dimen103
))
(/usr/share/texmf-texlive/tex/latex/amsmath/amsbsy.sty
Package: amsbsy 1999/11/29 v1.2d
\pmbraise@=\dimen104
)
(/usr/share/texmf-texlive/tex/latex/amsmath/amsopn.sty
Package: amsopn 1999/12/14 v2.01 operator names
)
\inf@bad=\count87
LaTeX Info: Redefining \frac on input line 211.
\uproot@=\count88
\leftroot@=\count89
LaTeX Info: Redefining \overline on input line 307.
\classnum@=\count90
\DOTSCASE@=\count91
LaTeX Info: Redefining \ldots on input line 379.
LaTeX Info: Redefining \dots on input line 382.
LaTeX Info: Redefining \cdots on input line 467.
\Mathstrutbox@=\box26
\strutbox@=\box27
\big@size=\dimen105
LaTeX Font Info:    Redeclaring font encoding OML on input line 567.
LaTeX Font Info:    Redeclaring font encoding OMS on input line 568.
\macc@depth=\count92
\c@MaxMatrixCols=\count93
\dotsspace@=\muskip10
\c@parentequation=\count94
\dspbrk@lvl=\count95
\tag@help=\toks15
\row@=\count96
\column@=\count97
\maxfields@=\count98
\andhelp@=\toks16
\eqnshift@=\dimen106
\alignsep@=\dimen107
\tagshift@=\dimen108
\tagwidth@=\dimen109
\totwidth@=\dimen110
\lineht@=\dimen111
\@envbody=\toks17
\multlinegap=\skip44
\multlinetaggap=\skip45
\mathdisplay@stack=\toks18
LaTeX Info: Redefining \[ on input line 2666.
LaTeX Info: Redefining \] on input line 2667.
)
(/usr/share/texmf-texlive/tex/latex/tools/bm.sty
Package: bm 2004/02/26 v1.1c Bold Symbol Support (DPC/FMi)
\symboldoperators=\mathgroup4
\symboldletters=\mathgroup5
\symboldsymbols=\mathgroup6
LaTeX Font Info:    Redeclaring math alphabet \mathbf on input line 138.
LaTeX Info: Redefining \bm on input line 204.
)
(/usr/share/texmf-texlive/tex/latex/geometry/geometry.sty
Package: geometry 2008/12/21 v4.2 Page Geometry

(/usr/share/texmf-texlive/tex/latex/graphics/keyval.sty
Package: keyval 1999/03/16 v1.13 key=value parser (DPC)
\KV@toks@=\toks19
)
(/usr/share/texmf-texlive/tex/generic/oberdiek/ifpdf.sty
Package: ifpdf 2009/04/10 v2.0 Provides the ifpdf switch (HO)
Package ifpdf Info: pdfTeX in pdf mode detected.
)
(/usr/share/texmf-texlive/tex/generic/oberdiek/ifvtex.sty
Package: ifvtex 2008/11/04 v1.4 Switches for detecting VTeX and its modes (HO)
Package ifvtex Info: VTeX not detected.
)
\Gm@cnth=\count99
\Gm@cntv=\count100
\c@Gm@tempcnt=\count101
\Gm@bindingoffset=\dimen112
\Gm@wd@mp=\dimen113
\Gm@odd@mp=\dimen114
\Gm@even@mp=\dimen115
\Gm@dimlist=\toks20
)
(/usr/share/texmf-texlive/tex/latex/ltxmisc/url.sty
\Urlmuskip=\muskip11
Package: url 2006/04/12  ver 3.3  Verb mode for urls, etc.
)
(/usr/share/texmf-texlive/tex/latex/hyperref/hyperref.sty
Package: hyperref 2009/10/09 v6.79a Hypertext links for LaTeX

(/usr/share/texmf-texlive/tex/generic/ifxetex/ifxetex.sty
Package: ifxetex 2009/01/23 v0.5 Provides ifxetex conditional
)
(/usr/share/texmf-texlive/tex/latex/oberdiek/hycolor.sty
Package: hycolor 2009/10/02 v1.5 Code for color options of hyperref/bookmark (H
O)

(/usr/share/texmf-texlive/tex/latex/oberdiek/xcolor-patch.sty
Package: xcolor-patch 2009/10/02 xcolor patch
))
\@linkdim=\dimen116
\Hy@linkcounter=\count102
\Hy@pagecounter=\count103

(/usr/share/texmf-texlive/tex/latex/hyperref/pd1enc.def
File: pd1enc.def 2009/10/09 v6.79a Hyperref: PDFDocEncoding definition (HO)
)
(/usr/share/texmf-texlive/tex/generic/oberdiek/etexcmds.sty
Package: etexcmds 2007/12/12 v1.2 Prefix for e-TeX command names (HO)

(/usr/share/texmf-texlive/tex/generic/oberdiek/infwarerr.sty
Package: infwarerr 2007/09/09 v1.2 Providing info/warning/message (HO)
)
Package etexcmds Info: Could not find \expanded.
(etexcmds)             That can mean that you are not using pdfTeX 1.50 or
(etexcmds)             that some package has redefined \expanded.
(etexcmds)             In the latter case, load this package earlier.
)
(/usr/share/texmf-texlive/tex/latex/latexconfig/hyperref.cfg
File: hyperref.cfg 2002/06/06 v1.2 hyperref configuration of TeXLive
)
(/usr/share/texmf-texlive/tex/latex/oberdiek/kvoptions.sty
Package: kvoptions 2009/08/13 v3.4 Keyval support for LaTeX options (HO)

(/usr/share/texmf-texlive/tex/generic/oberdiek/kvsetkeys.sty
Package: kvsetkeys 2009/07/30 v1.5 Key value parser with default handler suppor
t (HO)
))
Package hyperref Info: Hyper figures OFF on input line 2975.
Package hyperref Info: Link nesting OFF on input line 2980.
Package hyperref Info: Hyper index ON on input line 2983.
Package hyperref Info: Plain pages OFF on input line 2990.
Package hyperref Info: Backreferencing OFF on input line 2995.

Implicit mode ON; LaTeX internals redefined
Package hyperref Info: Bookmarks ON on input line 3191.
LaTeX Info: Redefining \url on input line 3428.
(/usr/share/texmf-texlive/tex/generic/oberdiek/bitset.sty
Package: bitset 2007/09/28 v1.0 Data type bit set (HO)

(/usr/share/texmf-texlive/tex/generic/oberdiek/intcalc.sty
Package: intcalc 2007/09/27 v1.1 Expandable integer calculations (HO)
)
(/usr/share/texmf-texlive/tex/generic/oberdiek/bigintcalc.sty
Package: bigintcalc 2007/11/11 v1.1 Expandable big integer calculations (HO)

(/usr/share/texmf-texlive/tex/generic/oberdiek/pdftexcmds.sty
Package: pdftexcmds 2009/09/23 v0.6 LuaTeX support for pdfTeX utility functions
 (HO)

(/usr/share/texmf-texlive/tex/generic/oberdiek/ifluatex.sty
Package: ifluatex 2009/04/17 v1.2 Provides the ifluatex switch (HO)
Package ifluatex Info: LuaTeX not detected.
)
(/usr/share/texmf-texlive/tex/generic/oberdiek/ltxcmds.sty
Package: ltxcmds 2009/08/05 v1.0 Some LaTeX kernel commands for general use (HO
)
)
Package pdftexcmds Info: LuaTeX not detected.
Package pdftexcmds Info: \pdf@primitive is available.
Package pdftexcmds Info: \pdf@ifprimitive is available.
)))
\Fld@menulength=\count104
\Field@Width=\dimen117
\Fld@charsize=\dimen118
\Field@toks=\toks21
Package hyperref Info: Hyper figures OFF on input line 4377.
Package hyperref Info: Link nesting OFF on input line 4382.
Package hyperref Info: Hyper index ON on input line 4385.
Package hyperref Info: backreferencing OFF on input line 4392.
Package hyperref Info: Link coloring OFF on input line 4397.
Package hyperref Info: Link coloring with OCG OFF on input line 4402.
Package hyperref Info: PDF/A mode OFF on input line 4407.

(/usr/share/texmf-texlive/tex/generic/oberdiek/atbegshi.sty
Package: atbegshi 2008/07/31 v1.9 At begin shipout hook (HO)
)
\Hy@abspage=\count105
\c@Item=\count106
\c@Hfootnote=\count107
)
*hyperref using default driver hpdftex*
(/usr/share/texmf-texlive/tex/latex/hyperref/hpdftex.def
File: hpdftex.def 2009/10/09 v6.79a Hyperref driver for pdfTeX
\Fld@listcount=\count108
)
(/usr/share/texmf-texlive/tex/latex/natbib/natbib.sty
Package: natbib 2009/07/16 8.31 (PWD, AO)
\bibhang=\skip46
\bibsep=\skip47
LaTeX Info: Redefining \cite on input line 694.
\c@NAT@ctr=\count109
)
(/usr/share/texmf-texlive/tex/latex/graphics/graphicx.sty
Package: graphicx 1999/02/16 v1.0f Enhanced LaTeX Graphics (DPC,SPQR)

(/usr/share/texmf-texlive/tex/latex/graphics/graphics.sty
Package: graphics 2009/02/05 v1.0o Standard LaTeX Graphics (DPC,SPQR)

(/usr/share/texmf-texlive/tex/latex/graphics/trig.sty
Package: trig 1999/03/16 v1.09 sin cos tan (DPC)
)
(/etc/texmf/tex/latex/config/graphics.cfg
File: graphics.cfg 2009/08/28 v1.8 graphics configuration of TeX Live
)
Package graphics Info: Driver file: pdftex.def on input line 91.

(/usr/share/texmf-texlive/tex/latex/pdftex-def/pdftex.def
File: pdftex.def 2010/03/12 v0.04p Graphics/color for pdfTeX
\Gread@gobject=\count110
))
\Gin@req@height=\dimen119
\Gin@req@width=\dimen120
)
(/usr/share/texmf-texlive/tex/latex/base/fontenc.sty
Package: fontenc 2005/09/27 v1.99g Standard LaTeX package

(/usr/share/texmf-texlive/tex/latex/base/t1enc.def
File: t1enc.def 2005/09/27 v1.99g Standard LaTeX file
LaTeX Font Info:    Redeclaring font encoding T1 on input line 43.
))
(/usr/share/texmf-texlive/tex/latex/psnfss/mathpazo.sty
Package: mathpazo 2005/04/12 PSNFSS-v9.2a Palatino w/ Pazo Math (D.Puga, WaS) 
\symupright=\mathgroup7
)
(/usr/share/texmf-texlive/tex/latex/oberdiek/pdflscape.sty
Package: pdflscape 2008/08/11 v0.10 Landscape pages in PDF (HO)

(/usr/share/texmf-texlive/tex/latex/graphics/lscape.sty
Package: lscape 2000/10/22 v3.01 Landscape Pages (DPC)
)
Package pdflscape Info: Auto-detected driver: pdftex on input line 75.
)
(/usr/share/texmf-texlive/tex/latex/ltxmisc/threeparttable.sty
Package: threeparttable 2003/06/13  v 3.0
\@tempboxb=\box28
)
(/usr/share/texmf-texlive/tex/latex/booktabs/booktabs.sty
Package: booktabs 2005/04/14 v1.61803 publication quality tables
\heavyrulewidth=\dimen121
\lightrulewidth=\dimen122
\cmidrulewidth=\dimen123
\belowrulesep=\dimen124
\belowbottomsep=\dimen125
\aboverulesep=\dimen126
\abovetopsep=\dimen127
\cmidrulesep=\dimen128
\cmidrulekern=\dimen129
\defaultaddspace=\dimen130
\@cmidla=\count111
\@cmidlb=\count112
\@aboverulesep=\dimen131
\@belowrulesep=\dimen132
\@thisruleclass=\count113
\@lastruleclass=\count114
\@thisrulewidth=\dimen133
) (./oakReconPaper.aux)
\openout1 = `oakReconPaper.aux'.

LaTeX Font Info:    Checking defaults for OML/cmm/m/it on input line 19.
LaTeX Font Info:    ... okay on input line 19.
LaTeX Font Info:    Checking defaults for T1/cmr/m/n on input line 19.
LaTeX Font Info:    ... okay on input line 19.
LaTeX Font Info:    Checking defaults for OT1/cmr/m/n on input line 19.
LaTeX Font Info:    ... okay on input line 19.
LaTeX Font Info:    Checking defaults for OMS/cmsy/m/n on input line 19.
LaTeX Font Info:    ... okay on input line 19.
LaTeX Font Info:    Checking defaults for OMX/cmex/m/n on input line 19.
LaTeX Font Info:    ... okay on input line 19.
LaTeX Font Info:    Checking defaults for U/cmr/m/n on input line 19.
LaTeX Font Info:    ... okay on input line 19.
LaTeX Font Info:    Checking defaults for PD1/pdf/m/n on input line 19.
LaTeX Font Info:    ... okay on input line 19.
LaTeX Font Info:    Try loading font information for T1+pplx on input line 19.
 (/usr/share/texmf-texlive/tex/latex/psnfss/t1pplx.fd
File: t1pplx.fd 2004/09/06 font definitions for T1/pplx.
)
*geometry auto-detecting driver*
*geometry detected driver: pdftex*
-------------------- Geometry parameters
paper: class default
landscape: --
twocolumn: --
twoside: --
asymmetric: --
h-parts: 72.26999pt, 469.75502pt, 72.26999pt
v-parts: 72.26999pt, 650.43001pt, 72.26999pt
hmarginratio: --
vmarginratio: --
lines: --
heightrounded: --
bindingoffset: 0.0pt
truedimen: --
includehead: --
includefoot: --
includemp: --
driver: pdftex
-------------------- Page layout dimensions and switches
\paperwidth  614.295pt
\paperheight 794.96999pt
\textwidth  469.75502pt
\textheight 650.43001pt
\oddsidemargin  0.0pt
\evensidemargin 0.0pt
\topmargin  -37.0pt
\headheight 12.0pt
\headsep    25.0pt
\footskip   30.0pt
\marginparwidth 59.0pt
\marginparsep   10.0pt
\columnsep  10.0pt
\skip\footins  10.0pt plus 4.0pt minus 2.0pt
\hoffset 0.0pt
\voffset 0.0pt
\mag 1000

(1in=72.27pt, 1cm=28.45pt)
-----------------------
Package hyperref Info: Link coloring OFF on input line 19.
(/usr/share/texmf-texlive/tex/latex/hyperref/nameref.sty
Package: nameref 2007/05/29 v2.31 Cross-referencing by name of section

(/usr/share/texmf-texlive/tex/latex/oberdiek/refcount.sty
Package: refcount 2008/08/11 v3.1 Data extraction from references (HO)
)
\c@section@level=\count115
)
LaTeX Info: Redefining \ref on input line 19.
LaTeX Info: Redefining \pageref on input line 19.

(./oakReconPaper.out) (./oakReconPaper.out)
\@outlinefile=\write3
\openout3 = `oakReconPaper.out'.

\AtBeginShipoutBox=\box29

(/usr/share/texmf-texlive/tex/context/base/supp-pdf.mkii
[Loading MPS to PDF converter (version 2006.09.02).]
\scratchcounter=\count116
\scratchdimen=\dimen134
\scratchbox=\box30
\nofMPsegments=\count117
\nofMParguments=\count118
\everyMPshowfont=\toks22
\MPscratchCnt=\count119
\MPscratchDim=\dimen135
\MPnumerator=\count120
\everyMPtoPDFconversion=\toks23
)
LaTeX Font Info:    Try loading font information for OT1+pplx on input line 28.

 (/usr/share/texmf-texlive/tex/latex/psnfss/ot1pplx.fd
File: ot1pplx.fd 2004/09/06 font definitions for OT1/pplx.
)
LaTeX Font Info:    Try loading font information for OML+zplm on input line 28.


(/usr/share/texmf-texlive/tex/latex/psnfss/omlzplm.fd
File: omlzplm.fd 2002/09/08 Fontinst v1.914 font definitions for OML/zplm.
)
LaTeX Font Info:    Try loading font information for OMS+zplm on input line 28.


(/usr/share/texmf-texlive/tex/latex/psnfss/omszplm.fd
File: omszplm.fd 2002/09/08 Fontinst v1.914 font definitions for OMS/zplm.
)
LaTeX Font Info:    Try loading font information for OMX+zplm on input line 28.


(/usr/share/texmf-texlive/tex/latex/psnfss/omxzplm.fd
File: omxzplm.fd 2002/09/08 Fontinst v1.914 font definitions for OMX/zplm.
)
LaTeX Font Info:    Try loading font information for OT1+zplm on input line 28.


(/usr/share/texmf-texlive/tex/latex/psnfss/ot1zplm.fd
File: ot1zplm.fd 2002/09/08 Fontinst v1.914 font definitions for OT1/zplm.
)
LaTeX Font Info:    Font shape `T1/pplx/bx/n' in size <14.4> not available
(Font)              Font shape `T1/pplx/b/n' tried instead on input line 29.
 (./body.tex
LaTeX Font Info:    Font shape `T1/pplx/bx/n' in size <10.95> not available
(Font)              Font shape `T1/pplx/b/n' tried instead on input line 8.


Package natbib Warning: Citation `NCNHP2012' on page 1 undefined on input line 
8.


Package natbib Warning: Citation `zipper2011restoring' on page 1 undefined on i
nput line 12.

[1

{/var/lib/texmf/fonts/map/pdftex/updmap/pdftex.map}]

Package natbib Warning: Citation `IPCC2013' on page 2 undefined on input line 2
1.


Package natbib Warning: Citation `kattenberg1996climate' on page 2 undefined on
 input line 21.


Package natbib Warning: Citation `IPCC2013' on page 2 undefined on input line 2
7.


Package natbib Warning: Citation `seager2009drought' on page 2 undefined on inp
ut line 27.


Package natbib Warning: Citation `seager2009drought' on page 2 undefined on inp
ut line 31.


Package natbib Warning: Citation `sobolowski2012evaluation' on page 2 undefined
 on input line 31.


Package natbib Warning: Citation `cook2004long' on page 2 undefined on input li
ne 42.


Package natbib Warning: Citation `buntgen2007growth' on page 2 undefined on inp
ut line 43.


Package natbib Warning: Citation `leblanc1993temporal' on page 2 undefined on i
nput line 46.


Package natbib Warning: Citation `stahle1993' on page 2 undefined on input line
 46.


Package natbib Warning: Citation `cook1999drought' on page 2 undefined on input
 line 46.


Package natbib Warning: Citation `fritts1976tree' on page 2 undefined on input 
line 48.


Package natbib Warning: Citation `phipps1982comments' on page 2 undefined on in
put line 56.

[2]

Package natbib Warning: Citation `pan1997dendroclimatological' on page 3 undefi
ned on input line 64.


Package natbib Warning: Citation `speer2009climate' on page 3 undefined on inpu
t line 64.


Package natbib Warning: Citation `rubino2000dendroclimatological' on page 3 und
efined on input line 64.


Package natbib Warning: Citation `pan1997dendroclimatological' on page 3 undefi
ned on input line 65.


Package natbib Warning: Citation `speer2009climate' on page 3 undefined on inpu
t line 70.

LaTeX Font Info:    Font shape `T1/pplx/bx/n' in size <12> not available
(Font)              Font shape `T1/pplx/b/n' tried instead on input line 87.

Package natbib Warning: Citation `fritts1976tree' on page 3 undefined on input 
line 109.

[3]

Package natbib Warning: Citation `stokes1996introduction' on page 4 undefined o
n input line 113.


Package natbib Warning: Citation `yamaguchi1991simple' on page 4 undefined on i
nput line 116.


Package natbib Warning: Citation `holmes1983computer' on page 4 undefined on in
put line 119.


Package natbib Warning: Citation `cook1997calculating' on page 4 undefined on i
nput line 125.


Package natbib Warning: Citation `cook1981smoothing' on page 4 undefined on inp
ut line 130.


Package natbib Warning: Citation `wigley1984average' on page 4 undefined on inp
ut line 154.


Package natbib Warning: Citation `peters1981principal' on page 4 undefined on i
nput line 166.


Package natbib Warning: Citation `anchukaitis2006forward' on page 4 undefined o
n input line 166.


Package natbib Warning: Citation `jacoby1989reconstructed' on page 4 undefined 
on input line 166.

[4]
LaTeX Font Info:    Try loading font information for T1+cmtt on input line 180.

 (/usr/share/texmf-texlive/tex/latex/base/t1cmtt.fd
File: t1cmtt.fd 1999/05/25 v2.5h Standard LaTeX font definitions
)

Package natbib Warning: Citation `cook1981smoothing' on page 5 undefined on inp
ut line 183.


Package natbib Warning: Citation `wold1987principal' on page 5 undefined on inp
ut line 197.


Package natbib Warning: Citation `cook2007north' on page 5 undefined on input l
ine 197.


Package natbib Warning: Citation `palmer1965meteorological' on page 5 undefined
 on input line 213.

[5]

Package natbib Warning: Citation `harris2014updated' on page 6 undefined on inp
ut line 227.


Package natbib Warning: Citation `trouet2013knmi' on page 6 undefined on input 
line 228.

[6]

Package natbib Warning: Citation `fritts1976tree' on page 7 undefined on input 
line 281.


Package natbib Warning: Citation `cook1994spatial' on page 7 undefined on input
 line 282.


Package natbib Warning: Citation `national2006surface' on page 7 undefined on i
nput line 284.


Package natbib Warning: Citation `cook1999drought' on page 7 undefined on input
 line 295.


Package natbib Warning: Citation `stahle1998lost' on page 7 undefined on input 
line 298.


Package natbib Warning: Citation `stahle1992reconstruction' on page 7 undefined
 on input line 302.


Package natbib Warning: Citation `druckenbrod2003late' on page 7 undefined on i
nput line 304.


Overfull \hbox (1.15988pt too wide) in paragraph at lines 292--305
\T1/pplx/m/n/10.95 We com-pared our pre-cip-i-ta-tion re-con-struc-tion to six 
pub-lished re-gional pre-cip-i-ta-tion and drought
 []


Package natbib Warning: Citation `torrence1998practical' on page 7 undefined on
 input line 313.

[7] [8]

Package natbib Warning: Citation `fritts1990methods' on page 9 undefined on inp
ut line 369.


Package natbib Warning: Citation `speer2009climate' on page 9 undefined on inpu
t line 396.


Package natbib Warning: Citation `li2011dendroclimatic' on page 9 undefined on 
input line 396.


Package natbib Warning: Citation `robertson1992factors' on page 9 undefined on 
input line 402.


Package natbib Warning: Citation `zweifel2006intra' on page 9 undefined on inpu
t line 405.


Package natbib Warning: Citation `dickson1996oak' on page 9 undefined on input 
line 407.


Package natbib Warning: Citation `dickson1996oak' on page 9 undefined on input 
line 410.


Package natbib Warning: Citation `cook1985time' on page 9 undefined on input li
ne 418.


Package natbib Warning: Citation `cook1990tree' on page 9 undefined on input li
ne 418.


Package natbib Warning: Citation `melvin2008signal' on page 9 undefined on inpu
t line 420.


Package natbib Warning: Citation `oliver1980forest' on page 9 undefined on inpu
t line 424.

[9]

Package natbib Warning: Citation `beniston1997climatic' on page 10 undefined on
 input line 434.


Package natbib Warning: Citation `cole2002multiyear' on page 10 undefined on in
put line 451.


Package natbib Warning: Citation `pielke1999nina' on page 10 undefined on input
 line 454.


Package natbib Warning: Citation `ENSOclimate' on page 10 undefined on input li
ne 456.

[10]

Package natbib Warning: Citation `fye2003paleoclimatic' on page 11 undefined on
 input line 463.


Package natbib Warning: Citation `hancock1979cross' on page 11 undefined on inp
ut line 493.


Package natbib Warning: Citation `lassen1995variability' on page 11 undefined o
n input line 493.


Package natbib Warning: Citation `hancock1979cross' on page 11 undefined on inp
ut line 495.


Package natbib Warning: Citation `cook1997new' on page 11 undefined on input li
ne 496.


Package natbib Warning: Citation `reid2002solar' on page 11 undefined on input 
line 500.


Package natbib Warning: Citation `national1994Solar' on page 11 undefined on in
put line 500.


Package natbib Warning: Citation `lassen1995variability' on page 11 undefined o
n input line 500.


Package natbib Warning: Citation `friis1991length' on page 11 undefined on inpu
t line 502.


Package natbib Warning: Citation `usoskin2003millennium' on page 11 undefined o
n input line 502.


Package natbib Warning: Citation `nichols2012hydroclimate' on page 11 undefined
 on input line 508.


Package natbib Warning: Citation `hancock1979cross' on page 11 undefined on inp
ut line 508.


Package natbib Warning: Citation `franks2002assessing' on page 11 undefined on 
input line 512.

[11]) [12] (./tables.tex
Overfull \hbox (48.06866pt too wide) in paragraph at lines 24--36
 [] 
 []


Package natbib Warning: Citation `cook1999drought' on page 13 undefined on inpu
t line 130.


Package natbib Warning: Citation `stahle1998lost' on page 13 undefined on input
 line 132.


Package natbib Warning: Citation `stahle1992reconstruction' on page 13 undefine
d on input line 133.


Package natbib Warning: Citation `stahle1992reconstruction' on page 13 undefine
d on input line 134.


Package natbib Warning: Citation `stahle1992reconstruction' on page 13 undefine
d on input line 135.


Package natbib Warning: Citation `druckenbrod2003late' on page 13 undefined on 
input line 136.


Overfull \hbox (52.96704pt too wide) in paragraph at lines 125--146
 [] 
 []

) [13] [14] [15] [16] (./figures.tex
<figures/NewClimateNADEF.png, id=159, 614.295pt x 794.97pt>
File: figures/NewClimateNADEF.png Graphic file (type png)

<use figures/NewClimateNADEF.png>
<figures/stacked_chrons.png, id=161, 578.16pt x 433.62pt>
File: figures/stacked_chrons.png Graphic file (type png)

<use figures/stacked_chrons.png>
<figures/climCorr2.png, id=162, 578.16pt x 433.62pt>
File: figures/climCorr2.png Graphic file (type png)

<use figures/climCorr2.png>
<figures/corrMapPrecipMJ_bw_annot.png, id=163, 703.12688pt x 494.34688pt>
File: figures/corrMapPrecipMJ_bw_annot.png Graphic file (type png)

<use figures/corrMapPrecipMJ_bw_annot.png>
<figures/reconsmoothed.png, id=164, 578.16pt x 433.62pt>
File: figures/reconsmoothed.png Graphic file (type png)

<use figures/reconsmoothed.png>
<figures/spectralRecon.png, id=165, 578.16pt x 433.62pt>
File: figures/spectralRecon.png Graphic file (type png)

<use figures/spectralRecon.png>
<figures/reconCompare.png, id=166, 578.16pt x 433.62pt>
File: figures/reconCompare.png Graphic file (type png)

<use figures/reconCompare.png>) [17 <./figures/NewClimateNADEF.png>] [18 <./fig
ures/stacked_chrons.png>] [19 <./figures/climCorr2.png>] [20 <./figures/corrMap
PrecipMJ_bw_annot.png>] [21 <./figures/reconsmoothed.png>] [22 <./figures/spect
ralRecon.png>] [23 <./figures/reconCompare.png>] (./oakReconPaper.bbl)

Package natbib Warning: There were undefined citations.

(./oakReconPaper.aux) ) 
Here is how much of TeX's memory you used:
 6202 strings out of 495061
 86654 string characters out of 1182622
 171152 words of memory out of 3000000
 9173 multiletter control sequences out of 15000+50000
 48002 words of font info for 98 fonts, out of 3000000 for 9000
 28 hyphenation exceptions out of 8191
 38i,14n,36p,1094b,337s stack positions out of 5000i,500n,10000p,200000b,50000s
 </home/adawson/.texmf-var/fonts/pk/ljfour/jknappen/ec/e
ctt1095.600pk>{/usr/share/texmf-texlive/fonts/enc/dvips/base/8r.enc}</usr/share
/texmf-texlive/fonts/type1/public/amsfonts/cm/cmmi10.pfb></usr/share/texmf-texl
ive/fonts/type1/public/amsfonts/cm/cmr10.pfb></usr/share/texmf-texlive/fonts/ty
pe1/public/amsfonts/cm/cmsy10.pfb></usr/share/texmf-texlive/fonts/type1/public/
mathpazo/fplmri.pfb></usr/share/texmf-texlive/fonts/type1/urw/palatino/uplb8a.p
fb></usr/share/texmf-texlive/fonts/type1/urw/palatino/uplr8a.pfb></usr/share/te
xmf-texlive/fonts/type1/urw/palatino/uplri8a.pfb>
Output written on oakReconPaper.pdf (23 pages, 3617059 bytes).
PDF statistics:
 263 PDF objects out of 1000 (max. 8388607)
 49 named destinations out of 1000 (max. 500000)
 124 words of extra memory for PDF output out of 10000 (max. 10000000)

