This is pdfTeX, Version 3.1415926-1.40.10 (TeX Live 2009/Debian) (format=pdflatex 2011.5.24)  27 NOV 2012 16:44
entering extended mode
 %&-line parsing enabled.
**\nonstopmode \input{"/home/adawson/Documents/school/NADEF/analysisNEW/paper/o
akReconPaperOld.tex"}
(/home/adawson/Documents/school/NADEF/analysisNEW/paper/oakReconPaperOld.tex
(/usr/share/texmf-texlive/tex/latex/base/article.cls
Document Class: article 2007/10/19 v1.4h Standard LaTeX document class
(/usr/share/texmf-texlive/tex/latex/base/size11.clo
File: size11.clo 2007/10/19 v1.4h Standard LaTeX file (size option)
)
\c@part=\count79
\c@section=\count80
\c@subsection=\count81
\c@subsubsection=\count82
\c@paragraph=\count83
\c@subparagraph=\count84
\c@figure=\count85
\c@table=\count86
\abovecaptionskip=\skip41
\belowcaptionskip=\skip42
\bibindent=\dimen102
)
(/usr/share/texmf-texlive/tex/latex/amsmath/amsmath.sty
Package: amsmath 2000/07/18 v2.13 AMS math features
\@mathmargin=\skip43

For additional information on amsmath, use the `?' option.
(/usr/share/texmf-texlive/tex/latex/amsmath/amstext.sty
Package: amstext 2000/06/29 v2.01

(/usr/share/texmf-texlive/tex/latex/amsmath/amsgen.sty
File: amsgen.sty 1999/11/30 v2.0
\@emptytoks=\toks14
\ex@=\dimen103
))
(/usr/share/texmf-texlive/tex/latex/amsmath/amsbsy.sty
Package: amsbsy 1999/11/29 v1.2d
\pmbraise@=\dimen104
)
(/usr/share/texmf-texlive/tex/latex/amsmath/amsopn.sty
Package: amsopn 1999/12/14 v2.01 operator names
)
\inf@bad=\count87
LaTeX Info: Redefining \frac on input line 211.
\uproot@=\count88
\leftroot@=\count89
LaTeX Info: Redefining \overline on input line 307.
\classnum@=\count90
\DOTSCASE@=\count91
LaTeX Info: Redefining \ldots on input line 379.
LaTeX Info: Redefining \dots on input line 382.
LaTeX Info: Redefining \cdots on input line 467.
\Mathstrutbox@=\box26
\strutbox@=\box27
\big@size=\dimen105
LaTeX Font Info:    Redeclaring font encoding OML on input line 567.
LaTeX Font Info:    Redeclaring font encoding OMS on input line 568.
\macc@depth=\count92
\c@MaxMatrixCols=\count93
\dotsspace@=\muskip10
\c@parentequation=\count94
\dspbrk@lvl=\count95
\tag@help=\toks15
\row@=\count96
\column@=\count97
\maxfields@=\count98
\andhelp@=\toks16
\eqnshift@=\dimen106
\alignsep@=\dimen107
\tagshift@=\dimen108
\tagwidth@=\dimen109
\totwidth@=\dimen110
\lineht@=\dimen111
\@envbody=\toks17
\multlinegap=\skip44
\multlinetaggap=\skip45
\mathdisplay@stack=\toks18
LaTeX Info: Redefining \[ on input line 2666.
LaTeX Info: Redefining \] on input line 2667.
)
(/usr/share/texmf-texlive/tex/latex/tools/bm.sty
Package: bm 2004/02/26 v1.1c Bold Symbol Support (DPC/FMi)
\symboldoperators=\mathgroup4
\symboldletters=\mathgroup5
\symboldsymbols=\mathgroup6
LaTeX Font Info:    Redeclaring math alphabet \mathbf on input line 138.
LaTeX Info: Redefining \bm on input line 204.
)
(/usr/share/texmf-texlive/tex/latex/geometry/geometry.sty
Package: geometry 2008/12/21 v4.2 Page Geometry

(/usr/share/texmf-texlive/tex/latex/graphics/keyval.sty
Package: keyval 1999/03/16 v1.13 key=value parser (DPC)
\KV@toks@=\toks19
)
(/usr/share/texmf-texlive/tex/generic/oberdiek/ifpdf.sty
Package: ifpdf 2009/04/10 v2.0 Provides the ifpdf switch (HO)
Package ifpdf Info: pdfTeX in pdf mode detected.
)
(/usr/share/texmf-texlive/tex/generic/oberdiek/ifvtex.sty
Package: ifvtex 2008/11/04 v1.4 Switches for detecting VTeX and its modes (HO)
Package ifvtex Info: VTeX not detected.
)
\Gm@cnth=\count99
\Gm@cntv=\count100
\c@Gm@tempcnt=\count101
\Gm@bindingoffset=\dimen112
\Gm@wd@mp=\dimen113
\Gm@odd@mp=\dimen114
\Gm@even@mp=\dimen115
\Gm@dimlist=\toks20
)
(/usr/share/texmf-texlive/tex/latex/ltxmisc/url.sty
\Urlmuskip=\muskip11
Package: url 2006/04/12  ver 3.3  Verb mode for urls, etc.
)
(/usr/share/texmf-texlive/tex/latex/hyperref/hyperref.sty
Package: hyperref 2009/10/09 v6.79a Hypertext links for LaTeX

(/usr/share/texmf-texlive/tex/generic/ifxetex/ifxetex.sty
Package: ifxetex 2009/01/23 v0.5 Provides ifxetex conditional
)
(/usr/share/texmf-texlive/tex/latex/oberdiek/hycolor.sty
Package: hycolor 2009/10/02 v1.5 Code for color options of hyperref/bookmark (H
O)

(/usr/share/texmf-texlive/tex/latex/oberdiek/xcolor-patch.sty
Package: xcolor-patch 2009/10/02 xcolor patch
))
\@linkdim=\dimen116
\Hy@linkcounter=\count102
\Hy@pagecounter=\count103

(/usr/share/texmf-texlive/tex/latex/hyperref/pd1enc.def
File: pd1enc.def 2009/10/09 v6.79a Hyperref: PDFDocEncoding definition (HO)
)
(/usr/share/texmf-texlive/tex/generic/oberdiek/etexcmds.sty
Package: etexcmds 2007/12/12 v1.2 Prefix for e-TeX command names (HO)

(/usr/share/texmf-texlive/tex/generic/oberdiek/infwarerr.sty
Package: infwarerr 2007/09/09 v1.2 Providing info/warning/message (HO)
)
Package etexcmds Info: Could not find \expanded.
(etexcmds)             That can mean that you are not using pdfTeX 1.50 or
(etexcmds)             that some package has redefined \expanded.
(etexcmds)             In the latter case, load this package earlier.
)
(/usr/share/texmf-texlive/tex/latex/latexconfig/hyperref.cfg
File: hyperref.cfg 2002/06/06 v1.2 hyperref configuration of TeXLive
)
(/usr/share/texmf-texlive/tex/latex/oberdiek/kvoptions.sty
Package: kvoptions 2009/08/13 v3.4 Keyval support for LaTeX options (HO)

(/usr/share/texmf-texlive/tex/generic/oberdiek/kvsetkeys.sty
Package: kvsetkeys 2009/07/30 v1.5 Key value parser with default handler suppor
t (HO)
))
Package hyperref Info: Hyper figures OFF on input line 2975.
Package hyperref Info: Link nesting OFF on input line 2980.
Package hyperref Info: Hyper index ON on input line 2983.
Package hyperref Info: Plain pages OFF on input line 2990.
Package hyperref Info: Backreferencing OFF on input line 2995.

Implicit mode ON; LaTeX internals redefined
Package hyperref Info: Bookmarks ON on input line 3191.
LaTeX Info: Redefining \url on input line 3428.
(/usr/share/texmf-texlive/tex/generic/oberdiek/bitset.sty
Package: bitset 2007/09/28 v1.0 Data type bit set (HO)

(/usr/share/texmf-texlive/tex/generic/oberdiek/intcalc.sty
Package: intcalc 2007/09/27 v1.1 Expandable integer calculations (HO)
)
(/usr/share/texmf-texlive/tex/generic/oberdiek/bigintcalc.sty
Package: bigintcalc 2007/11/11 v1.1 Expandable big integer calculations (HO)

(/usr/share/texmf-texlive/tex/generic/oberdiek/pdftexcmds.sty
Package: pdftexcmds 2009/09/23 v0.6 LuaTeX support for pdfTeX utility functions
 (HO)

(/usr/share/texmf-texlive/tex/generic/oberdiek/ifluatex.sty
Package: ifluatex 2009/04/17 v1.2 Provides the ifluatex switch (HO)
Package ifluatex Info: LuaTeX not detected.
)
(/usr/share/texmf-texlive/tex/generic/oberdiek/ltxcmds.sty
Package: ltxcmds 2009/08/05 v1.0 Some LaTeX kernel commands for general use (HO
)
)
Package pdftexcmds Info: LuaTeX not detected.
Package pdftexcmds Info: \pdf@primitive is available.
Package pdftexcmds Info: \pdf@ifprimitive is available.
)))
\Fld@menulength=\count104
\Field@Width=\dimen117
\Fld@charsize=\dimen118
\Field@toks=\toks21
Package hyperref Info: Hyper figures OFF on input line 4377.
Package hyperref Info: Link nesting OFF on input line 4382.
Package hyperref Info: Hyper index ON on input line 4385.
Package hyperref Info: backreferencing OFF on input line 4392.
Package hyperref Info: Link coloring OFF on input line 4397.
Package hyperref Info: Link coloring with OCG OFF on input line 4402.
Package hyperref Info: PDF/A mode OFF on input line 4407.

(/usr/share/texmf-texlive/tex/generic/oberdiek/atbegshi.sty
Package: atbegshi 2008/07/31 v1.9 At begin shipout hook (HO)
)
\Hy@abspage=\count105
\c@Item=\count106
\c@Hfootnote=\count107
)
*hyperref using default driver hpdftex*
(/usr/share/texmf-texlive/tex/latex/hyperref/hpdftex.def
File: hpdftex.def 2009/10/09 v6.79a Hyperref driver for pdfTeX
\Fld@listcount=\count108
)
(/usr/share/texmf-texlive/tex/latex/natbib/natbib.sty
Package: natbib 2009/07/16 8.31 (PWD, AO)
\bibhang=\skip46
\bibsep=\skip47
LaTeX Info: Redefining \cite on input line 694.
\c@NAT@ctr=\count109
)
(/usr/share/texmf-texlive/tex/latex/graphics/graphicx.sty
Package: graphicx 1999/02/16 v1.0f Enhanced LaTeX Graphics (DPC,SPQR)

(/usr/share/texmf-texlive/tex/latex/graphics/graphics.sty
Package: graphics 2009/02/05 v1.0o Standard LaTeX Graphics (DPC,SPQR)

(/usr/share/texmf-texlive/tex/latex/graphics/trig.sty
Package: trig 1999/03/16 v1.09 sin cos tan (DPC)
)
(/etc/texmf/tex/latex/config/graphics.cfg
File: graphics.cfg 2009/08/28 v1.8 graphics configuration of TeX Live
)
Package graphics Info: Driver file: pdftex.def on input line 91.

(/usr/share/texmf-texlive/tex/latex/pdftex-def/pdftex.def
File: pdftex.def 2010/03/12 v0.04p Graphics/color for pdfTeX
\Gread@gobject=\count110
))
\Gin@req@height=\dimen119
\Gin@req@width=\dimen120
)
(/usr/share/texmf-texlive/tex/latex/base/fontenc.sty
Package: fontenc 2005/09/27 v1.99g Standard LaTeX package

(/usr/share/texmf-texlive/tex/latex/base/t1enc.def
File: t1enc.def 2005/09/27 v1.99g Standard LaTeX file
LaTeX Font Info:    Redeclaring font encoding T1 on input line 43.
))
(/usr/share/texmf-texlive/tex/latex/psnfss/mathpazo.sty
Package: mathpazo 2005/04/12 PSNFSS-v9.2a Palatino w/ Pazo Math (D.Puga, WaS) 
\symupright=\mathgroup7
)
(/usr/share/texmf-texlive/tex/latex/ltxmisc/threeparttable.sty
Package: threeparttable 2003/06/13  v 3.0
\@tempboxb=\box28
)
(/usr/share/texmf-texlive/tex/latex/booktabs/booktabs.sty
Package: booktabs 2005/04/14 v1.61803 publication quality tables
\heavyrulewidth=\dimen121
\lightrulewidth=\dimen122
\cmidrulewidth=\dimen123
\belowrulesep=\dimen124
\belowbottomsep=\dimen125
\aboverulesep=\dimen126
\abovetopsep=\dimen127
\cmidrulesep=\dimen128
\cmidrulekern=\dimen129
\defaultaddspace=\dimen130
\@cmidla=\count111
\@cmidlb=\count112
\@aboverulesep=\dimen131
\@belowrulesep=\dimen132
\@thisruleclass=\count113
\@lastruleclass=\count114
\@thisrulewidth=\dimen133
)
(/home/adawson/Documents/school/NADEF/analysisNEW/paper/oakReconPaperOld.aux)
\openout1 = `oakReconPaperOld.aux'.

LaTeX Font Info:    Checking defaults for OML/cmm/m/it on input line 18.
LaTeX Font Info:    ... okay on input line 18.
LaTeX Font Info:    Checking defaults for T1/cmr/m/n on input line 18.
LaTeX Font Info:    ... okay on input line 18.
LaTeX Font Info:    Checking defaults for OT1/cmr/m/n on input line 18.
LaTeX Font Info:    ... okay on input line 18.
LaTeX Font Info:    Checking defaults for OMS/cmsy/m/n on input line 18.
LaTeX Font Info:    ... okay on input line 18.
LaTeX Font Info:    Checking defaults for OMX/cmex/m/n on input line 18.
LaTeX Font Info:    ... okay on input line 18.
LaTeX Font Info:    Checking defaults for U/cmr/m/n on input line 18.
LaTeX Font Info:    ... okay on input line 18.
LaTeX Font Info:    Checking defaults for PD1/pdf/m/n on input line 18.
LaTeX Font Info:    ... okay on input line 18.
LaTeX Font Info:    Try loading font information for T1+pplx on input line 18.

(/usr/share/texmf-texlive/tex/latex/psnfss/t1pplx.fd
File: t1pplx.fd 2004/09/06 font definitions for T1/pplx.
)
*geometry auto-detecting driver*
*geometry detected driver: pdftex*
-------------------- Geometry parameters
paper: class default
landscape: --
twocolumn: --
twoside: --
asymmetric: --
h-parts: 72.26999pt, 469.75502pt, 72.26999pt
v-parts: 72.26999pt, 650.43001pt, 72.26999pt
hmarginratio: --
vmarginratio: --
lines: --
heightrounded: --
bindingoffset: 0.0pt
truedimen: --
includehead: --
includefoot: --
includemp: --
driver: pdftex
-------------------- Page layout dimensions and switches
\paperwidth  614.295pt
\paperheight 794.96999pt
\textwidth  469.75502pt
\textheight 650.43001pt
\oddsidemargin  0.0pt
\evensidemargin 0.0pt
\topmargin  -37.0pt
\headheight 12.0pt
\headsep    25.0pt
\footskip   30.0pt
\marginparwidth 59.0pt
\marginparsep   10.0pt
\columnsep  10.0pt
\skip\footins  10.0pt plus 4.0pt minus 2.0pt
\hoffset 0.0pt
\voffset 0.0pt
\mag 1000

(1in=72.27pt, 1cm=28.45pt)
-----------------------
Package hyperref Info: Link coloring OFF on input line 18.
(/usr/share/texmf-texlive/tex/latex/hyperref/nameref.sty
Package: nameref 2007/05/29 v2.31 Cross-referencing by name of section

(/usr/share/texmf-texlive/tex/latex/oberdiek/refcount.sty
Package: refcount 2008/08/11 v3.1 Data extraction from references (HO)
)
\c@section@level=\count115
)
LaTeX Info: Redefining \ref on input line 18.
LaTeX Info: Redefining \pageref on input line 18.

(/home/adawson/Documents/school/NADEF/analysisNEW/paper/oakReconPaperOld.out)
(/home/adawson/Documents/school/NADEF/analysisNEW/paper/oakReconPaperOld.out)
\@outlinefile=\write3
\openout3 = `oakReconPaperOld.out'.

\AtBeginShipoutBox=\box29

(/usr/share/texmf-texlive/tex/context/base/supp-pdf.mkii
[Loading MPS to PDF converter (version 2006.09.02).]
\scratchcounter=\count116
\scratchdimen=\dimen134
\scratchbox=\box30
\nofMPsegments=\count117
\nofMParguments=\count118
\everyMPshowfont=\toks22
\MPscratchCnt=\count119
\MPscratchDim=\dimen135
\MPnumerator=\count120
\everyMPtoPDFconversion=\toks23
)
LaTeX Font Info:    Try loading font information for OT1+pplx on input line 27.

 (/usr/share/texmf-texlive/tex/latex/psnfss/ot1pplx.fd
File: ot1pplx.fd 2004/09/06 font definitions for OT1/pplx.
)
LaTeX Font Info:    Try loading font information for OML+zplm on input line 27.


(/usr/share/texmf-texlive/tex/latex/psnfss/omlzplm.fd
File: omlzplm.fd 2002/09/08 Fontinst v1.914 font definitions for OML/zplm.
)
LaTeX Font Info:    Try loading font information for OMS+zplm on input line 27.


(/usr/share/texmf-texlive/tex/latex/psnfss/omszplm.fd
File: omszplm.fd 2002/09/08 Fontinst v1.914 font definitions for OMS/zplm.
)
LaTeX Font Info:    Try loading font information for OMX+zplm on input line 27.


(/usr/share/texmf-texlive/tex/latex/psnfss/omxzplm.fd
File: omxzplm.fd 2002/09/08 Fontinst v1.914 font definitions for OMX/zplm.
)
LaTeX Font Info:    Try loading font information for OT1+zplm on input line 27.


(/usr/share/texmf-texlive/tex/latex/psnfss/ot1zplm.fd
File: ot1zplm.fd 2002/09/08 Fontinst v1.914 font definitions for OT1/zplm.
)
LaTeX Font Info:    Font shape `T1/pplx/bx/n' in size <14.4> not available
(Font)              Font shape `T1/pplx/b/n' tried instead on input line 28.
 [1

{/var/lib/texmf/fonts/map/pdftex/updmap/pdftex.map}]
LaTeX Font Info:    Font shape `T1/pplx/bx/n' in size <12> not available
(Font)              Font shape `T1/pplx/b/n' tried instead on input line 67.
 [2]
LaTeX Font Info:    Font shape `T1/pplx/bx/n' in size <10.95> not available
(Font)              Font shape `T1/pplx/b/n' tried instead on input line 75.


Package natbib Warning: Citation `cook1997calculating' on page 3 undefined on i
nput line 75.


Package natbib Warning: Citation `XXX' on page 3 undefined on input line 75.

LaTeX Font Info:    Try loading font information for T1+cmtt on input line 85.
(/usr/share/texmf-texlive/tex/latex/base/t1cmtt.fd
File: t1cmtt.fd 1999/05/25 v2.5h Standard LaTeX font definitions
) [3] [4] [5] [6] [7]
[8] [9] (/home/adawson/Documents/school/NADEF/analysisNEW/paper/tables.tex
Overfull \hbox (25.71121pt too wide) in paragraph at lines 4--15
 [] 
 []

) [10] [11] [12]
(/home/adawson/Documents/school/NADEF/analysisNEW/paper/figures.tex
<figures/fritts.pdf, id=206, 288.49783pt x 289.08pt>
File: figures/fritts.pdf Graphic file (type pdf)
 <use figures/fritts.pdf>

pdfTeX warning: pdflatex (file /home/adawson/Documents/school/NADEF/analysisNEW
/paper/figures/NewClimateNADEF.pdf): PDF inclusion: found PDF version <1.6>, bu
t at most version <1.4> allowed
<figures/NewClimateNADEF.pdf, id=208, 614.295pt x 794.97pt>
File: figures/NewClimateNADEF.pdf Graphic file (type pdf)

<use figures/NewClimateNADEF.pdf>
<figures/stacked_chrons.pdf, id=209, 578.16pt x 433.62pt>
File: figures/stacked_chrons.pdf Graphic file (type pdf)

<use figures/stacked_chrons.pdf>
<figures/scoresPlot.pdf, id=210, 578.16pt x 433.62pt>
File: figures/scoresPlot.pdf Graphic file (type pdf)

<use figures/scoresPlot.pdf>
<figures/climCorrPrecip.pdf, id=211, 578.16pt x 433.62pt>
File: figures/climCorrPrecip.pdf Graphic file (type pdf)

<use figures/climCorrPrecip.pdf>
<figures/climCorrTemp.pdf, id=212, 578.16pt x 433.62pt>
File: figures/climCorrTemp.pdf Graphic file (type pdf)

<use figures/climCorrTemp.pdf>
<figures/climCorrPdsi.pdf, id=213, 578.16pt x 433.62pt>
File: figures/climCorrPdsi.pdf Graphic file (type pdf)

<use figures/climCorrPdsi.pdf>
<figures/corrMapPrecipMJ.pdf, id=214, 614.295pt x 794.97pt>
File: figures/corrMapPrecipMJ.pdf Graphic file (type pdf)

<use figures/corrMapPrecipMJ.pdf>
<figures/corrMapPdsiJJ.pdf, id=215, 614.295pt x 794.97pt>
File: figures/corrMapPdsiJJ.pdf Graphic file (type pdf)

<use figures/corrMapPdsiJJ.pdf>
<figures/corrMapTempSept.pdf, id=216, 614.295pt x 794.97pt>
File: figures/corrMapTempSept.pdf Graphic file (type pdf)

<use figures/corrMapTempSept.pdf>
<figures/precipRunningCorr.pdf, id=217, 578.16pt x 433.62pt>
File: figures/precipRunningCorr.pdf Graphic file (type pdf)

<use figures/precipRunningCorr.pdf>
<figures/reconPrecip.pdf, id=218, 578.16pt x 433.62pt>
File: figures/reconPrecip.pdf Graphic file (type pdf)

<use figures/reconPrecip.pdf>
<figures/spectralRecon.pdf, id=219, 578.16pt x 433.62pt>
File: figures/spectralRecon.pdf Graphic file (type pdf)

<use figures/spectralRecon.pdf>
<figures/reconCompare.pdf, id=220, 578.16pt x 433.62pt>
File: figures/reconCompare.pdf Graphic file (type pdf)

<use figures/reconCompare.pdf>
<figures/reconRunningCorr.pdf, id=221, 578.16pt x 433.62pt>
File: figures/reconRunningCorr.pdf Graphic file (type pdf)

<use figures/reconRunningCorr.pdf>
<figures/cookPdsiRunningCorr.pdf, id=222, 578.16pt x 433.62pt>
File: figures/cookPdsiRunningCorr.pdf Graphic file (type pdf)

<use figures/cookPdsiRunningCorr.pdf>) [13 </home/adawson/Documents/school/NADE
F/analysisNEW/paper/figures/fritts.pdf>] [14 </home/adawson/Documents/school/NA
DEF/analysisNEW/paper/figures/NewClimateNADEF.pdf>] [15 </home/adawson/Document
s/school/NADEF/analysisNEW/paper/figures/stacked_chrons.pdf>] [16 </home/adawso
n/Documents/school/NADEF/analysisNEW/paper/figures/scoresPlot.pdf>] [17 </home/
adawson/Documents/school/NADEF/analysisNEW/paper/figures/climCorrPrecip.pdf>]
[18 </home/adawson/Documents/school/NADEF/analysisNEW/paper/figures/climCorrTem
p.pdf>] [19 </home/adawson/Documents/school/NADEF/analysisNEW/paper/figures/cli
mCorrPdsi.pdf>] [20 </home/adawson/Documents/school/NADEF/analysisNEW/paper/fig
ures/corrMapPrecipMJ.pdf>] [21 </home/adawson/Documents/school/NADEF/analysisNE
W/paper/figures/corrMapPdsiJJ.pdf>] [22 </home/adawson/Documents/school/NADEF/a
nalysisNEW/paper/figures/corrMapTempSept.pdf>] [23 </home/adawson/Documents/sch
ool/NADEF/analysisNEW/paper/figures/precipRunningCorr.pdf>] [24 </home/adawson/
Documents/school/NADEF/analysisNEW/paper/figures/reconPrecip.pdf>] [25 </home/a
dawson/Documents/school/NADEF/analysisNEW/paper/figures/spectralRecon.pdf>]
[26 </home/adawson/Documents/school/NADEF/analysisNEW/paper/figures/reconCompar
e.pdf>] [27 </home/adawson/Documents/school/NADEF/analysisNEW/paper/figures/rec
onRunningCorr.pdf>] [28 </home/adawson/Documents/school/NADEF/analysisNEW/paper
/figures/cookPdsiRunningCorr.pdf>]
(/home/adawson/Documents/school/NADEF/analysisNEW/paper/oakReconPaperOld.bbl
[29



] [30]) [31]

Package natbib Warning: There were undefined citations.

(/home/adawson/Documents/school/NADEF/analysisNEW/paper/oakReconPaperOld.aux) )
 
Here is how much of TeX's memory you used:
 6315 strings out of 495061
 90653 string characters out of 1182621
 168793 words of memory out of 3000000
 9230 multiletter control sequences out of 15000+50000
 50381 words of font info for 106 fonts, out of 3000000 for 9000
 28 hyphenation exceptions out of 8191
 39i,14n,36p,2728b,456s stack positions out of 5000i,500n,10000p,200000b,50000s
 </home/adawson/.texmf-var/fonts/pk/ljfour/jknappen/ec/ectt1095.600pk>{/usr/sha
re/texmf-texlive/fonts/enc/dvips/base/8r.enc}</usr/share/texmf-texlive/fonts/ty
pe1/public/amsfonts/cm/cmmi10.pfb></usr/share/texmf-texlive/fonts/type1/public/
amsfonts/cm/cmr10.pfb></usr/share/texmf-texlive/fonts/type1/public/amsfonts/cm/
cmsy10.pfb></usr/share/texmf-texlive/fonts/type1/public/mathpazo/fplmr.pfb></us
r/share/texmf-texlive/fonts/type1/public/mathpazo/fplmri.pfb></usr/share/texmf-
texlive/fonts/type1/urw/palatino/uplb8a.pfb></usr/share/texmf-texlive/fonts/typ
e1/urw/palatino/uplr8a.pfb></usr/share/texmf-texlive/fonts/type1/urw/palatino/u
plri8a.pfb>
Output written on oakReconPaperOld.pdf (31 pages, 2483375 bytes).
PDF statistics:
 864 PDF objects out of 1000 (max. 8388607)
 99 named destinations out of 1000 (max. 500000)
 153 words of extra memory for PDF output out of 10000 (max. 10000000)

